[2025-06-22 12:24:01] local.INFO: Detected N+1 Query  
[2025-06-22 12:24:02] local.INFO: Model: App\Models\Neighborhood
Relation: App\Models\County
Num-Called: 2
Call-Stack:
#18 \storage\framework\views\40802ae3bb012cd5b6ec0d92996ff9a5.php:13
#20 \vendor\laravel\framework\src\Illuminate\Filesystem\Filesystem.php:124
#21 \vendor\laravel\framework\src\Illuminate\View\Engines\PhpEngine.php:58
#22 \vendor\laravel\framework\src\Illuminate\View\Engines\CompilerEngine.php:72
#23 \vendor\laravel\framework\src\Illuminate\View\View.php:207
#24 \vendor\laravel\framework\src\Illuminate\View\View.php:190
#25 \vendor\laravel\framework\src\Illuminate\View\View.php:159
#26 \storage\framework\views\28fbe8bb14b6b46a285631a55aedf772.php:63
#28 \vendor\laravel\framework\src\Illuminate\Filesystem\Filesystem.php:124
#29 \vendor\laravel\framework\src\Illuminate\View\Engines\PhpEngine.php:58
#30 \vendor\laravel\framework\src\Illuminate\View\Engines\CompilerEngine.php:72
#31 \vendor\laravel\framework\src\Illuminate\View\View.php:207
#32 \vendor\laravel\framework\src\Illuminate\View\View.php:190
#33 \vendor\laravel\framework\src\Illuminate\View\View.php:159
#34 \storage\framework\views\3f3b6b54028bfd531465e7f527528cf8.php:79
#36 \vendor\laravel\framework\src\Illuminate\Filesystem\Filesystem.php:124
#37 \vendor\laravel\framework\src\Illuminate\View\Engines\PhpEngine.php:58
#38 \vendor\laravel\framework\src\Illuminate\View\Engines\CompilerEngine.php:72
#39 \vendor\laravel\framework\src\Illuminate\View\View.php:207
#40 \vendor\laravel\framework\src\Illuminate\View\View.php:190
#41 \vendor\laravel\framework\src\Illuminate\View\View.php:159
#42 \vendor\laravel\framework\src\Illuminate\Http\Response.php:69
#43 \vendor\laravel\framework\src\Illuminate\Http\Response.php:35
#44 \vendor\laravel\framework\src\Illuminate\Routing\Router.php:918
#45 \vendor\laravel\framework\src\Illuminate\Routing\Router.php:885
#46 \vendor\laravel\framework\src\Illuminate\Routing\Router.php:805
#47 \vendor\laravel\framework\src\Illuminate\Pipeline\Pipeline.php:144
#48 \vendor\barryvdh\laravel-debugbar\src\Middleware\InjectDebugbar.php:66
#49 \vendor\laravel\framework\src\Illuminate\Pipeline\Pipeline.php:183
  
[2025-06-22 12:30:35] local.INFO: Detected N+1 Query  
[2025-06-22 12:30:35] local.INFO: Model: App\Models\Neighborhood
Relation: App\Models\County
Num-Called: 2
Call-Stack:
#18 \storage\framework\views\40802ae3bb012cd5b6ec0d92996ff9a5.php:13
#20 \vendor\laravel\framework\src\Illuminate\Filesystem\Filesystem.php:124
#21 \vendor\laravel\framework\src\Illuminate\View\Engines\PhpEngine.php:58
#22 \vendor\laravel\framework\src\Illuminate\View\Engines\CompilerEngine.php:72
#23 \vendor\laravel\framework\src\Illuminate\View\View.php:207
#24 \vendor\laravel\framework\src\Illuminate\View\View.php:190
#25 \vendor\laravel\framework\src\Illuminate\View\View.php:159
#26 \storage\framework\views\28fbe8bb14b6b46a285631a55aedf772.php:63
#28 \vendor\laravel\framework\src\Illuminate\Filesystem\Filesystem.php:124
#29 \vendor\laravel\framework\src\Illuminate\View\Engines\PhpEngine.php:58
#30 \vendor\laravel\framework\src\Illuminate\View\Engines\CompilerEngine.php:72
#31 \vendor\laravel\framework\src\Illuminate\View\View.php:207
#32 \vendor\laravel\framework\src\Illuminate\View\View.php:190
#33 \vendor\laravel\framework\src\Illuminate\View\View.php:159
#34 \storage\framework\views\3f3b6b54028bfd531465e7f527528cf8.php:79
#36 \vendor\laravel\framework\src\Illuminate\Filesystem\Filesystem.php:124
#37 \vendor\laravel\framework\src\Illuminate\View\Engines\PhpEngine.php:58
#38 \vendor\laravel\framework\src\Illuminate\View\Engines\CompilerEngine.php:72
#39 \vendor\laravel\framework\src\Illuminate\View\View.php:207
#40 \vendor\laravel\framework\src\Illuminate\View\View.php:190
#41 \vendor\laravel\framework\src\Illuminate\View\View.php:159
#42 \vendor\laravel\framework\src\Illuminate\Http\Response.php:69
#43 \vendor\laravel\framework\src\Illuminate\Http\Response.php:35
#44 \vendor\laravel\framework\src\Illuminate\Routing\Router.php:918
#45 \vendor\laravel\framework\src\Illuminate\Routing\Router.php:885
#46 \vendor\laravel\framework\src\Illuminate\Routing\Router.php:805
#47 \vendor\laravel\framework\src\Illuminate\Pipeline\Pipeline.php:144
#48 \vendor\barryvdh\laravel-debugbar\src\Middleware\InjectDebugbar.php:66
#49 \vendor\laravel\framework\src\Illuminate\Pipeline\Pipeline.php:183
  
[2025-06-22 13:05:44] local.INFO: Detected N+1 Query  
[2025-06-22 13:05:44] local.INFO: Model: App\Models\ListingUnit
Relation: App\Models\Building
Num-Called: 2
Call-Stack:
#19 \app\Models\Wishlist.php:17
#20 \storage\framework\views\d7bd71f5c4a227b159ece3f2a5e986ca.php:207
#22 \vendor\laravel\framework\src\Illuminate\Filesystem\Filesystem.php:124
#23 \vendor\laravel\framework\src\Illuminate\View\Engines\PhpEngine.php:58
#24 \vendor\laravel\framework\src\Illuminate\View\Engines\CompilerEngine.php:72
#25 \vendor\laravel\framework\src\Illuminate\View\View.php:207
#26 \vendor\laravel\framework\src\Illuminate\View\View.php:190
#27 \vendor\laravel\framework\src\Illuminate\View\View.php:159
#28 \storage\framework\views\28fbe8bb14b6b46a285631a55aedf772.php:59
#30 \vendor\laravel\framework\src\Illuminate\Filesystem\Filesystem.php:124
#31 \vendor\laravel\framework\src\Illuminate\View\Engines\PhpEngine.php:58
#32 \vendor\laravel\framework\src\Illuminate\View\Engines\CompilerEngine.php:72
#33 \vendor\laravel\framework\src\Illuminate\View\View.php:207
#34 \vendor\laravel\framework\src\Illuminate\View\View.php:190
#35 \vendor\laravel\framework\src\Illuminate\View\View.php:159
#36 \storage\framework\views\3f3b6b54028bfd531465e7f527528cf8.php:79
#38 \vendor\laravel\framework\src\Illuminate\Filesystem\Filesystem.php:124
#39 \vendor\laravel\framework\src\Illuminate\View\Engines\PhpEngine.php:58
#40 \vendor\laravel\framework\src\Illuminate\View\Engines\CompilerEngine.php:72
#41 \vendor\laravel\framework\src\Illuminate\View\View.php:207
#42 \vendor\laravel\framework\src\Illuminate\View\View.php:190
#43 \vendor\laravel\framework\src\Illuminate\View\View.php:159
#44 \vendor\laravel\framework\src\Illuminate\Http\Response.php:69
#45 \vendor\laravel\framework\src\Illuminate\Http\Response.php:35
#46 \vendor\laravel\framework\src\Illuminate\Routing\Router.php:918
#47 \vendor\laravel\framework\src\Illuminate\Routing\Router.php:885
#48 \vendor\laravel\framework\src\Illuminate\Routing\Router.php:805
#49 \vendor\laravel\framework\src\Illuminate\Pipeline\Pipeline.php:144
  
[2025-06-22 13:05:44] local.INFO: Model: App\Models\Building
Relation: App\Models\Neighborhood
Num-Called: 2
Call-Stack:
#24 \app\Models\Wishlist.php:17
#25 \storage\framework\views\d7bd71f5c4a227b159ece3f2a5e986ca.php:207
#27 \vendor\laravel\framework\src\Illuminate\Filesystem\Filesystem.php:124
#28 \vendor\laravel\framework\src\Illuminate\View\Engines\PhpEngine.php:58
#29 \vendor\laravel\framework\src\Illuminate\View\Engines\CompilerEngine.php:72
#30 \vendor\laravel\framework\src\Illuminate\View\View.php:207
#31 \vendor\laravel\framework\src\Illuminate\View\View.php:190
#32 \vendor\laravel\framework\src\Illuminate\View\View.php:159
#33 \storage\framework\views\28fbe8bb14b6b46a285631a55aedf772.php:59
#35 \vendor\laravel\framework\src\Illuminate\Filesystem\Filesystem.php:124
#36 \vendor\laravel\framework\src\Illuminate\View\Engines\PhpEngine.php:58
#37 \vendor\laravel\framework\src\Illuminate\View\Engines\CompilerEngine.php:72
#38 \vendor\laravel\framework\src\Illuminate\View\View.php:207
#39 \vendor\laravel\framework\src\Illuminate\View\View.php:190
#40 \vendor\laravel\framework\src\Illuminate\View\View.php:159
#41 \storage\framework\views\3f3b6b54028bfd531465e7f527528cf8.php:79
#43 \vendor\laravel\framework\src\Illuminate\Filesystem\Filesystem.php:124
#44 \vendor\laravel\framework\src\Illuminate\View\Engines\PhpEngine.php:58
#45 \vendor\laravel\framework\src\Illuminate\View\Engines\CompilerEngine.php:72
#46 \vendor\laravel\framework\src\Illuminate\View\View.php:207
#47 \vendor\laravel\framework\src\Illuminate\View\View.php:190
#48 \vendor\laravel\framework\src\Illuminate\View\View.php:159
#49 \vendor\laravel\framework\src\Illuminate\Http\Response.php:69
  
[2025-06-22 13:05:44] local.INFO: Model: App\Models\Neighborhood
Relation: App\Models\County
Num-Called: 2
Call-Stack:
#29 \app\Models\Wishlist.php:17
#30 \storage\framework\views\d7bd71f5c4a227b159ece3f2a5e986ca.php:207
#32 \vendor\laravel\framework\src\Illuminate\Filesystem\Filesystem.php:124
#33 \vendor\laravel\framework\src\Illuminate\View\Engines\PhpEngine.php:58
#34 \vendor\laravel\framework\src\Illuminate\View\Engines\CompilerEngine.php:72
#35 \vendor\laravel\framework\src\Illuminate\View\View.php:207
#36 \vendor\laravel\framework\src\Illuminate\View\View.php:190
#37 \vendor\laravel\framework\src\Illuminate\View\View.php:159
#38 \storage\framework\views\28fbe8bb14b6b46a285631a55aedf772.php:59
#40 \vendor\laravel\framework\src\Illuminate\Filesystem\Filesystem.php:124
#41 \vendor\laravel\framework\src\Illuminate\View\Engines\PhpEngine.php:58
#42 \vendor\laravel\framework\src\Illuminate\View\Engines\CompilerEngine.php:72
#43 \vendor\laravel\framework\src\Illuminate\View\View.php:207
#44 \vendor\laravel\framework\src\Illuminate\View\View.php:190
#45 \vendor\laravel\framework\src\Illuminate\View\View.php:159
#46 \storage\framework\views\3f3b6b54028bfd531465e7f527528cf8.php:79
#48 \vendor\laravel\framework\src\Illuminate\Filesystem\Filesystem.php:124
#49 \vendor\laravel\framework\src\Illuminate\View\Engines\PhpEngine.php:58
  
[2025-06-22 13:05:47] local.INFO: Detected N+1 Query  
[2025-06-22 13:05:47] local.INFO: Model: App\Models\ListingUnit
Relation: App\Models\Building
Num-Called: 2
Call-Stack:
#19 \app\Models\Wishlist.php:17
#20 \storage\framework\views\d7bd71f5c4a227b159ece3f2a5e986ca.php:207
#22 \vendor\laravel\framework\src\Illuminate\Filesystem\Filesystem.php:124
#23 \vendor\laravel\framework\src\Illuminate\View\Engines\PhpEngine.php:58
#24 \vendor\laravel\framework\src\Illuminate\View\Engines\CompilerEngine.php:72
#25 \vendor\laravel\framework\src\Illuminate\View\View.php:207
#26 \vendor\laravel\framework\src\Illuminate\View\View.php:190
#27 \vendor\laravel\framework\src\Illuminate\View\View.php:159
#28 \storage\framework\views\28fbe8bb14b6b46a285631a55aedf772.php:59
#30 \vendor\laravel\framework\src\Illuminate\Filesystem\Filesystem.php:124
#31 \vendor\laravel\framework\src\Illuminate\View\Engines\PhpEngine.php:58
#32 \vendor\laravel\framework\src\Illuminate\View\Engines\CompilerEngine.php:72
#33 \vendor\laravel\framework\src\Illuminate\View\View.php:207
#34 \vendor\laravel\framework\src\Illuminate\View\View.php:190
#35 \vendor\laravel\framework\src\Illuminate\View\View.php:159
#36 \storage\framework\views\3f3b6b54028bfd531465e7f527528cf8.php:79
#38 \vendor\laravel\framework\src\Illuminate\Filesystem\Filesystem.php:124
#39 \vendor\laravel\framework\src\Illuminate\View\Engines\PhpEngine.php:58
#40 \vendor\laravel\framework\src\Illuminate\View\Engines\CompilerEngine.php:72
#41 \vendor\laravel\framework\src\Illuminate\View\View.php:207
#42 \vendor\laravel\framework\src\Illuminate\View\View.php:190
#43 \vendor\laravel\framework\src\Illuminate\View\View.php:159
#44 \vendor\laravel\framework\src\Illuminate\Http\Response.php:69
#45 \vendor\laravel\framework\src\Illuminate\Http\Response.php:35
#46 \vendor\laravel\framework\src\Illuminate\Routing\Router.php:918
#47 \vendor\laravel\framework\src\Illuminate\Routing\Router.php:885
#48 \vendor\laravel\framework\src\Illuminate\Routing\Router.php:805
#49 \vendor\laravel\framework\src\Illuminate\Pipeline\Pipeline.php:144
  
[2025-06-22 13:05:47] local.INFO: Model: App\Models\Building
Relation: App\Models\Neighborhood
Num-Called: 2
Call-Stack:
#24 \app\Models\Wishlist.php:17
#25 \storage\framework\views\d7bd71f5c4a227b159ece3f2a5e986ca.php:207
#27 \vendor\laravel\framework\src\Illuminate\Filesystem\Filesystem.php:124
#28 \vendor\laravel\framework\src\Illuminate\View\Engines\PhpEngine.php:58
#29 \vendor\laravel\framework\src\Illuminate\View\Engines\CompilerEngine.php:72
#30 \vendor\laravel\framework\src\Illuminate\View\View.php:207
#31 \vendor\laravel\framework\src\Illuminate\View\View.php:190
#32 \vendor\laravel\framework\src\Illuminate\View\View.php:159
#33 \storage\framework\views\28fbe8bb14b6b46a285631a55aedf772.php:59
#35 \vendor\laravel\framework\src\Illuminate\Filesystem\Filesystem.php:124
#36 \vendor\laravel\framework\src\Illuminate\View\Engines\PhpEngine.php:58
#37 \vendor\laravel\framework\src\Illuminate\View\Engines\CompilerEngine.php:72
#38 \vendor\laravel\framework\src\Illuminate\View\View.php:207
#39 \vendor\laravel\framework\src\Illuminate\View\View.php:190
#40 \vendor\laravel\framework\src\Illuminate\View\View.php:159
#41 \storage\framework\views\3f3b6b54028bfd531465e7f527528cf8.php:79
#43 \vendor\laravel\framework\src\Illuminate\Filesystem\Filesystem.php:124
#44 \vendor\laravel\framework\src\Illuminate\View\Engines\PhpEngine.php:58
#45 \vendor\laravel\framework\src\Illuminate\View\Engines\CompilerEngine.php:72
#46 \vendor\laravel\framework\src\Illuminate\View\View.php:207
#47 \vendor\laravel\framework\src\Illuminate\View\View.php:190
#48 \vendor\laravel\framework\src\Illuminate\View\View.php:159
#49 \vendor\laravel\framework\src\Illuminate\Http\Response.php:69
  
[2025-06-22 13:05:47] local.INFO: Model: App\Models\Neighborhood
Relation: App\Models\County
Num-Called: 2
Call-Stack:
#29 \app\Models\Wishlist.php:17
#30 \storage\framework\views\d7bd71f5c4a227b159ece3f2a5e986ca.php:207
#32 \vendor\laravel\framework\src\Illuminate\Filesystem\Filesystem.php:124
#33 \vendor\laravel\framework\src\Illuminate\View\Engines\PhpEngine.php:58
#34 \vendor\laravel\framework\src\Illuminate\View\Engines\CompilerEngine.php:72
#35 \vendor\laravel\framework\src\Illuminate\View\View.php:207
#36 \vendor\laravel\framework\src\Illuminate\View\View.php:190
#37 \vendor\laravel\framework\src\Illuminate\View\View.php:159
#38 \storage\framework\views\28fbe8bb14b6b46a285631a55aedf772.php:59
#40 \vendor\laravel\framework\src\Illuminate\Filesystem\Filesystem.php:124
#41 \vendor\laravel\framework\src\Illuminate\View\Engines\PhpEngine.php:58
#42 \vendor\laravel\framework\src\Illuminate\View\Engines\CompilerEngine.php:72
#43 \vendor\laravel\framework\src\Illuminate\View\View.php:207
#44 \vendor\laravel\framework\src\Illuminate\View\View.php:190
#45 \vendor\laravel\framework\src\Illuminate\View\View.php:159
#46 \storage\framework\views\3f3b6b54028bfd531465e7f527528cf8.php:79
#48 \vendor\laravel\framework\src\Illuminate\Filesystem\Filesystem.php:124
#49 \vendor\laravel\framework\src\Illuminate\View\Engines\PhpEngine.php:58
  
[2025-06-22 13:05:56] local.INFO: Detected N+1 Query  
[2025-06-22 13:05:56] local.INFO: Model: App\Models\ListingUnit
Relation: App\Models\Building
Num-Called: 2
Call-Stack:
#19 \app\Models\Wishlist.php:17
#20 \storage\framework\views\d7bd71f5c4a227b159ece3f2a5e986ca.php:207
#22 \vendor\laravel\framework\src\Illuminate\Filesystem\Filesystem.php:124
#23 \vendor\laravel\framework\src\Illuminate\View\Engines\PhpEngine.php:58
#24 \vendor\laravel\framework\src\Illuminate\View\Engines\CompilerEngine.php:72
#25 \vendor\laravel\framework\src\Illuminate\View\View.php:207
#26 \vendor\laravel\framework\src\Illuminate\View\View.php:190
#27 \vendor\laravel\framework\src\Illuminate\View\View.php:159
#28 \storage\framework\views\28fbe8bb14b6b46a285631a55aedf772.php:59
#30 \vendor\laravel\framework\src\Illuminate\Filesystem\Filesystem.php:124
#31 \vendor\laravel\framework\src\Illuminate\View\Engines\PhpEngine.php:58
#32 \vendor\laravel\framework\src\Illuminate\View\Engines\CompilerEngine.php:72
#33 \vendor\laravel\framework\src\Illuminate\View\View.php:207
#34 \vendor\laravel\framework\src\Illuminate\View\View.php:190
#35 \vendor\laravel\framework\src\Illuminate\View\View.php:159
#36 \storage\framework\views\4fde4457467a8e0875fc60127a2807c3.php:452
#38 \vendor\laravel\framework\src\Illuminate\Filesystem\Filesystem.php:124
#39 \vendor\laravel\framework\src\Illuminate\View\Engines\PhpEngine.php:58
#40 \vendor\laravel\framework\src\Illuminate\View\Engines\CompilerEngine.php:72
#41 \vendor\laravel\framework\src\Illuminate\View\View.php:207
#42 \vendor\laravel\framework\src\Illuminate\View\View.php:190
#43 \vendor\laravel\framework\src\Illuminate\View\View.php:159
#44 \vendor\laravel\framework\src\Illuminate\Http\Response.php:69
#45 \vendor\laravel\framework\src\Illuminate\Http\Response.php:35
#46 \vendor\laravel\framework\src\Illuminate\Routing\Router.php:918
#47 \vendor\laravel\framework\src\Illuminate\Routing\Router.php:885
#48 \vendor\laravel\framework\src\Illuminate\Routing\Router.php:805
#49 \vendor\laravel\framework\src\Illuminate\Pipeline\Pipeline.php:144
  
[2025-06-22 13:05:56] local.INFO: Model: App\Models\Building
Relation: App\Models\Neighborhood
Num-Called: 2
Call-Stack:
#24 \app\Models\Wishlist.php:17
#25 \storage\framework\views\d7bd71f5c4a227b159ece3f2a5e986ca.php:207
#27 \vendor\laravel\framework\src\Illuminate\Filesystem\Filesystem.php:124
#28 \vendor\laravel\framework\src\Illuminate\View\Engines\PhpEngine.php:58
#29 \vendor\laravel\framework\src\Illuminate\View\Engines\CompilerEngine.php:72
#30 \vendor\laravel\framework\src\Illuminate\View\View.php:207
#31 \vendor\laravel\framework\src\Illuminate\View\View.php:190
#32 \vendor\laravel\framework\src\Illuminate\View\View.php:159
#33 \storage\framework\views\28fbe8bb14b6b46a285631a55aedf772.php:59
#35 \vendor\laravel\framework\src\Illuminate\Filesystem\Filesystem.php:124
#36 \vendor\laravel\framework\src\Illuminate\View\Engines\PhpEngine.php:58
#37 \vendor\laravel\framework\src\Illuminate\View\Engines\CompilerEngine.php:72
#38 \vendor\laravel\framework\src\Illuminate\View\View.php:207
#39 \vendor\laravel\framework\src\Illuminate\View\View.php:190
#40 \vendor\laravel\framework\src\Illuminate\View\View.php:159
#41 \storage\framework\views\4fde4457467a8e0875fc60127a2807c3.php:452
#43 \vendor\laravel\framework\src\Illuminate\Filesystem\Filesystem.php:124
#44 \vendor\laravel\framework\src\Illuminate\View\Engines\PhpEngine.php:58
#45 \vendor\laravel\framework\src\Illuminate\View\Engines\CompilerEngine.php:72
#46 \vendor\laravel\framework\src\Illuminate\View\View.php:207
#47 \vendor\laravel\framework\src\Illuminate\View\View.php:190
#48 \vendor\laravel\framework\src\Illuminate\View\View.php:159
#49 \vendor\laravel\framework\src\Illuminate\Http\Response.php:69
  
[2025-06-22 13:05:56] local.INFO: Model: App\Models\Neighborhood
Relation: App\Models\County
Num-Called: 2
Call-Stack:
#29 \app\Models\Wishlist.php:17
#30 \storage\framework\views\d7bd71f5c4a227b159ece3f2a5e986ca.php:207
#32 \vendor\laravel\framework\src\Illuminate\Filesystem\Filesystem.php:124
#33 \vendor\laravel\framework\src\Illuminate\View\Engines\PhpEngine.php:58
#34 \vendor\laravel\framework\src\Illuminate\View\Engines\CompilerEngine.php:72
#35 \vendor\laravel\framework\src\Illuminate\View\View.php:207
#36 \vendor\laravel\framework\src\Illuminate\View\View.php:190
#37 \vendor\laravel\framework\src\Illuminate\View\View.php:159
#38 \storage\framework\views\28fbe8bb14b6b46a285631a55aedf772.php:59
#40 \vendor\laravel\framework\src\Illuminate\Filesystem\Filesystem.php:124
#41 \vendor\laravel\framework\src\Illuminate\View\Engines\PhpEngine.php:58
#42 \vendor\laravel\framework\src\Illuminate\View\Engines\CompilerEngine.php:72
#43 \vendor\laravel\framework\src\Illuminate\View\View.php:207
#44 \vendor\laravel\framework\src\Illuminate\View\View.php:190
#45 \vendor\laravel\framework\src\Illuminate\View\View.php:159
#46 \storage\framework\views\4fde4457467a8e0875fc60127a2807c3.php:452
#48 \vendor\laravel\framework\src\Illuminate\Filesystem\Filesystem.php:124
#49 \vendor\laravel\framework\src\Illuminate\View\Engines\PhpEngine.php:58
  
[2025-06-22 13:06:00] local.INFO: Detected N+1 Query  
[2025-06-22 13:06:00] local.INFO: Model: App\Models\ListingUnit
Relation: App\Models\Building
Num-Called: 2
Call-Stack:
#19 \app\Models\Wishlist.php:17
#20 \storage\framework\views\d7bd71f5c4a227b159ece3f2a5e986ca.php:207
#22 \vendor\laravel\framework\src\Illuminate\Filesystem\Filesystem.php:124
#23 \vendor\laravel\framework\src\Illuminate\View\Engines\PhpEngine.php:58
#24 \vendor\laravel\framework\src\Illuminate\View\Engines\CompilerEngine.php:72
#25 \vendor\laravel\framework\src\Illuminate\View\View.php:207
#26 \vendor\laravel\framework\src\Illuminate\View\View.php:190
#27 \vendor\laravel\framework\src\Illuminate\View\View.php:159
#28 \storage\framework\views\28fbe8bb14b6b46a285631a55aedf772.php:59
#30 \vendor\laravel\framework\src\Illuminate\Filesystem\Filesystem.php:124
#31 \vendor\laravel\framework\src\Illuminate\View\Engines\PhpEngine.php:58
#32 \vendor\laravel\framework\src\Illuminate\View\Engines\CompilerEngine.php:72
#33 \vendor\laravel\framework\src\Illuminate\View\View.php:207
#34 \vendor\laravel\framework\src\Illuminate\View\View.php:190
#35 \vendor\laravel\framework\src\Illuminate\View\View.php:159
#36 \storage\framework\views\4fde4457467a8e0875fc60127a2807c3.php:452
#38 \vendor\laravel\framework\src\Illuminate\Filesystem\Filesystem.php:124
#39 \vendor\laravel\framework\src\Illuminate\View\Engines\PhpEngine.php:58
#40 \vendor\laravel\framework\src\Illuminate\View\Engines\CompilerEngine.php:72
#41 \vendor\laravel\framework\src\Illuminate\View\View.php:207
#42 \vendor\laravel\framework\src\Illuminate\View\View.php:190
#43 \vendor\laravel\framework\src\Illuminate\View\View.php:159
#44 \vendor\laravel\framework\src\Illuminate\Http\Response.php:69
#45 \vendor\laravel\framework\src\Illuminate\Http\Response.php:35
#46 \vendor\laravel\framework\src\Illuminate\Routing\Router.php:918
#47 \vendor\laravel\framework\src\Illuminate\Routing\Router.php:885
#48 \vendor\laravel\framework\src\Illuminate\Routing\Router.php:805
#49 \vendor\laravel\framework\src\Illuminate\Pipeline\Pipeline.php:144
  
[2025-06-22 13:06:00] local.INFO: Model: App\Models\Building
Relation: App\Models\Neighborhood
Num-Called: 2
Call-Stack:
#24 \app\Models\Wishlist.php:17
#25 \storage\framework\views\d7bd71f5c4a227b159ece3f2a5e986ca.php:207
#27 \vendor\laravel\framework\src\Illuminate\Filesystem\Filesystem.php:124
#28 \vendor\laravel\framework\src\Illuminate\View\Engines\PhpEngine.php:58
#29 \vendor\laravel\framework\src\Illuminate\View\Engines\CompilerEngine.php:72
#30 \vendor\laravel\framework\src\Illuminate\View\View.php:207
#31 \vendor\laravel\framework\src\Illuminate\View\View.php:190
#32 \vendor\laravel\framework\src\Illuminate\View\View.php:159
#33 \storage\framework\views\28fbe8bb14b6b46a285631a55aedf772.php:59
#35 \vendor\laravel\framework\src\Illuminate\Filesystem\Filesystem.php:124
#36 \vendor\laravel\framework\src\Illuminate\View\Engines\PhpEngine.php:58
#37 \vendor\laravel\framework\src\Illuminate\View\Engines\CompilerEngine.php:72
#38 \vendor\laravel\framework\src\Illuminate\View\View.php:207
#39 \vendor\laravel\framework\src\Illuminate\View\View.php:190
#40 \vendor\laravel\framework\src\Illuminate\View\View.php:159
#41 \storage\framework\views\4fde4457467a8e0875fc60127a2807c3.php:452
#43 \vendor\laravel\framework\src\Illuminate\Filesystem\Filesystem.php:124
#44 \vendor\laravel\framework\src\Illuminate\View\Engines\PhpEngine.php:58
#45 \vendor\laravel\framework\src\Illuminate\View\Engines\CompilerEngine.php:72
#46 \vendor\laravel\framework\src\Illuminate\View\View.php:207
#47 \vendor\laravel\framework\src\Illuminate\View\View.php:190
#48 \vendor\laravel\framework\src\Illuminate\View\View.php:159
#49 \vendor\laravel\framework\src\Illuminate\Http\Response.php:69
  
[2025-06-22 13:06:00] local.INFO: Model: App\Models\Neighborhood
Relation: App\Models\County
Num-Called: 2
Call-Stack:
#29 \app\Models\Wishlist.php:17
#30 \storage\framework\views\d7bd71f5c4a227b159ece3f2a5e986ca.php:207
#32 \vendor\laravel\framework\src\Illuminate\Filesystem\Filesystem.php:124
#33 \vendor\laravel\framework\src\Illuminate\View\Engines\PhpEngine.php:58
#34 \vendor\laravel\framework\src\Illuminate\View\Engines\CompilerEngine.php:72
#35 \vendor\laravel\framework\src\Illuminate\View\View.php:207
#36 \vendor\laravel\framework\src\Illuminate\View\View.php:190
#37 \vendor\laravel\framework\src\Illuminate\View\View.php:159
#38 \storage\framework\views\28fbe8bb14b6b46a285631a55aedf772.php:59
#40 \vendor\laravel\framework\src\Illuminate\Filesystem\Filesystem.php:124
#41 \vendor\laravel\framework\src\Illuminate\View\Engines\PhpEngine.php:58
#42 \vendor\laravel\framework\src\Illuminate\View\Engines\CompilerEngine.php:72
#43 \vendor\laravel\framework\src\Illuminate\View\View.php:207
#44 \vendor\laravel\framework\src\Illuminate\View\View.php:190
#45 \vendor\laravel\framework\src\Illuminate\View\View.php:159
#46 \storage\framework\views\4fde4457467a8e0875fc60127a2807c3.php:452
#48 \vendor\laravel\framework\src\Illuminate\Filesystem\Filesystem.php:124
#49 \vendor\laravel\framework\src\Illuminate\View\Engines\PhpEngine.php:58
  
[2025-06-22 13:06:24] local.INFO: Detected N+1 Query  
[2025-06-22 13:06:24] local.INFO: Model: App\Models\ListingUnit
Relation: App\Models\Building
Num-Called: 2
Call-Stack:
#19 \app\Models\Wishlist.php:17
#20 \storage\framework\views\d7bd71f5c4a227b159ece3f2a5e986ca.php:207
#22 \vendor\laravel\framework\src\Illuminate\Filesystem\Filesystem.php:124
#23 \vendor\laravel\framework\src\Illuminate\View\Engines\PhpEngine.php:58
#24 \vendor\laravel\framework\src\Illuminate\View\Engines\CompilerEngine.php:72
#25 \vendor\laravel\framework\src\Illuminate\View\View.php:207
#26 \vendor\laravel\framework\src\Illuminate\View\View.php:190
#27 \vendor\laravel\framework\src\Illuminate\View\View.php:159
#28 \storage\framework\views\28fbe8bb14b6b46a285631a55aedf772.php:59
#30 \vendor\laravel\framework\src\Illuminate\Filesystem\Filesystem.php:124
#31 \vendor\laravel\framework\src\Illuminate\View\Engines\PhpEngine.php:58
#32 \vendor\laravel\framework\src\Illuminate\View\Engines\CompilerEngine.php:72
#33 \vendor\laravel\framework\src\Illuminate\View\View.php:207
#34 \vendor\laravel\framework\src\Illuminate\View\View.php:190
#35 \vendor\laravel\framework\src\Illuminate\View\View.php:159
#36 \storage\framework\views\17f3b78bf5b0166a063e3c773a6001e1.php:529
#38 \vendor\laravel\framework\src\Illuminate\Filesystem\Filesystem.php:124
#39 \vendor\laravel\framework\src\Illuminate\View\Engines\PhpEngine.php:58
#40 \vendor\laravel\framework\src\Illuminate\View\Engines\CompilerEngine.php:72
#41 \vendor\laravel\framework\src\Illuminate\View\View.php:207
#42 \vendor\laravel\framework\src\Illuminate\View\View.php:190
#43 \vendor\laravel\framework\src\Illuminate\View\View.php:159
#44 \vendor\laravel\framework\src\Illuminate\Http\Response.php:69
#45 \vendor\laravel\framework\src\Illuminate\Http\Response.php:35
#46 \vendor\laravel\framework\src\Illuminate\Routing\Router.php:918
#47 \vendor\laravel\framework\src\Illuminate\Routing\Router.php:885
#48 \vendor\laravel\framework\src\Illuminate\Routing\Router.php:805
#49 \vendor\laravel\framework\src\Illuminate\Pipeline\Pipeline.php:144
  
[2025-06-22 13:06:24] local.INFO: Model: App\Models\Building
Relation: App\Models\Neighborhood
Num-Called: 2
Call-Stack:
#24 \app\Models\Wishlist.php:17
#25 \storage\framework\views\d7bd71f5c4a227b159ece3f2a5e986ca.php:207
#27 \vendor\laravel\framework\src\Illuminate\Filesystem\Filesystem.php:124
#28 \vendor\laravel\framework\src\Illuminate\View\Engines\PhpEngine.php:58
#29 \vendor\laravel\framework\src\Illuminate\View\Engines\CompilerEngine.php:72
#30 \vendor\laravel\framework\src\Illuminate\View\View.php:207
#31 \vendor\laravel\framework\src\Illuminate\View\View.php:190
#32 \vendor\laravel\framework\src\Illuminate\View\View.php:159
#33 \storage\framework\views\28fbe8bb14b6b46a285631a55aedf772.php:59
#35 \vendor\laravel\framework\src\Illuminate\Filesystem\Filesystem.php:124
#36 \vendor\laravel\framework\src\Illuminate\View\Engines\PhpEngine.php:58
#37 \vendor\laravel\framework\src\Illuminate\View\Engines\CompilerEngine.php:72
#38 \vendor\laravel\framework\src\Illuminate\View\View.php:207
#39 \vendor\laravel\framework\src\Illuminate\View\View.php:190
#40 \vendor\laravel\framework\src\Illuminate\View\View.php:159
#41 \storage\framework\views\17f3b78bf5b0166a063e3c773a6001e1.php:529
#43 \vendor\laravel\framework\src\Illuminate\Filesystem\Filesystem.php:124
#44 \vendor\laravel\framework\src\Illuminate\View\Engines\PhpEngine.php:58
#45 \vendor\laravel\framework\src\Illuminate\View\Engines\CompilerEngine.php:72
#46 \vendor\laravel\framework\src\Illuminate\View\View.php:207
#47 \vendor\laravel\framework\src\Illuminate\View\View.php:190
#48 \vendor\laravel\framework\src\Illuminate\View\View.php:159
#49 \vendor\laravel\framework\src\Illuminate\Http\Response.php:69
  
[2025-06-22 13:06:24] local.INFO: Model: App\Models\Neighborhood
Relation: App\Models\County
Num-Called: 2
Call-Stack:
#29 \app\Models\Wishlist.php:17
#30 \storage\framework\views\d7bd71f5c4a227b159ece3f2a5e986ca.php:207
#32 \vendor\laravel\framework\src\Illuminate\Filesystem\Filesystem.php:124
#33 \vendor\laravel\framework\src\Illuminate\View\Engines\PhpEngine.php:58
#34 \vendor\laravel\framework\src\Illuminate\View\Engines\CompilerEngine.php:72
#35 \vendor\laravel\framework\src\Illuminate\View\View.php:207
#36 \vendor\laravel\framework\src\Illuminate\View\View.php:190
#37 \vendor\laravel\framework\src\Illuminate\View\View.php:159
#38 \storage\framework\views\28fbe8bb14b6b46a285631a55aedf772.php:59
#40 \vendor\laravel\framework\src\Illuminate\Filesystem\Filesystem.php:124
#41 \vendor\laravel\framework\src\Illuminate\View\Engines\PhpEngine.php:58
#42 \vendor\laravel\framework\src\Illuminate\View\Engines\CompilerEngine.php:72
#43 \vendor\laravel\framework\src\Illuminate\View\View.php:207
#44 \vendor\laravel\framework\src\Illuminate\View\View.php:190
#45 \vendor\laravel\framework\src\Illuminate\View\View.php:159
#46 \storage\framework\views\17f3b78bf5b0166a063e3c773a6001e1.php:529
#48 \vendor\laravel\framework\src\Illuminate\Filesystem\Filesystem.php:124
#49 \vendor\laravel\framework\src\Illuminate\View\Engines\PhpEngine.php:58
  
[2025-06-22 13:09:54] local.INFO: Detected N+1 Query  
[2025-06-22 13:09:54] local.INFO: Model: App\Models\ListingUnit
Relation: App\Models\Building
Num-Called: 2
Call-Stack:
#19 \app\Models\Wishlist.php:17
#20 \storage\framework\views\d7bd71f5c4a227b159ece3f2a5e986ca.php:207
#22 \vendor\laravel\framework\src\Illuminate\Filesystem\Filesystem.php:124
#23 \vendor\laravel\framework\src\Illuminate\View\Engines\PhpEngine.php:58
#24 \vendor\laravel\framework\src\Illuminate\View\Engines\CompilerEngine.php:72
#25 \vendor\laravel\framework\src\Illuminate\View\View.php:207
#26 \vendor\laravel\framework\src\Illuminate\View\View.php:190
#27 \vendor\laravel\framework\src\Illuminate\View\View.php:159
#28 \storage\framework\views\28fbe8bb14b6b46a285631a55aedf772.php:59
#30 \vendor\laravel\framework\src\Illuminate\Filesystem\Filesystem.php:124
#31 \vendor\laravel\framework\src\Illuminate\View\Engines\PhpEngine.php:58
#32 \vendor\laravel\framework\src\Illuminate\View\Engines\CompilerEngine.php:72
#33 \vendor\laravel\framework\src\Illuminate\View\View.php:207
#34 \vendor\laravel\framework\src\Illuminate\View\View.php:190
#35 \vendor\laravel\framework\src\Illuminate\View\View.php:159
#36 \storage\framework\views\17f3b78bf5b0166a063e3c773a6001e1.php:529
#38 \vendor\laravel\framework\src\Illuminate\Filesystem\Filesystem.php:124
#39 \vendor\laravel\framework\src\Illuminate\View\Engines\PhpEngine.php:58
#40 \vendor\laravel\framework\src\Illuminate\View\Engines\CompilerEngine.php:72
#41 \vendor\laravel\framework\src\Illuminate\View\View.php:207
#42 \vendor\laravel\framework\src\Illuminate\View\View.php:190
#43 \vendor\laravel\framework\src\Illuminate\View\View.php:159
#44 \vendor\laravel\framework\src\Illuminate\Http\Response.php:69
#45 \vendor\laravel\framework\src\Illuminate\Http\Response.php:35
#46 \vendor\laravel\framework\src\Illuminate\Routing\Router.php:918
#47 \vendor\laravel\framework\src\Illuminate\Routing\Router.php:885
#48 \vendor\laravel\framework\src\Illuminate\Routing\Router.php:805
#49 \vendor\laravel\framework\src\Illuminate\Pipeline\Pipeline.php:144
  
[2025-06-22 13:09:54] local.INFO: Model: App\Models\Building
Relation: App\Models\Neighborhood
Num-Called: 2
Call-Stack:
#24 \app\Models\Wishlist.php:17
#25 \storage\framework\views\d7bd71f5c4a227b159ece3f2a5e986ca.php:207
#27 \vendor\laravel\framework\src\Illuminate\Filesystem\Filesystem.php:124
#28 \vendor\laravel\framework\src\Illuminate\View\Engines\PhpEngine.php:58
#29 \vendor\laravel\framework\src\Illuminate\View\Engines\CompilerEngine.php:72
#30 \vendor\laravel\framework\src\Illuminate\View\View.php:207
#31 \vendor\laravel\framework\src\Illuminate\View\View.php:190
#32 \vendor\laravel\framework\src\Illuminate\View\View.php:159
#33 \storage\framework\views\28fbe8bb14b6b46a285631a55aedf772.php:59
#35 \vendor\laravel\framework\src\Illuminate\Filesystem\Filesystem.php:124
#36 \vendor\laravel\framework\src\Illuminate\View\Engines\PhpEngine.php:58
#37 \vendor\laravel\framework\src\Illuminate\View\Engines\CompilerEngine.php:72
#38 \vendor\laravel\framework\src\Illuminate\View\View.php:207
#39 \vendor\laravel\framework\src\Illuminate\View\View.php:190
#40 \vendor\laravel\framework\src\Illuminate\View\View.php:159
#41 \storage\framework\views\17f3b78bf5b0166a063e3c773a6001e1.php:529
#43 \vendor\laravel\framework\src\Illuminate\Filesystem\Filesystem.php:124
#44 \vendor\laravel\framework\src\Illuminate\View\Engines\PhpEngine.php:58
#45 \vendor\laravel\framework\src\Illuminate\View\Engines\CompilerEngine.php:72
#46 \vendor\laravel\framework\src\Illuminate\View\View.php:207
#47 \vendor\laravel\framework\src\Illuminate\View\View.php:190
#48 \vendor\laravel\framework\src\Illuminate\View\View.php:159
#49 \vendor\laravel\framework\src\Illuminate\Http\Response.php:69
  
[2025-06-22 13:09:54] local.INFO: Model: App\Models\Neighborhood
Relation: App\Models\County
Num-Called: 2
Call-Stack:
#29 \app\Models\Wishlist.php:17
#30 \storage\framework\views\d7bd71f5c4a227b159ece3f2a5e986ca.php:207
#32 \vendor\laravel\framework\src\Illuminate\Filesystem\Filesystem.php:124
#33 \vendor\laravel\framework\src\Illuminate\View\Engines\PhpEngine.php:58
#34 \vendor\laravel\framework\src\Illuminate\View\Engines\CompilerEngine.php:72
#35 \vendor\laravel\framework\src\Illuminate\View\View.php:207
#36 \vendor\laravel\framework\src\Illuminate\View\View.php:190
#37 \vendor\laravel\framework\src\Illuminate\View\View.php:159
#38 \storage\framework\views\28fbe8bb14b6b46a285631a55aedf772.php:59
#40 \vendor\laravel\framework\src\Illuminate\Filesystem\Filesystem.php:124
#41 \vendor\laravel\framework\src\Illuminate\View\Engines\PhpEngine.php:58
#42 \vendor\laravel\framework\src\Illuminate\View\Engines\CompilerEngine.php:72
#43 \vendor\laravel\framework\src\Illuminate\View\View.php:207
#44 \vendor\laravel\framework\src\Illuminate\View\View.php:190
#45 \vendor\laravel\framework\src\Illuminate\View\View.php:159
#46 \storage\framework\views\17f3b78bf5b0166a063e3c773a6001e1.php:529
#48 \vendor\laravel\framework\src\Illuminate\Filesystem\Filesystem.php:124
#49 \vendor\laravel\framework\src\Illuminate\View\Engines\PhpEngine.php:58
  
[2025-06-22 13:10:12] local.INFO: Detected N+1 Query  
[2025-06-22 13:10:12] local.INFO: Model: App\Models\ListingUnit
Relation: App\Models\Building
Num-Called: 2
Call-Stack:
#19 \app\Models\Wishlist.php:17
#20 \storage\framework\views\d7bd71f5c4a227b159ece3f2a5e986ca.php:207
#22 \vendor\laravel\framework\src\Illuminate\Filesystem\Filesystem.php:124
#23 \vendor\laravel\framework\src\Illuminate\View\Engines\PhpEngine.php:58
#24 \vendor\laravel\framework\src\Illuminate\View\Engines\CompilerEngine.php:72
#25 \vendor\laravel\framework\src\Illuminate\View\View.php:207
#26 \vendor\laravel\framework\src\Illuminate\View\View.php:190
#27 \vendor\laravel\framework\src\Illuminate\View\View.php:159
#28 \storage\framework\views\28fbe8bb14b6b46a285631a55aedf772.php:59
#30 \vendor\laravel\framework\src\Illuminate\Filesystem\Filesystem.php:124
#31 \vendor\laravel\framework\src\Illuminate\View\Engines\PhpEngine.php:58
#32 \vendor\laravel\framework\src\Illuminate\View\Engines\CompilerEngine.php:72
#33 \vendor\laravel\framework\src\Illuminate\View\View.php:207
#34 \vendor\laravel\framework\src\Illuminate\View\View.php:190
#35 \vendor\laravel\framework\src\Illuminate\View\View.php:159
#36 \storage\framework\views\17f3b78bf5b0166a063e3c773a6001e1.php:529
#38 \vendor\laravel\framework\src\Illuminate\Filesystem\Filesystem.php:124
#39 \vendor\laravel\framework\src\Illuminate\View\Engines\PhpEngine.php:58
#40 \vendor\laravel\framework\src\Illuminate\View\Engines\CompilerEngine.php:72
#41 \vendor\laravel\framework\src\Illuminate\View\View.php:207
#42 \vendor\laravel\framework\src\Illuminate\View\View.php:190
#43 \vendor\laravel\framework\src\Illuminate\View\View.php:159
#44 \vendor\laravel\framework\src\Illuminate\Http\Response.php:69
#45 \vendor\laravel\framework\src\Illuminate\Http\Response.php:35
#46 \vendor\laravel\framework\src\Illuminate\Routing\Router.php:918
#47 \vendor\laravel\framework\src\Illuminate\Routing\Router.php:885
#48 \vendor\laravel\framework\src\Illuminate\Routing\Router.php:805
#49 \vendor\laravel\framework\src\Illuminate\Pipeline\Pipeline.php:144
  
[2025-06-22 13:10:12] local.INFO: Model: App\Models\Building
Relation: App\Models\Neighborhood
Num-Called: 2
Call-Stack:
#24 \app\Models\Wishlist.php:17
#25 \storage\framework\views\d7bd71f5c4a227b159ece3f2a5e986ca.php:207
#27 \vendor\laravel\framework\src\Illuminate\Filesystem\Filesystem.php:124
#28 \vendor\laravel\framework\src\Illuminate\View\Engines\PhpEngine.php:58
#29 \vendor\laravel\framework\src\Illuminate\View\Engines\CompilerEngine.php:72
#30 \vendor\laravel\framework\src\Illuminate\View\View.php:207
#31 \vendor\laravel\framework\src\Illuminate\View\View.php:190
#32 \vendor\laravel\framework\src\Illuminate\View\View.php:159
#33 \storage\framework\views\28fbe8bb14b6b46a285631a55aedf772.php:59
#35 \vendor\laravel\framework\src\Illuminate\Filesystem\Filesystem.php:124
#36 \vendor\laravel\framework\src\Illuminate\View\Engines\PhpEngine.php:58
#37 \vendor\laravel\framework\src\Illuminate\View\Engines\CompilerEngine.php:72
#38 \vendor\laravel\framework\src\Illuminate\View\View.php:207
#39 \vendor\laravel\framework\src\Illuminate\View\View.php:190
#40 \vendor\laravel\framework\src\Illuminate\View\View.php:159
#41 \storage\framework\views\17f3b78bf5b0166a063e3c773a6001e1.php:529
#43 \vendor\laravel\framework\src\Illuminate\Filesystem\Filesystem.php:124
#44 \vendor\laravel\framework\src\Illuminate\View\Engines\PhpEngine.php:58
#45 \vendor\laravel\framework\src\Illuminate\View\Engines\CompilerEngine.php:72
#46 \vendor\laravel\framework\src\Illuminate\View\View.php:207
#47 \vendor\laravel\framework\src\Illuminate\View\View.php:190
#48 \vendor\laravel\framework\src\Illuminate\View\View.php:159
#49 \vendor\laravel\framework\src\Illuminate\Http\Response.php:69
  
[2025-06-22 13:10:12] local.INFO: Model: App\Models\Neighborhood
Relation: App\Models\County
Num-Called: 2
Call-Stack:
#29 \app\Models\Wishlist.php:17
#30 \storage\framework\views\d7bd71f5c4a227b159ece3f2a5e986ca.php:207
#32 \vendor\laravel\framework\src\Illuminate\Filesystem\Filesystem.php:124
#33 \vendor\laravel\framework\src\Illuminate\View\Engines\PhpEngine.php:58
#34 \vendor\laravel\framework\src\Illuminate\View\Engines\CompilerEngine.php:72
#35 \vendor\laravel\framework\src\Illuminate\View\View.php:207
#36 \vendor\laravel\framework\src\Illuminate\View\View.php:190
#37 \vendor\laravel\framework\src\Illuminate\View\View.php:159
#38 \storage\framework\views\28fbe8bb14b6b46a285631a55aedf772.php:59
#40 \vendor\laravel\framework\src\Illuminate\Filesystem\Filesystem.php:124
#41 \vendor\laravel\framework\src\Illuminate\View\Engines\PhpEngine.php:58
#42 \vendor\laravel\framework\src\Illuminate\View\Engines\CompilerEngine.php:72
#43 \vendor\laravel\framework\src\Illuminate\View\View.php:207
#44 \vendor\laravel\framework\src\Illuminate\View\View.php:190
#45 \vendor\laravel\framework\src\Illuminate\View\View.php:159
#46 \storage\framework\views\17f3b78bf5b0166a063e3c773a6001e1.php:529
#48 \vendor\laravel\framework\src\Illuminate\Filesystem\Filesystem.php:124
#49 \vendor\laravel\framework\src\Illuminate\View\Engines\PhpEngine.php:58
  
[2025-06-22 13:11:01] local.INFO: Detected N+1 Query  
[2025-06-22 13:11:01] local.INFO: Model: App\Models\ListingUnit
Relation: App\Models\Building
Num-Called: 2
Call-Stack:
#19 \app\Models\Wishlist.php:17
#20 \storage\framework\views\d7bd71f5c4a227b159ece3f2a5e986ca.php:207
#22 \vendor\laravel\framework\src\Illuminate\Filesystem\Filesystem.php:124
#23 \vendor\laravel\framework\src\Illuminate\View\Engines\PhpEngine.php:58
#24 \vendor\laravel\framework\src\Illuminate\View\Engines\CompilerEngine.php:72
#25 \vendor\laravel\framework\src\Illuminate\View\View.php:207
#26 \vendor\laravel\framework\src\Illuminate\View\View.php:190
#27 \vendor\laravel\framework\src\Illuminate\View\View.php:159
#28 \storage\framework\views\28fbe8bb14b6b46a285631a55aedf772.php:59
#30 \vendor\laravel\framework\src\Illuminate\Filesystem\Filesystem.php:124
#31 \vendor\laravel\framework\src\Illuminate\View\Engines\PhpEngine.php:58
#32 \vendor\laravel\framework\src\Illuminate\View\Engines\CompilerEngine.php:72
#33 \vendor\laravel\framework\src\Illuminate\View\View.php:207
#34 \vendor\laravel\framework\src\Illuminate\View\View.php:190
#35 \vendor\laravel\framework\src\Illuminate\View\View.php:159
#36 \storage\framework\views\17f3b78bf5b0166a063e3c773a6001e1.php:529
#38 \vendor\laravel\framework\src\Illuminate\Filesystem\Filesystem.php:124
#39 \vendor\laravel\framework\src\Illuminate\View\Engines\PhpEngine.php:58
#40 \vendor\laravel\framework\src\Illuminate\View\Engines\CompilerEngine.php:72
#41 \vendor\laravel\framework\src\Illuminate\View\View.php:207
#42 \vendor\laravel\framework\src\Illuminate\View\View.php:190
#43 \vendor\laravel\framework\src\Illuminate\View\View.php:159
#44 \vendor\laravel\framework\src\Illuminate\Http\Response.php:69
#45 \vendor\laravel\framework\src\Illuminate\Http\Response.php:35
#46 \vendor\laravel\framework\src\Illuminate\Routing\Router.php:918
#47 \vendor\laravel\framework\src\Illuminate\Routing\Router.php:885
#48 \vendor\laravel\framework\src\Illuminate\Routing\Router.php:805
#49 \vendor\laravel\framework\src\Illuminate\Pipeline\Pipeline.php:144
  
[2025-06-22 13:11:01] local.INFO: Model: App\Models\Building
Relation: App\Models\Neighborhood
Num-Called: 2
Call-Stack:
#24 \app\Models\Wishlist.php:17
#25 \storage\framework\views\d7bd71f5c4a227b159ece3f2a5e986ca.php:207
#27 \vendor\laravel\framework\src\Illuminate\Filesystem\Filesystem.php:124
#28 \vendor\laravel\framework\src\Illuminate\View\Engines\PhpEngine.php:58
#29 \vendor\laravel\framework\src\Illuminate\View\Engines\CompilerEngine.php:72
#30 \vendor\laravel\framework\src\Illuminate\View\View.php:207
#31 \vendor\laravel\framework\src\Illuminate\View\View.php:190
#32 \vendor\laravel\framework\src\Illuminate\View\View.php:159
#33 \storage\framework\views\28fbe8bb14b6b46a285631a55aedf772.php:59
#35 \vendor\laravel\framework\src\Illuminate\Filesystem\Filesystem.php:124
#36 \vendor\laravel\framework\src\Illuminate\View\Engines\PhpEngine.php:58
#37 \vendor\laravel\framework\src\Illuminate\View\Engines\CompilerEngine.php:72
#38 \vendor\laravel\framework\src\Illuminate\View\View.php:207
#39 \vendor\laravel\framework\src\Illuminate\View\View.php:190
#40 \vendor\laravel\framework\src\Illuminate\View\View.php:159
#41 \storage\framework\views\17f3b78bf5b0166a063e3c773a6001e1.php:529
#43 \vendor\laravel\framework\src\Illuminate\Filesystem\Filesystem.php:124
#44 \vendor\laravel\framework\src\Illuminate\View\Engines\PhpEngine.php:58
#45 \vendor\laravel\framework\src\Illuminate\View\Engines\CompilerEngine.php:72
#46 \vendor\laravel\framework\src\Illuminate\View\View.php:207
#47 \vendor\laravel\framework\src\Illuminate\View\View.php:190
#48 \vendor\laravel\framework\src\Illuminate\View\View.php:159
#49 \vendor\laravel\framework\src\Illuminate\Http\Response.php:69
  
[2025-06-22 13:11:01] local.INFO: Model: App\Models\Neighborhood
Relation: App\Models\County
Num-Called: 2
Call-Stack:
#29 \app\Models\Wishlist.php:17
#30 \storage\framework\views\d7bd71f5c4a227b159ece3f2a5e986ca.php:207
#32 \vendor\laravel\framework\src\Illuminate\Filesystem\Filesystem.php:124
#33 \vendor\laravel\framework\src\Illuminate\View\Engines\PhpEngine.php:58
#34 \vendor\laravel\framework\src\Illuminate\View\Engines\CompilerEngine.php:72
#35 \vendor\laravel\framework\src\Illuminate\View\View.php:207
#36 \vendor\laravel\framework\src\Illuminate\View\View.php:190
#37 \vendor\laravel\framework\src\Illuminate\View\View.php:159
#38 \storage\framework\views\28fbe8bb14b6b46a285631a55aedf772.php:59
#40 \vendor\laravel\framework\src\Illuminate\Filesystem\Filesystem.php:124
#41 \vendor\laravel\framework\src\Illuminate\View\Engines\PhpEngine.php:58
#42 \vendor\laravel\framework\src\Illuminate\View\Engines\CompilerEngine.php:72
#43 \vendor\laravel\framework\src\Illuminate\View\View.php:207
#44 \vendor\laravel\framework\src\Illuminate\View\View.php:190
#45 \vendor\laravel\framework\src\Illuminate\View\View.php:159
#46 \storage\framework\views\17f3b78bf5b0166a063e3c773a6001e1.php:529
#48 \vendor\laravel\framework\src\Illuminate\Filesystem\Filesystem.php:124
#49 \vendor\laravel\framework\src\Illuminate\View\Engines\PhpEngine.php:58
  
[2025-06-22 13:11:45] local.INFO: Detected N+1 Query  
[2025-06-22 13:11:45] local.INFO: Model: App\Models\ListingUnit
Relation: App\Models\Building
Num-Called: 2
Call-Stack:
#19 \app\Models\Wishlist.php:17
#20 \storage\framework\views\d7bd71f5c4a227b159ece3f2a5e986ca.php:207
#22 \vendor\laravel\framework\src\Illuminate\Filesystem\Filesystem.php:124
#23 \vendor\laravel\framework\src\Illuminate\View\Engines\PhpEngine.php:58
#24 \vendor\laravel\framework\src\Illuminate\View\Engines\CompilerEngine.php:72
#25 \vendor\laravel\framework\src\Illuminate\View\View.php:207
#26 \vendor\laravel\framework\src\Illuminate\View\View.php:190
#27 \vendor\laravel\framework\src\Illuminate\View\View.php:159
#28 \storage\framework\views\28fbe8bb14b6b46a285631a55aedf772.php:59
#30 \vendor\laravel\framework\src\Illuminate\Filesystem\Filesystem.php:124
#31 \vendor\laravel\framework\src\Illuminate\View\Engines\PhpEngine.php:58
#32 \vendor\laravel\framework\src\Illuminate\View\Engines\CompilerEngine.php:72
#33 \vendor\laravel\framework\src\Illuminate\View\View.php:207
#34 \vendor\laravel\framework\src\Illuminate\View\View.php:190
#35 \vendor\laravel\framework\src\Illuminate\View\View.php:159
#36 \storage\framework\views\17f3b78bf5b0166a063e3c773a6001e1.php:529
#38 \vendor\laravel\framework\src\Illuminate\Filesystem\Filesystem.php:124
#39 \vendor\laravel\framework\src\Illuminate\View\Engines\PhpEngine.php:58
#40 \vendor\laravel\framework\src\Illuminate\View\Engines\CompilerEngine.php:72
#41 \vendor\laravel\framework\src\Illuminate\View\View.php:207
#42 \vendor\laravel\framework\src\Illuminate\View\View.php:190
#43 \vendor\laravel\framework\src\Illuminate\View\View.php:159
#44 \vendor\laravel\framework\src\Illuminate\Http\Response.php:69
#45 \vendor\laravel\framework\src\Illuminate\Http\Response.php:35
#46 \vendor\laravel\framework\src\Illuminate\Routing\Router.php:918
#47 \vendor\laravel\framework\src\Illuminate\Routing\Router.php:885
#48 \vendor\laravel\framework\src\Illuminate\Routing\Router.php:805
#49 \vendor\laravel\framework\src\Illuminate\Pipeline\Pipeline.php:144
  
[2025-06-22 13:11:45] local.INFO: Model: App\Models\Building
Relation: App\Models\Neighborhood
Num-Called: 2
Call-Stack:
#24 \app\Models\Wishlist.php:17
#25 \storage\framework\views\d7bd71f5c4a227b159ece3f2a5e986ca.php:207
#27 \vendor\laravel\framework\src\Illuminate\Filesystem\Filesystem.php:124
#28 \vendor\laravel\framework\src\Illuminate\View\Engines\PhpEngine.php:58
#29 \vendor\laravel\framework\src\Illuminate\View\Engines\CompilerEngine.php:72
#30 \vendor\laravel\framework\src\Illuminate\View\View.php:207
#31 \vendor\laravel\framework\src\Illuminate\View\View.php:190
#32 \vendor\laravel\framework\src\Illuminate\View\View.php:159
#33 \storage\framework\views\28fbe8bb14b6b46a285631a55aedf772.php:59
#35 \vendor\laravel\framework\src\Illuminate\Filesystem\Filesystem.php:124
#36 \vendor\laravel\framework\src\Illuminate\View\Engines\PhpEngine.php:58
#37 \vendor\laravel\framework\src\Illuminate\View\Engines\CompilerEngine.php:72
#38 \vendor\laravel\framework\src\Illuminate\View\View.php:207
#39 \vendor\laravel\framework\src\Illuminate\View\View.php:190
#40 \vendor\laravel\framework\src\Illuminate\View\View.php:159
#41 \storage\framework\views\17f3b78bf5b0166a063e3c773a6001e1.php:529
#43 \vendor\laravel\framework\src\Illuminate\Filesystem\Filesystem.php:124
#44 \vendor\laravel\framework\src\Illuminate\View\Engines\PhpEngine.php:58
#45 \vendor\laravel\framework\src\Illuminate\View\Engines\CompilerEngine.php:72
#46 \vendor\laravel\framework\src\Illuminate\View\View.php:207
#47 \vendor\laravel\framework\src\Illuminate\View\View.php:190
#48 \vendor\laravel\framework\src\Illuminate\View\View.php:159
#49 \vendor\laravel\framework\src\Illuminate\Http\Response.php:69
  
[2025-06-22 13:11:45] local.INFO: Model: App\Models\Neighborhood
Relation: App\Models\County
Num-Called: 2
Call-Stack:
#29 \app\Models\Wishlist.php:17
#30 \storage\framework\views\d7bd71f5c4a227b159ece3f2a5e986ca.php:207
#32 \vendor\laravel\framework\src\Illuminate\Filesystem\Filesystem.php:124
#33 \vendor\laravel\framework\src\Illuminate\View\Engines\PhpEngine.php:58
#34 \vendor\laravel\framework\src\Illuminate\View\Engines\CompilerEngine.php:72
#35 \vendor\laravel\framework\src\Illuminate\View\View.php:207
#36 \vendor\laravel\framework\src\Illuminate\View\View.php:190
#37 \vendor\laravel\framework\src\Illuminate\View\View.php:159
#38 \storage\framework\views\28fbe8bb14b6b46a285631a55aedf772.php:59
#40 \vendor\laravel\framework\src\Illuminate\Filesystem\Filesystem.php:124
#41 \vendor\laravel\framework\src\Illuminate\View\Engines\PhpEngine.php:58
#42 \vendor\laravel\framework\src\Illuminate\View\Engines\CompilerEngine.php:72
#43 \vendor\laravel\framework\src\Illuminate\View\View.php:207
#44 \vendor\laravel\framework\src\Illuminate\View\View.php:190
#45 \vendor\laravel\framework\src\Illuminate\View\View.php:159
#46 \storage\framework\views\17f3b78bf5b0166a063e3c773a6001e1.php:529
#48 \vendor\laravel\framework\src\Illuminate\Filesystem\Filesystem.php:124
#49 \vendor\laravel\framework\src\Illuminate\View\Engines\PhpEngine.php:58
  
[2025-06-22 13:16:12] local.INFO: Detected N+1 Query  
[2025-06-22 13:16:12] local.INFO: Model: App\Models\ListingUnit
Relation: App\Models\Building
Num-Called: 9
Call-Stack:
#19 \app\Models\Wishlist.php:17
#20 \storage\framework\views\e4787385835b29abd6220a44d9973780.php:36
#22 \vendor\laravel\framework\src\Illuminate\Filesystem\Filesystem.php:124
#23 \vendor\laravel\framework\src\Illuminate\View\Engines\PhpEngine.php:58
#24 \vendor\laravel\framework\src\Illuminate\View\Engines\CompilerEngine.php:72
#25 \vendor\laravel\framework\src\Illuminate\View\View.php:207
#26 \vendor\laravel\framework\src\Illuminate\View\View.php:190
#27 \vendor\laravel\framework\src\Illuminate\View\View.php:159
#28 \vendor\laravel\framework\src\Illuminate\View\View.php:504
#29 \vendor\spatie\backtrace\src\Arguments\Reducers\StringableArgumentReducer.php:19
#30 \vendor\spatie\backtrace\src\Arguments\ReduceArgumentPayloadAction.php:21
#31 \vendor\spatie\backtrace\src\Arguments\ReduceArgumentsAction.php:53
#34 \vendor\spatie\backtrace\src\Backtrace.php:217
#35 \vendor\spatie\backtrace\src\Backtrace.php:132
#36 \vendor\spatie\flare-client-php\src\Report.php:351
#37 \vendor\spatie\flare-client-php\src\Report.php:403
#38 \vendor\spatie\ignition\src\ErrorPage\ErrorPageViewModel.php:90
#39 \vendor\spatie\ignition\src\ErrorPage\ErrorPageViewModel.php:112
#40 \vendor\spatie\ignition\resources\views\errorPage.php:44
#42 \vendor\spatie\ignition\src\Ignition.php:321
#43 \vendor\spatie\laravel-ignition\src\Renderers\ErrorPageRenderer.php:39
#44 \vendor\spatie\laravel-ignition\src\Renderers\IgnitionExceptionRenderer.php:20
#45 \vendor\laravel\framework\src\Illuminate\Foundation\Exceptions\Handler.php:694
#46 \vendor\laravel\framework\src\Illuminate\Foundation\Exceptions\Handler.php:679
#47 \vendor\laravel\framework\src\Illuminate\Foundation\Exceptions\Handler.php:663
#48 \vendor\laravel\framework\src\Illuminate\Foundation\Exceptions\Handler.php:642
#49 \vendor\laravel\framework\src\Illuminate\Foundation\Exceptions\Handler.php:556
  
[2025-06-22 13:16:12] local.INFO: Model: App\Models\Building
Relation: App\Models\Neighborhood
Num-Called: 9
Call-Stack:
#24 \app\Models\Wishlist.php:17
#25 \storage\framework\views\e4787385835b29abd6220a44d9973780.php:36
#27 \vendor\laravel\framework\src\Illuminate\Filesystem\Filesystem.php:124
#28 \vendor\laravel\framework\src\Illuminate\View\Engines\PhpEngine.php:58
#29 \vendor\laravel\framework\src\Illuminate\View\Engines\CompilerEngine.php:72
#30 \vendor\laravel\framework\src\Illuminate\View\View.php:207
#31 \vendor\laravel\framework\src\Illuminate\View\View.php:190
#32 \vendor\laravel\framework\src\Illuminate\View\View.php:159
#33 \vendor\laravel\framework\src\Illuminate\View\View.php:504
#34 \vendor\spatie\backtrace\src\Arguments\Reducers\StringableArgumentReducer.php:19
#35 \vendor\spatie\backtrace\src\Arguments\ReduceArgumentPayloadAction.php:21
#36 \vendor\spatie\backtrace\src\Arguments\ReduceArgumentsAction.php:53
#39 \vendor\spatie\backtrace\src\Backtrace.php:217
#40 \vendor\spatie\backtrace\src\Backtrace.php:132
#41 \vendor\spatie\flare-client-php\src\Report.php:351
#42 \vendor\spatie\flare-client-php\src\Report.php:403
#43 \vendor\spatie\ignition\src\ErrorPage\ErrorPageViewModel.php:90
#44 \vendor\spatie\ignition\src\ErrorPage\ErrorPageViewModel.php:112
#45 \vendor\spatie\ignition\resources\views\errorPage.php:44
#47 \vendor\spatie\ignition\src\Ignition.php:321
#48 \vendor\spatie\laravel-ignition\src\Renderers\ErrorPageRenderer.php:39
#49 \vendor\spatie\laravel-ignition\src\Renderers\IgnitionExceptionRenderer.php:20
  
[2025-06-22 13:16:12] local.INFO: Model: App\Models\Neighborhood
Relation: App\Models\County
Num-Called: 9
Call-Stack:
#29 \app\Models\Wishlist.php:17
#30 \storage\framework\views\e4787385835b29abd6220a44d9973780.php:36
#32 \vendor\laravel\framework\src\Illuminate\Filesystem\Filesystem.php:124
#33 \vendor\laravel\framework\src\Illuminate\View\Engines\PhpEngine.php:58
#34 \vendor\laravel\framework\src\Illuminate\View\Engines\CompilerEngine.php:72
#35 \vendor\laravel\framework\src\Illuminate\View\View.php:207
#36 \vendor\laravel\framework\src\Illuminate\View\View.php:190
#37 \vendor\laravel\framework\src\Illuminate\View\View.php:159
#38 \vendor\laravel\framework\src\Illuminate\View\View.php:504
#39 \vendor\spatie\backtrace\src\Arguments\Reducers\StringableArgumentReducer.php:19
#40 \vendor\spatie\backtrace\src\Arguments\ReduceArgumentPayloadAction.php:21
#41 \vendor\spatie\backtrace\src\Arguments\ReduceArgumentsAction.php:53
#44 \vendor\spatie\backtrace\src\Backtrace.php:217
#45 \vendor\spatie\backtrace\src\Backtrace.php:132
#46 \vendor\spatie\flare-client-php\src\Report.php:351
#47 \vendor\spatie\flare-client-php\src\Report.php:403
#48 \vendor\spatie\ignition\src\ErrorPage\ErrorPageViewModel.php:90
#49 \vendor\spatie\ignition\src\ErrorPage\ErrorPageViewModel.php:112
  
[2025-06-22 13:19:48] local.INFO: Detected N+1 Query  
[2025-06-22 13:19:48] local.INFO: Model: App\Models\Neighborhood
Relation: App\Models\County
Num-Called: 2
Call-Stack:
#18 \storage\framework\views\40802ae3bb012cd5b6ec0d92996ff9a5.php:13
#20 \vendor\laravel\framework\src\Illuminate\Filesystem\Filesystem.php:124
#21 \vendor\laravel\framework\src\Illuminate\View\Engines\PhpEngine.php:58
#22 \vendor\laravel\framework\src\Illuminate\View\Engines\CompilerEngine.php:72
#23 \vendor\laravel\framework\src\Illuminate\View\View.php:207
#24 \vendor\laravel\framework\src\Illuminate\View\View.php:190
#25 \vendor\laravel\framework\src\Illuminate\View\View.php:159
#26 \storage\framework\views\28fbe8bb14b6b46a285631a55aedf772.php:63
#28 \vendor\laravel\framework\src\Illuminate\Filesystem\Filesystem.php:124
#29 \vendor\laravel\framework\src\Illuminate\View\Engines\PhpEngine.php:58
#30 \vendor\laravel\framework\src\Illuminate\View\Engines\CompilerEngine.php:72
#31 \vendor\laravel\framework\src\Illuminate\View\View.php:207
#32 \vendor\laravel\framework\src\Illuminate\View\View.php:190
#33 \vendor\laravel\framework\src\Illuminate\View\View.php:159
#34 \storage\framework\views\3f3b6b54028bfd531465e7f527528cf8.php:79
#36 \vendor\laravel\framework\src\Illuminate\Filesystem\Filesystem.php:124
#37 \vendor\laravel\framework\src\Illuminate\View\Engines\PhpEngine.php:58
#38 \vendor\laravel\framework\src\Illuminate\View\Engines\CompilerEngine.php:72
#39 \vendor\laravel\framework\src\Illuminate\View\View.php:207
#40 \vendor\laravel\framework\src\Illuminate\View\View.php:190
#41 \vendor\laravel\framework\src\Illuminate\View\View.php:159
#42 \vendor\laravel\framework\src\Illuminate\Http\Response.php:69
#43 \vendor\laravel\framework\src\Illuminate\Http\Response.php:35
#44 \vendor\laravel\framework\src\Illuminate\Routing\Router.php:918
#45 \vendor\laravel\framework\src\Illuminate\Routing\Router.php:885
#46 \vendor\laravel\framework\src\Illuminate\Routing\Router.php:805
#47 \vendor\laravel\framework\src\Illuminate\Pipeline\Pipeline.php:144
#48 \vendor\barryvdh\laravel-debugbar\src\Middleware\InjectDebugbar.php:66
#49 \vendor\laravel\framework\src\Illuminate\Pipeline\Pipeline.php:183
  
[2025-06-22 13:22:15] local.INFO: Detected N+1 Query  
[2025-06-22 13:22:15] local.INFO: Model: App\Models\Neighborhood
Relation: App\Models\County
Num-Called: 2
Call-Stack:
#18 \storage\framework\views\40802ae3bb012cd5b6ec0d92996ff9a5.php:13
#20 \vendor\laravel\framework\src\Illuminate\Filesystem\Filesystem.php:124
#21 \vendor\laravel\framework\src\Illuminate\View\Engines\PhpEngine.php:58
#22 \vendor\laravel\framework\src\Illuminate\View\Engines\CompilerEngine.php:72
#23 \vendor\laravel\framework\src\Illuminate\View\View.php:207
#24 \vendor\laravel\framework\src\Illuminate\View\View.php:190
#25 \vendor\laravel\framework\src\Illuminate\View\View.php:159
#26 \storage\framework\views\28fbe8bb14b6b46a285631a55aedf772.php:63
#28 \vendor\laravel\framework\src\Illuminate\Filesystem\Filesystem.php:124
#29 \vendor\laravel\framework\src\Illuminate\View\Engines\PhpEngine.php:58
#30 \vendor\laravel\framework\src\Illuminate\View\Engines\CompilerEngine.php:72
#31 \vendor\laravel\framework\src\Illuminate\View\View.php:207
#32 \vendor\laravel\framework\src\Illuminate\View\View.php:190
#33 \vendor\laravel\framework\src\Illuminate\View\View.php:159
#34 \storage\framework\views\ce119ad8da2600202f515cb8501712dd.php:78
#36 \vendor\laravel\framework\src\Illuminate\Filesystem\Filesystem.php:124
#37 \vendor\laravel\framework\src\Illuminate\View\Engines\PhpEngine.php:58
#38 \vendor\laravel\framework\src\Illuminate\View\Engines\CompilerEngine.php:72
#39 \vendor\laravel\framework\src\Illuminate\View\View.php:207
#40 \vendor\laravel\framework\src\Illuminate\View\View.php:190
#41 \vendor\laravel\framework\src\Illuminate\View\View.php:159
#42 \vendor\laravel\framework\src\Illuminate\Http\Response.php:69
#43 \vendor\laravel\framework\src\Illuminate\Http\Response.php:35
#44 \vendor\laravel\framework\src\Illuminate\Routing\Router.php:918
#45 \vendor\laravel\framework\src\Illuminate\Routing\Router.php:885
#46 \vendor\laravel\framework\src\Illuminate\Routing\Router.php:805
#47 \vendor\laravel\framework\src\Illuminate\Pipeline\Pipeline.php:144
#48 \vendor\barryvdh\laravel-debugbar\src\Middleware\InjectDebugbar.php:66
#49 \vendor\laravel\framework\src\Illuminate\Pipeline\Pipeline.php:183
  
[2025-06-22 16:19:52] local.INFO: Detected N+1 Query  
[2025-06-22 16:19:52] local.INFO: Model: App\Models\Neighborhood
Relation: App\Models\County
Num-Called: 2
Call-Stack:
#18 \storage\framework\views\40802ae3bb012cd5b6ec0d92996ff9a5.php:13
#20 \vendor\laravel\framework\src\Illuminate\Filesystem\Filesystem.php:124
#21 \vendor\laravel\framework\src\Illuminate\View\Engines\PhpEngine.php:58
#22 \vendor\laravel\framework\src\Illuminate\View\Engines\CompilerEngine.php:72
#23 \vendor\laravel\framework\src\Illuminate\View\View.php:207
#24 \vendor\laravel\framework\src\Illuminate\View\View.php:190
#25 \vendor\laravel\framework\src\Illuminate\View\View.php:159
#26 \storage\framework\views\28fbe8bb14b6b46a285631a55aedf772.php:63
#28 \vendor\laravel\framework\src\Illuminate\Filesystem\Filesystem.php:124
#29 \vendor\laravel\framework\src\Illuminate\View\Engines\PhpEngine.php:58
#30 \vendor\laravel\framework\src\Illuminate\View\Engines\CompilerEngine.php:72
#31 \vendor\laravel\framework\src\Illuminate\View\View.php:207
#32 \vendor\laravel\framework\src\Illuminate\View\View.php:190
#33 \vendor\laravel\framework\src\Illuminate\View\View.php:159
#34 \storage\framework\views\3f3b6b54028bfd531465e7f527528cf8.php:79
#36 \vendor\laravel\framework\src\Illuminate\Filesystem\Filesystem.php:124
#37 \vendor\laravel\framework\src\Illuminate\View\Engines\PhpEngine.php:58
#38 \vendor\laravel\framework\src\Illuminate\View\Engines\CompilerEngine.php:72
#39 \vendor\laravel\framework\src\Illuminate\View\View.php:207
#40 \vendor\laravel\framework\src\Illuminate\View\View.php:190
#41 \vendor\laravel\framework\src\Illuminate\View\View.php:159
#42 \vendor\laravel\framework\src\Illuminate\Http\Response.php:69
#43 \vendor\laravel\framework\src\Illuminate\Http\Response.php:35
#44 \vendor\laravel\framework\src\Illuminate\Routing\Router.php:918
#45 \vendor\laravel\framework\src\Illuminate\Routing\Router.php:885
#46 \vendor\laravel\framework\src\Illuminate\Routing\Router.php:805
#47 \vendor\laravel\framework\src\Illuminate\Pipeline\Pipeline.php:144
#48 \vendor\barryvdh\laravel-debugbar\src\Middleware\InjectDebugbar.php:66
#49 \vendor\laravel\framework\src\Illuminate\Pipeline\Pipeline.php:183
  
[2025-06-22 16:22:29] local.INFO: Detected N+1 Query  
[2025-06-22 16:22:29] local.INFO: Model: App\Models\Neighborhood
Relation: App\Models\County
Num-Called: 2
Call-Stack:
#18 \storage\framework\views\40802ae3bb012cd5b6ec0d92996ff9a5.php:13
#20 \vendor\laravel\framework\src\Illuminate\Filesystem\Filesystem.php:124
#21 \vendor\laravel\framework\src\Illuminate\View\Engines\PhpEngine.php:58
#22 \vendor\laravel\framework\src\Illuminate\View\Engines\CompilerEngine.php:72
#23 \vendor\laravel\framework\src\Illuminate\View\View.php:207
#24 \vendor\laravel\framework\src\Illuminate\View\View.php:190
#25 \vendor\laravel\framework\src\Illuminate\View\View.php:159
#26 \storage\framework\views\28fbe8bb14b6b46a285631a55aedf772.php:63
#28 \vendor\laravel\framework\src\Illuminate\Filesystem\Filesystem.php:124
#29 \vendor\laravel\framework\src\Illuminate\View\Engines\PhpEngine.php:58
#30 \vendor\laravel\framework\src\Illuminate\View\Engines\CompilerEngine.php:72
#31 \vendor\laravel\framework\src\Illuminate\View\View.php:207
#32 \vendor\laravel\framework\src\Illuminate\View\View.php:190
#33 \vendor\laravel\framework\src\Illuminate\View\View.php:159
#34 \storage\framework\views\3f3b6b54028bfd531465e7f527528cf8.php:79
#36 \vendor\laravel\framework\src\Illuminate\Filesystem\Filesystem.php:124
#37 \vendor\laravel\framework\src\Illuminate\View\Engines\PhpEngine.php:58
#38 \vendor\laravel\framework\src\Illuminate\View\Engines\CompilerEngine.php:72
#39 \vendor\laravel\framework\src\Illuminate\View\View.php:207
#40 \vendor\laravel\framework\src\Illuminate\View\View.php:190
#41 \vendor\laravel\framework\src\Illuminate\View\View.php:159
#42 \vendor\laravel\framework\src\Illuminate\Http\Response.php:69
#43 \vendor\laravel\framework\src\Illuminate\Http\Response.php:35
#44 \vendor\laravel\framework\src\Illuminate\Routing\Router.php:918
#45 \vendor\laravel\framework\src\Illuminate\Routing\Router.php:885
#46 \vendor\laravel\framework\src\Illuminate\Routing\Router.php:805
#47 \vendor\laravel\framework\src\Illuminate\Pipeline\Pipeline.php:144
#48 \vendor\barryvdh\laravel-debugbar\src\Middleware\InjectDebugbar.php:66
#49 \vendor\laravel\framework\src\Illuminate\Pipeline\Pipeline.php:183
  
[2025-06-22 16:23:12] local.INFO: Detected N+1 Query  
[2025-06-22 16:23:12] local.INFO: Model: App\Models\Neighborhood
Relation: App\Models\County
Num-Called: 2
Call-Stack:
#18 \storage\framework\views\40802ae3bb012cd5b6ec0d92996ff9a5.php:13
#20 \vendor\laravel\framework\src\Illuminate\Filesystem\Filesystem.php:124
#21 \vendor\laravel\framework\src\Illuminate\View\Engines\PhpEngine.php:58
#22 \vendor\laravel\framework\src\Illuminate\View\Engines\CompilerEngine.php:72
#23 \vendor\laravel\framework\src\Illuminate\View\View.php:207
#24 \vendor\laravel\framework\src\Illuminate\View\View.php:190
#25 \vendor\laravel\framework\src\Illuminate\View\View.php:159
#26 \storage\framework\views\28fbe8bb14b6b46a285631a55aedf772.php:63
#28 \vendor\laravel\framework\src\Illuminate\Filesystem\Filesystem.php:124
#29 \vendor\laravel\framework\src\Illuminate\View\Engines\PhpEngine.php:58
#30 \vendor\laravel\framework\src\Illuminate\View\Engines\CompilerEngine.php:72
#31 \vendor\laravel\framework\src\Illuminate\View\View.php:207
#32 \vendor\laravel\framework\src\Illuminate\View\View.php:190
#33 \vendor\laravel\framework\src\Illuminate\View\View.php:159
#34 \storage\framework\views\3f3b6b54028bfd531465e7f527528cf8.php:79
#36 \vendor\laravel\framework\src\Illuminate\Filesystem\Filesystem.php:124
#37 \vendor\laravel\framework\src\Illuminate\View\Engines\PhpEngine.php:58
#38 \vendor\laravel\framework\src\Illuminate\View\Engines\CompilerEngine.php:72
#39 \vendor\laravel\framework\src\Illuminate\View\View.php:207
#40 \vendor\laravel\framework\src\Illuminate\View\View.php:190
#41 \vendor\laravel\framework\src\Illuminate\View\View.php:159
#42 \vendor\laravel\framework\src\Illuminate\Http\Response.php:69
#43 \vendor\laravel\framework\src\Illuminate\Http\Response.php:35
#44 \vendor\laravel\framework\src\Illuminate\Routing\Router.php:918
#45 \vendor\laravel\framework\src\Illuminate\Routing\Router.php:885
#46 \vendor\laravel\framework\src\Illuminate\Routing\Router.php:805
#47 \vendor\laravel\framework\src\Illuminate\Pipeline\Pipeline.php:144
#48 \vendor\barryvdh\laravel-debugbar\src\Middleware\InjectDebugbar.php:66
#49 \vendor\laravel\framework\src\Illuminate\Pipeline\Pipeline.php:183
  
[2025-06-22 16:29:32] local.INFO: Detected N+1 Query  
[2025-06-22 16:29:32] local.INFO: Model: App\Models\Neighborhood
Relation: App\Models\County
Num-Called: 2
Call-Stack:
#18 \storage\framework\views\40802ae3bb012cd5b6ec0d92996ff9a5.php:13
#20 \vendor\laravel\framework\src\Illuminate\Filesystem\Filesystem.php:124
#21 \vendor\laravel\framework\src\Illuminate\View\Engines\PhpEngine.php:58
#22 \vendor\laravel\framework\src\Illuminate\View\Engines\CompilerEngine.php:72
#23 \vendor\laravel\framework\src\Illuminate\View\View.php:207
#24 \vendor\laravel\framework\src\Illuminate\View\View.php:190
#25 \vendor\laravel\framework\src\Illuminate\View\View.php:159
#26 \storage\framework\views\28fbe8bb14b6b46a285631a55aedf772.php:63
#28 \vendor\laravel\framework\src\Illuminate\Filesystem\Filesystem.php:124
#29 \vendor\laravel\framework\src\Illuminate\View\Engines\PhpEngine.php:58
#30 \vendor\laravel\framework\src\Illuminate\View\Engines\CompilerEngine.php:72
#31 \vendor\laravel\framework\src\Illuminate\View\View.php:207
#32 \vendor\laravel\framework\src\Illuminate\View\View.php:190
#33 \vendor\laravel\framework\src\Illuminate\View\View.php:159
#34 \storage\framework\views\3f3b6b54028bfd531465e7f527528cf8.php:79
#36 \vendor\laravel\framework\src\Illuminate\Filesystem\Filesystem.php:124
#37 \vendor\laravel\framework\src\Illuminate\View\Engines\PhpEngine.php:58
#38 \vendor\laravel\framework\src\Illuminate\View\Engines\CompilerEngine.php:72
#39 \vendor\laravel\framework\src\Illuminate\View\View.php:207
#40 \vendor\laravel\framework\src\Illuminate\View\View.php:190
#41 \vendor\laravel\framework\src\Illuminate\View\View.php:159
#42 \vendor\laravel\framework\src\Illuminate\Http\Response.php:69
#43 \vendor\laravel\framework\src\Illuminate\Http\Response.php:35
#44 \vendor\laravel\framework\src\Illuminate\Routing\Router.php:918
#45 \vendor\laravel\framework\src\Illuminate\Routing\Router.php:885
#46 \vendor\laravel\framework\src\Illuminate\Routing\Router.php:805
#47 \vendor\laravel\framework\src\Illuminate\Pipeline\Pipeline.php:144
#48 \vendor\barryvdh\laravel-debugbar\src\Middleware\InjectDebugbar.php:66
#49 \vendor\laravel\framework\src\Illuminate\Pipeline\Pipeline.php:183
  
[2025-06-22 16:37:00] local.INFO: Detected N+1 Query  
[2025-06-22 16:37:00] local.INFO: Model: App\Models\Neighborhood
Relation: App\Models\County
Num-Called: 2
Call-Stack:
#18 \storage\framework\views\40802ae3bb012cd5b6ec0d92996ff9a5.php:13
#20 \vendor\laravel\framework\src\Illuminate\Filesystem\Filesystem.php:124
#21 \vendor\laravel\framework\src\Illuminate\View\Engines\PhpEngine.php:58
#22 \vendor\laravel\framework\src\Illuminate\View\Engines\CompilerEngine.php:72
#23 \vendor\laravel\framework\src\Illuminate\View\View.php:207
#24 \vendor\laravel\framework\src\Illuminate\View\View.php:190
#25 \vendor\laravel\framework\src\Illuminate\View\View.php:159
#26 \storage\framework\views\28fbe8bb14b6b46a285631a55aedf772.php:63
#28 \vendor\laravel\framework\src\Illuminate\Filesystem\Filesystem.php:124
#29 \vendor\laravel\framework\src\Illuminate\View\Engines\PhpEngine.php:58
#30 \vendor\laravel\framework\src\Illuminate\View\Engines\CompilerEngine.php:72
#31 \vendor\laravel\framework\src\Illuminate\View\View.php:207
#32 \vendor\laravel\framework\src\Illuminate\View\View.php:190
#33 \vendor\laravel\framework\src\Illuminate\View\View.php:159
#34 \storage\framework\views\3f3b6b54028bfd531465e7f527528cf8.php:79
#36 \vendor\laravel\framework\src\Illuminate\Filesystem\Filesystem.php:124
#37 \vendor\laravel\framework\src\Illuminate\View\Engines\PhpEngine.php:58
#38 \vendor\laravel\framework\src\Illuminate\View\Engines\CompilerEngine.php:72
#39 \vendor\laravel\framework\src\Illuminate\View\View.php:207
#40 \vendor\laravel\framework\src\Illuminate\View\View.php:190
#41 \vendor\laravel\framework\src\Illuminate\View\View.php:159
#42 \vendor\laravel\framework\src\Illuminate\Http\Response.php:69
#43 \vendor\laravel\framework\src\Illuminate\Http\Response.php:35
#44 \vendor\laravel\framework\src\Illuminate\Routing\Router.php:918
#45 \vendor\laravel\framework\src\Illuminate\Routing\Router.php:885
#46 \vendor\laravel\framework\src\Illuminate\Routing\Router.php:805
#47 \vendor\laravel\framework\src\Illuminate\Pipeline\Pipeline.php:144
#48 \vendor\barryvdh\laravel-debugbar\src\Middleware\InjectDebugbar.php:66
#49 \vendor\laravel\framework\src\Illuminate\Pipeline\Pipeline.php:183
  
[2025-06-22 17:17:36] local.INFO: Detected N+1 Query  
[2025-06-22 17:17:36] local.INFO: Model: App\Models\Neighborhood
Relation: App\Models\County
Num-Called: 2
Call-Stack:
#18 \storage\framework\views\40802ae3bb012cd5b6ec0d92996ff9a5.php:13
#20 \vendor\laravel\framework\src\Illuminate\Filesystem\Filesystem.php:124
#21 \vendor\laravel\framework\src\Illuminate\View\Engines\PhpEngine.php:58
#22 \vendor\laravel\framework\src\Illuminate\View\Engines\CompilerEngine.php:72
#23 \vendor\laravel\framework\src\Illuminate\View\View.php:207
#24 \vendor\laravel\framework\src\Illuminate\View\View.php:190
#25 \vendor\laravel\framework\src\Illuminate\View\View.php:159
#26 \storage\framework\views\28fbe8bb14b6b46a285631a55aedf772.php:63
#28 \vendor\laravel\framework\src\Illuminate\Filesystem\Filesystem.php:124
#29 \vendor\laravel\framework\src\Illuminate\View\Engines\PhpEngine.php:58
#30 \vendor\laravel\framework\src\Illuminate\View\Engines\CompilerEngine.php:72
#31 \vendor\laravel\framework\src\Illuminate\View\View.php:207
#32 \vendor\laravel\framework\src\Illuminate\View\View.php:190
#33 \vendor\laravel\framework\src\Illuminate\View\View.php:159
#34 \storage\framework\views\17f3b78bf5b0166a063e3c773a6001e1.php:529
#36 \vendor\laravel\framework\src\Illuminate\Filesystem\Filesystem.php:124
#37 \vendor\laravel\framework\src\Illuminate\View\Engines\PhpEngine.php:58
#38 \vendor\laravel\framework\src\Illuminate\View\Engines\CompilerEngine.php:72
#39 \vendor\laravel\framework\src\Illuminate\View\View.php:207
#40 \vendor\laravel\framework\src\Illuminate\View\View.php:190
#41 \vendor\laravel\framework\src\Illuminate\View\View.php:159
#42 \vendor\laravel\framework\src\Illuminate\Http\Response.php:69
#43 \vendor\laravel\framework\src\Illuminate\Http\Response.php:35
#44 \vendor\laravel\framework\src\Illuminate\Routing\Router.php:918
#45 \vendor\laravel\framework\src\Illuminate\Routing\Router.php:885
#46 \vendor\laravel\framework\src\Illuminate\Routing\Router.php:805
#47 \vendor\laravel\framework\src\Illuminate\Pipeline\Pipeline.php:144
#48 \vendor\barryvdh\laravel-debugbar\src\Middleware\InjectDebugbar.php:66
#49 \vendor\laravel\framework\src\Illuminate\Pipeline\Pipeline.php:183
  
