[2025-09-23 10:50:29] local.INFO: Detected N+1 Query  
[2025-09-23 10:50:29] local.INFO: Model: App\Models\Neighborhood
Relation: App\Models\County
Num-Called: 2
Call-Stack:
#18 \storage\framework\views\a32ff393b92d548692a937ea5d9a3ef5.php:13
#20 \vendor\laravel\framework\src\Illuminate\Filesystem\Filesystem.php:124
#21 \vendor\laravel\framework\src\Illuminate\View\Engines\PhpEngine.php:58
#22 \vendor\laravel\framework\src\Illuminate\View\Engines\CompilerEngine.php:72
#23 \vendor\laravel\framework\src\Illuminate\View\View.php:207
#24 \vendor\laravel\framework\src\Illuminate\View\View.php:190
#25 \vendor\laravel\framework\src\Illuminate\View\View.php:159
#26 \storage\framework\views\d7658aaea62721fce5ec1fc690b29e0b.php:65
#28 \vendor\laravel\framework\src\Illuminate\Filesystem\Filesystem.php:124
#29 \vendor\laravel\framework\src\Illuminate\View\Engines\PhpEngine.php:58
#30 \vendor\laravel\framework\src\Illuminate\View\Engines\CompilerEngine.php:72
#31 \vendor\laravel\framework\src\Illuminate\View\View.php:207
#32 \vendor\laravel\framework\src\Illuminate\View\View.php:190
#33 \vendor\laravel\framework\src\Illuminate\View\View.php:159
#34 \storage\framework\views\d4722dbecb4e7df4acba07f354ad09e6.php:82
#36 \vendor\laravel\framework\src\Illuminate\Filesystem\Filesystem.php:124
#37 \vendor\laravel\framework\src\Illuminate\View\Engines\PhpEngine.php:58
#38 \vendor\laravel\framework\src\Illuminate\View\Engines\CompilerEngine.php:72
#39 \vendor\laravel\framework\src\Illuminate\View\View.php:207
#40 \vendor\laravel\framework\src\Illuminate\View\View.php:190
#41 \vendor\laravel\framework\src\Illuminate\View\View.php:159
#42 \vendor\laravel\framework\src\Illuminate\Http\Response.php:69
#43 \vendor\laravel\framework\src\Illuminate\Http\Response.php:35
#44 \vendor\laravel\framework\src\Illuminate\Routing\Router.php:918
#45 \vendor\laravel\framework\src\Illuminate\Routing\Router.php:885
#46 \vendor\laravel\framework\src\Illuminate\Routing\Router.php:805
#47 \vendor\laravel\framework\src\Illuminate\Pipeline\Pipeline.php:144
#48 \vendor\barryvdh\laravel-debugbar\src\Middleware\InjectDebugbar.php:66
#49 \vendor\laravel\framework\src\Illuminate\Pipeline\Pipeline.php:183
  
[2025-09-23 20:20:39] local.INFO: Detected N+1 Query  
[2025-09-23 20:20:39] local.INFO: Model: App\Models\Neighborhood
Relation: App\Models\County
Num-Called: 2
Call-Stack:
#18 \storage\framework\views\a32ff393b92d548692a937ea5d9a3ef5.php:13
#20 \vendor\laravel\framework\src\Illuminate\Filesystem\Filesystem.php:124
#21 \vendor\laravel\framework\src\Illuminate\View\Engines\PhpEngine.php:58
#22 \vendor\laravel\framework\src\Illuminate\View\Engines\CompilerEngine.php:72
#23 \vendor\laravel\framework\src\Illuminate\View\View.php:207
#24 \vendor\laravel\framework\src\Illuminate\View\View.php:190
#25 \vendor\laravel\framework\src\Illuminate\View\View.php:159
#26 \storage\framework\views\d7658aaea62721fce5ec1fc690b29e0b.php:65
#28 \vendor\laravel\framework\src\Illuminate\Filesystem\Filesystem.php:124
#29 \vendor\laravel\framework\src\Illuminate\View\Engines\PhpEngine.php:58
#30 \vendor\laravel\framework\src\Illuminate\View\Engines\CompilerEngine.php:72
#31 \vendor\laravel\framework\src\Illuminate\View\View.php:207
#32 \vendor\laravel\framework\src\Illuminate\View\View.php:190
#33 \vendor\laravel\framework\src\Illuminate\View\View.php:159
#34 \storage\framework\views\d4722dbecb4e7df4acba07f354ad09e6.php:82
#36 \vendor\laravel\framework\src\Illuminate\Filesystem\Filesystem.php:124
#37 \vendor\laravel\framework\src\Illuminate\View\Engines\PhpEngine.php:58
#38 \vendor\laravel\framework\src\Illuminate\View\Engines\CompilerEngine.php:72
#39 \vendor\laravel\framework\src\Illuminate\View\View.php:207
#40 \vendor\laravel\framework\src\Illuminate\View\View.php:190
#41 \vendor\laravel\framework\src\Illuminate\View\View.php:159
#42 \vendor\laravel\framework\src\Illuminate\Http\Response.php:69
#43 \vendor\laravel\framework\src\Illuminate\Http\Response.php:35
#44 \vendor\laravel\framework\src\Illuminate\Routing\Router.php:918
#45 \vendor\laravel\framework\src\Illuminate\Routing\Router.php:885
#46 \vendor\laravel\framework\src\Illuminate\Routing\Router.php:805
#47 \vendor\laravel\framework\src\Illuminate\Pipeline\Pipeline.php:144
#48 \vendor\barryvdh\laravel-debugbar\src\Middleware\InjectDebugbar.php:66
#49 \vendor\laravel\framework\src\Illuminate\Pipeline\Pipeline.php:183
  
[2025-09-23 22:17:30] local.INFO: Detected N+1 Query  
[2025-09-23 22:17:30] local.INFO: Model: App\Models\Neighborhood
Relation: App\Models\County
Num-Called: 2
Call-Stack:
#18 \storage\framework\views\a32ff393b92d548692a937ea5d9a3ef5.php:13
#20 \vendor\laravel\framework\src\Illuminate\Filesystem\Filesystem.php:124
#21 \vendor\laravel\framework\src\Illuminate\View\Engines\PhpEngine.php:58
#22 \vendor\laravel\framework\src\Illuminate\View\Engines\CompilerEngine.php:72
#23 \vendor\laravel\framework\src\Illuminate\View\View.php:207
#24 \vendor\laravel\framework\src\Illuminate\View\View.php:190
#25 \vendor\laravel\framework\src\Illuminate\View\View.php:159
#26 \storage\framework\views\d7658aaea62721fce5ec1fc690b29e0b.php:65
#28 \vendor\laravel\framework\src\Illuminate\Filesystem\Filesystem.php:124
#29 \vendor\laravel\framework\src\Illuminate\View\Engines\PhpEngine.php:58
#30 \vendor\laravel\framework\src\Illuminate\View\Engines\CompilerEngine.php:72
#31 \vendor\laravel\framework\src\Illuminate\View\View.php:207
#32 \vendor\laravel\framework\src\Illuminate\View\View.php:190
#33 \vendor\laravel\framework\src\Illuminate\View\View.php:159
#34 \storage\framework\views\d4722dbecb4e7df4acba07f354ad09e6.php:82
#36 \vendor\laravel\framework\src\Illuminate\Filesystem\Filesystem.php:124
#37 \vendor\laravel\framework\src\Illuminate\View\Engines\PhpEngine.php:58
#38 \vendor\laravel\framework\src\Illuminate\View\Engines\CompilerEngine.php:72
#39 \vendor\laravel\framework\src\Illuminate\View\View.php:207
#40 \vendor\laravel\framework\src\Illuminate\View\View.php:190
#41 \vendor\laravel\framework\src\Illuminate\View\View.php:159
#42 \vendor\laravel\framework\src\Illuminate\Http\Response.php:69
#43 \vendor\laravel\framework\src\Illuminate\Http\Response.php:35
#44 \vendor\laravel\framework\src\Illuminate\Routing\Router.php:918
#45 \vendor\laravel\framework\src\Illuminate\Routing\Router.php:885
#46 \vendor\laravel\framework\src\Illuminate\Routing\Router.php:805
#47 \vendor\laravel\framework\src\Illuminate\Pipeline\Pipeline.php:144
#48 \vendor\barryvdh\laravel-debugbar\src\Middleware\InjectDebugbar.php:66
#49 \vendor\laravel\framework\src\Illuminate\Pipeline\Pipeline.php:183
  
[2025-09-23 22:17:41] local.INFO: Detected N+1 Query  
[2025-09-23 22:17:41] local.INFO: Model: App\Models\Neighborhood
Relation: App\Models\Building
Num-Called: 6
Call-Stack:
#14 \vendor\laravel\framework\src\Illuminate\Support\Traits\ForwardsCalls.php:23
#15 \vendor\laravel\framework\src\Illuminate\Support\Traits\ForwardsCalls.php:52
#17 \storage\framework\views\73933b12b52127eac209b478a74a2180.php:26
#19 \vendor\laravel\framework\src\Illuminate\Filesystem\Filesystem.php:124
#20 \vendor\laravel\framework\src\Illuminate\View\Engines\PhpEngine.php:58
#21 \vendor\laravel\framework\src\Illuminate\View\Engines\CompilerEngine.php:72
#22 \vendor\laravel\framework\src\Illuminate\View\View.php:207
#23 \vendor\laravel\framework\src\Illuminate\View\View.php:190
#24 \vendor\laravel\framework\src\Illuminate\View\View.php:159
#25 \storage\framework\views\77f30cbf5bf34ee3fceb7fecc84e6137.php:26
#27 \vendor\laravel\framework\src\Illuminate\Filesystem\Filesystem.php:124
#28 \vendor\laravel\framework\src\Illuminate\View\Engines\PhpEngine.php:58
#29 \vendor\laravel\framework\src\Illuminate\View\Engines\CompilerEngine.php:72
#30 \vendor\laravel\framework\src\Illuminate\View\View.php:207
#31 \vendor\laravel\framework\src\Illuminate\View\View.php:190
#32 \vendor\laravel\framework\src\Illuminate\View\View.php:159
#33 \vendor\laravel\framework\src\Illuminate\Http\Response.php:69
#34 \vendor\laravel\framework\src\Illuminate\Http\Response.php:35
#35 \vendor\laravel\framework\src\Illuminate\Routing\Router.php:918
#36 \vendor\laravel\framework\src\Illuminate\Routing\Router.php:885
#37 \vendor\laravel\framework\src\Illuminate\Routing\Router.php:805
#38 \vendor\laravel\framework\src\Illuminate\Pipeline\Pipeline.php:144
#39 \vendor\barryvdh\laravel-debugbar\src\Middleware\InjectDebugbar.php:66
#40 \vendor\laravel\framework\src\Illuminate\Pipeline\Pipeline.php:183
#41 \app\Http\Middleware\LanguageMiddleware.php:21
#42 \vendor\laravel\framework\src\Illuminate\Pipeline\Pipeline.php:183
#43 \vendor\laravel\framework\src\Illuminate\Routing\Middleware\SubstituteBindings.php:50
#44 \vendor\laravel\framework\src\Illuminate\Pipeline\Pipeline.php:183
#45 \vendor\laravel\framework\src\Illuminate\Foundation\Http\Middleware\VerifyCsrfToken.php:78
#46 \vendor\laravel\framework\src\Illuminate\Pipeline\Pipeline.php:183
#47 \vendor\laravel\framework\src\Illuminate\View\Middleware\ShareErrorsFromSession.php:49
#48 \vendor\laravel\framework\src\Illuminate\Pipeline\Pipeline.php:183
#49 \vendor\laravel\framework\src\Illuminate\Session\Middleware\StartSession.php:121
  
