[2025-06-23 12:27:35] local.INFO: Detected N+1 Query  
[2025-06-23 12:27:35] local.INFO: Model: App\Models\Neighborhood
Relation: App\Models\County
Num-Called: 2
Call-Stack:
#18 /storage/framework/views/cfa73654bfcffe93c14d00ba00abba27.php:13
#20 /vendor/laravel/framework/src/Illuminate/Filesystem/Filesystem.php:124
#21 /vendor/laravel/framework/src/Illuminate/View/Engines/PhpEngine.php:58
#22 /vendor/laravel/framework/src/Illuminate/View/Engines/CompilerEngine.php:72
#23 /vendor/laravel/framework/src/Illuminate/View/View.php:207
#24 /vendor/laravel/framework/src/Illuminate/View/View.php:190
#25 /vendor/laravel/framework/src/Illuminate/View/View.php:159
#26 /storage/framework/views/183b929aa5f72c41274a4219883d112f.php:63
#28 /vendor/laravel/framework/src/Illuminate/Filesystem/Filesystem.php:124
#29 /vendor/laravel/framework/src/Illuminate/View/Engines/PhpEngine.php:58
#30 /vendor/laravel/framework/src/Illuminate/View/Engines/CompilerEngine.php:72
#31 /vendor/laravel/framework/src/Illuminate/View/View.php:207
#32 /vendor/laravel/framework/src/Illuminate/View/View.php:190
#33 /vendor/laravel/framework/src/Illuminate/View/View.php:159
#34 /storage/framework/views/6cef61049a4c3b24005022a7511561c6.php:79
#36 /vendor/laravel/framework/src/Illuminate/Filesystem/Filesystem.php:124
#37 /vendor/laravel/framework/src/Illuminate/View/Engines/PhpEngine.php:58
#38 /vendor/laravel/framework/src/Illuminate/View/Engines/CompilerEngine.php:72
#39 /vendor/laravel/framework/src/Illuminate/View/View.php:207
#40 /vendor/laravel/framework/src/Illuminate/View/View.php:190
#41 /vendor/laravel/framework/src/Illuminate/View/View.php:159
#42 /vendor/laravel/framework/src/Illuminate/Http/Response.php:69
#43 /vendor/laravel/framework/src/Illuminate/Http/Response.php:35
#44 /vendor/laravel/framework/src/Illuminate/Routing/Router.php:918
#45 /vendor/laravel/framework/src/Illuminate/Routing/Router.php:885
#46 /vendor/laravel/framework/src/Illuminate/Routing/Router.php:805
#47 /vendor/laravel/framework/src/Illuminate/Pipeline/Pipeline.php:144
#48 /vendor/barryvdh/laravel-debugbar/src/Middleware/InjectDebugbar.php:66
#49 /vendor/laravel/framework/src/Illuminate/Pipeline/Pipeline.php:183
  
[2025-06-23 12:39:10] local.INFO: Detected N+1 Query  
[2025-06-23 12:39:10] local.INFO: Model: App\Models\Neighborhood
Relation: App\Models\County
Num-Called: 2
Call-Stack:
#18 /storage/framework/views/cfa73654bfcffe93c14d00ba00abba27.php:13
#20 /vendor/laravel/framework/src/Illuminate/Filesystem/Filesystem.php:124
#21 /vendor/laravel/framework/src/Illuminate/View/Engines/PhpEngine.php:58
#22 /vendor/laravel/framework/src/Illuminate/View/Engines/CompilerEngine.php:72
#23 /vendor/laravel/framework/src/Illuminate/View/View.php:207
#24 /vendor/laravel/framework/src/Illuminate/View/View.php:190
#25 /vendor/laravel/framework/src/Illuminate/View/View.php:159
#26 /storage/framework/views/183b929aa5f72c41274a4219883d112f.php:63
#28 /vendor/laravel/framework/src/Illuminate/Filesystem/Filesystem.php:124
#29 /vendor/laravel/framework/src/Illuminate/View/Engines/PhpEngine.php:58
#30 /vendor/laravel/framework/src/Illuminate/View/Engines/CompilerEngine.php:72
#31 /vendor/laravel/framework/src/Illuminate/View/View.php:207
#32 /vendor/laravel/framework/src/Illuminate/View/View.php:190
#33 /vendor/laravel/framework/src/Illuminate/View/View.php:159
#34 /storage/framework/views/6cef61049a4c3b24005022a7511561c6.php:79
#36 /vendor/laravel/framework/src/Illuminate/Filesystem/Filesystem.php:124
#37 /vendor/laravel/framework/src/Illuminate/View/Engines/PhpEngine.php:58
#38 /vendor/laravel/framework/src/Illuminate/View/Engines/CompilerEngine.php:72
#39 /vendor/laravel/framework/src/Illuminate/View/View.php:207
#40 /vendor/laravel/framework/src/Illuminate/View/View.php:190
#41 /vendor/laravel/framework/src/Illuminate/View/View.php:159
#42 /vendor/laravel/framework/src/Illuminate/Http/Response.php:69
#43 /vendor/laravel/framework/src/Illuminate/Http/Response.php:35
#44 /vendor/laravel/framework/src/Illuminate/Routing/Router.php:918
#45 /vendor/laravel/framework/src/Illuminate/Routing/Router.php:885
#46 /vendor/laravel/framework/src/Illuminate/Routing/Router.php:805
#47 /vendor/laravel/framework/src/Illuminate/Pipeline/Pipeline.php:144
#48 /vendor/barryvdh/laravel-debugbar/src/Middleware/InjectDebugbar.php:66
#49 /vendor/laravel/framework/src/Illuminate/Pipeline/Pipeline.php:183
  
[2025-06-23 12:51:38] local.INFO: Detected N+1 Query  
[2025-06-23 12:51:38] local.INFO: Model: App\Models\Neighborhood
Relation: App\Models\County
Num-Called: 2
Call-Stack:
#18 /storage/framework/views/cfa73654bfcffe93c14d00ba00abba27.php:13
#20 /vendor/laravel/framework/src/Illuminate/Filesystem/Filesystem.php:124
#21 /vendor/laravel/framework/src/Illuminate/View/Engines/PhpEngine.php:58
#22 /vendor/laravel/framework/src/Illuminate/View/Engines/CompilerEngine.php:72
#23 /vendor/laravel/framework/src/Illuminate/View/View.php:207
#24 /vendor/laravel/framework/src/Illuminate/View/View.php:190
#25 /vendor/laravel/framework/src/Illuminate/View/View.php:159
#26 /storage/framework/views/183b929aa5f72c41274a4219883d112f.php:63
#28 /vendor/laravel/framework/src/Illuminate/Filesystem/Filesystem.php:124
#29 /vendor/laravel/framework/src/Illuminate/View/Engines/PhpEngine.php:58
#30 /vendor/laravel/framework/src/Illuminate/View/Engines/CompilerEngine.php:72
#31 /vendor/laravel/framework/src/Illuminate/View/View.php:207
#32 /vendor/laravel/framework/src/Illuminate/View/View.php:190
#33 /vendor/laravel/framework/src/Illuminate/View/View.php:159
#34 /storage/framework/views/6cef61049a4c3b24005022a7511561c6.php:79
#36 /vendor/laravel/framework/src/Illuminate/Filesystem/Filesystem.php:124
#37 /vendor/laravel/framework/src/Illuminate/View/Engines/PhpEngine.php:58
#38 /vendor/laravel/framework/src/Illuminate/View/Engines/CompilerEngine.php:72
#39 /vendor/laravel/framework/src/Illuminate/View/View.php:207
#40 /vendor/laravel/framework/src/Illuminate/View/View.php:190
#41 /vendor/laravel/framework/src/Illuminate/View/View.php:159
#42 /vendor/laravel/framework/src/Illuminate/Http/Response.php:69
#43 /vendor/laravel/framework/src/Illuminate/Http/Response.php:35
#44 /vendor/laravel/framework/src/Illuminate/Routing/Router.php:918
#45 /vendor/laravel/framework/src/Illuminate/Routing/Router.php:885
#46 /vendor/laravel/framework/src/Illuminate/Routing/Router.php:805
#47 /vendor/laravel/framework/src/Illuminate/Pipeline/Pipeline.php:144
#48 /vendor/barryvdh/laravel-debugbar/src/Middleware/InjectDebugbar.php:66
#49 /vendor/laravel/framework/src/Illuminate/Pipeline/Pipeline.php:183
  
[2025-06-23 13:10:39] local.INFO: Detected N+1 Query  
[2025-06-23 13:10:39] local.INFO: Model: App\Models\Neighborhood
Relation: App\Models\County
Num-Called: 2
Call-Stack:
#18 /storage/framework/views/cfa73654bfcffe93c14d00ba00abba27.php:13
#20 /vendor/laravel/framework/src/Illuminate/Filesystem/Filesystem.php:124
#21 /vendor/laravel/framework/src/Illuminate/View/Engines/PhpEngine.php:58
#22 /vendor/laravel/framework/src/Illuminate/View/Engines/CompilerEngine.php:72
#23 /vendor/laravel/framework/src/Illuminate/View/View.php:207
#24 /vendor/laravel/framework/src/Illuminate/View/View.php:190
#25 /vendor/laravel/framework/src/Illuminate/View/View.php:159
#26 /storage/framework/views/183b929aa5f72c41274a4219883d112f.php:63
#28 /vendor/laravel/framework/src/Illuminate/Filesystem/Filesystem.php:124
#29 /vendor/laravel/framework/src/Illuminate/View/Engines/PhpEngine.php:58
#30 /vendor/laravel/framework/src/Illuminate/View/Engines/CompilerEngine.php:72
#31 /vendor/laravel/framework/src/Illuminate/View/View.php:207
#32 /vendor/laravel/framework/src/Illuminate/View/View.php:190
#33 /vendor/laravel/framework/src/Illuminate/View/View.php:159
#34 /storage/framework/views/6cef61049a4c3b24005022a7511561c6.php:79
#36 /vendor/laravel/framework/src/Illuminate/Filesystem/Filesystem.php:124
#37 /vendor/laravel/framework/src/Illuminate/View/Engines/PhpEngine.php:58
#38 /vendor/laravel/framework/src/Illuminate/View/Engines/CompilerEngine.php:72
#39 /vendor/laravel/framework/src/Illuminate/View/View.php:207
#40 /vendor/laravel/framework/src/Illuminate/View/View.php:190
#41 /vendor/laravel/framework/src/Illuminate/View/View.php:159
#42 /vendor/laravel/framework/src/Illuminate/Http/Response.php:69
#43 /vendor/laravel/framework/src/Illuminate/Http/Response.php:35
#44 /vendor/laravel/framework/src/Illuminate/Routing/Router.php:918
#45 /vendor/laravel/framework/src/Illuminate/Routing/Router.php:885
#46 /vendor/laravel/framework/src/Illuminate/Routing/Router.php:805
#47 /vendor/laravel/framework/src/Illuminate/Pipeline/Pipeline.php:144
#48 /vendor/barryvdh/laravel-debugbar/src/Middleware/InjectDebugbar.php:66
#49 /vendor/laravel/framework/src/Illuminate/Pipeline/Pipeline.php:183
  
