[2025-09-24 18:04:47] local.INFO: Detected N+1 Query  
[2025-09-24 18:04:47] local.INFO: Model: App\Models\Neighborhood
Relation: App\Models\Building
Num-Called: 6
Call-Stack:
#14 \vendor\laravel\framework\src\Illuminate\Support\Traits\ForwardsCalls.php:23
#15 \vendor\laravel\framework\src\Illuminate\Support\Traits\ForwardsCalls.php:52
#17 \storage\framework\views\73933b12b52127eac209b478a74a2180.php:26
#19 \vendor\laravel\framework\src\Illuminate\Filesystem\Filesystem.php:124
#20 \vendor\laravel\framework\src\Illuminate\View\Engines\PhpEngine.php:58
#21 \vendor\laravel\framework\src\Illuminate\View\Engines\CompilerEngine.php:72
#22 \vendor\laravel\framework\src\Illuminate\View\View.php:207
#23 \vendor\laravel\framework\src\Illuminate\View\View.php:190
#24 \vendor\laravel\framework\src\Illuminate\View\View.php:159
#25 \storage\framework\views\77f30cbf5bf34ee3fceb7fecc84e6137.php:26
#27 \vendor\laravel\framework\src\Illuminate\Filesystem\Filesystem.php:124
#28 \vendor\laravel\framework\src\Illuminate\View\Engines\PhpEngine.php:58
#29 \vendor\laravel\framework\src\Illuminate\View\Engines\CompilerEngine.php:72
#30 \vendor\laravel\framework\src\Illuminate\View\View.php:207
#31 \vendor\laravel\framework\src\Illuminate\View\View.php:190
#32 \vendor\laravel\framework\src\Illuminate\View\View.php:159
#33 \vendor\laravel\framework\src\Illuminate\Http\Response.php:69
#34 \vendor\laravel\framework\src\Illuminate\Http\Response.php:35
#35 \vendor\laravel\framework\src\Illuminate\Routing\Router.php:918
#36 \vendor\laravel\framework\src\Illuminate\Routing\Router.php:885
#37 \vendor\laravel\framework\src\Illuminate\Routing\Router.php:805
#38 \vendor\laravel\framework\src\Illuminate\Pipeline\Pipeline.php:144
#39 \vendor\barryvdh\laravel-debugbar\src\Middleware\InjectDebugbar.php:66
#40 \vendor\laravel\framework\src\Illuminate\Pipeline\Pipeline.php:183
#41 \app\Http\Middleware\LanguageMiddleware.php:21
#42 \vendor\laravel\framework\src\Illuminate\Pipeline\Pipeline.php:183
#43 \vendor\laravel\framework\src\Illuminate\Routing\Middleware\SubstituteBindings.php:50
#44 \vendor\laravel\framework\src\Illuminate\Pipeline\Pipeline.php:183
#45 \vendor\laravel\framework\src\Illuminate\Foundation\Http\Middleware\VerifyCsrfToken.php:78
#46 \vendor\laravel\framework\src\Illuminate\Pipeline\Pipeline.php:183
#47 \vendor\laravel\framework\src\Illuminate\View\Middleware\ShareErrorsFromSession.php:49
#48 \vendor\laravel\framework\src\Illuminate\Pipeline\Pipeline.php:183
#49 \vendor\laravel\framework\src\Illuminate\Session\Middleware\StartSession.php:121
  
[2025-09-24 18:38:44] local.INFO: Detected N+1 Query  
[2025-09-24 18:38:44] local.INFO: Model: App\Models\Neighborhood
Relation: App\Models\Building
Num-Called: 6
Call-Stack:
#14 \vendor\laravel\framework\src\Illuminate\Support\Traits\ForwardsCalls.php:23
#15 \vendor\laravel\framework\src\Illuminate\Support\Traits\ForwardsCalls.php:52
#17 \storage\framework\views\73933b12b52127eac209b478a74a2180.php:26
#19 \vendor\laravel\framework\src\Illuminate\Filesystem\Filesystem.php:124
#20 \vendor\laravel\framework\src\Illuminate\View\Engines\PhpEngine.php:58
#21 \vendor\laravel\framework\src\Illuminate\View\Engines\CompilerEngine.php:72
#22 \vendor\laravel\framework\src\Illuminate\View\View.php:207
#23 \vendor\laravel\framework\src\Illuminate\View\View.php:190
#24 \vendor\laravel\framework\src\Illuminate\View\View.php:159
#25 \storage\framework\views\77f30cbf5bf34ee3fceb7fecc84e6137.php:26
#27 \vendor\laravel\framework\src\Illuminate\Filesystem\Filesystem.php:124
#28 \vendor\laravel\framework\src\Illuminate\View\Engines\PhpEngine.php:58
#29 \vendor\laravel\framework\src\Illuminate\View\Engines\CompilerEngine.php:72
#30 \vendor\laravel\framework\src\Illuminate\View\View.php:207
#31 \vendor\laravel\framework\src\Illuminate\View\View.php:190
#32 \vendor\laravel\framework\src\Illuminate\View\View.php:159
#33 \vendor\laravel\framework\src\Illuminate\Http\Response.php:69
#34 \vendor\laravel\framework\src\Illuminate\Http\Response.php:35
#35 \vendor\laravel\framework\src\Illuminate\Routing\Router.php:918
#36 \vendor\laravel\framework\src\Illuminate\Routing\Router.php:885
#37 \vendor\laravel\framework\src\Illuminate\Routing\Router.php:805
#38 \vendor\laravel\framework\src\Illuminate\Pipeline\Pipeline.php:144
#39 \vendor\barryvdh\laravel-debugbar\src\Middleware\InjectDebugbar.php:66
#40 \vendor\laravel\framework\src\Illuminate\Pipeline\Pipeline.php:183
#41 \app\Http\Middleware\LanguageMiddleware.php:21
#42 \vendor\laravel\framework\src\Illuminate\Pipeline\Pipeline.php:183
#43 \vendor\laravel\framework\src\Illuminate\Routing\Middleware\SubstituteBindings.php:50
#44 \vendor\laravel\framework\src\Illuminate\Pipeline\Pipeline.php:183
#45 \vendor\laravel\framework\src\Illuminate\Foundation\Http\Middleware\VerifyCsrfToken.php:78
#46 \vendor\laravel\framework\src\Illuminate\Pipeline\Pipeline.php:183
#47 \vendor\laravel\framework\src\Illuminate\View\Middleware\ShareErrorsFromSession.php:49
#48 \vendor\laravel\framework\src\Illuminate\Pipeline\Pipeline.php:183
#49 \vendor\laravel\framework\src\Illuminate\Session\Middleware\StartSession.php:121
  
[2025-09-24 20:10:53] local.INFO: Detected N+1 Query  
[2025-09-24 20:10:53] local.INFO: Model: App\Models\Neighborhood
Relation: county
Num-Called: 16
Call-Stack:
#19 \storage\framework\views\4df3612c1b3dd151f713123999c60556.php:45
#21 \vendor\laravel\framework\src\Illuminate\Filesystem\Filesystem.php:124
#22 \vendor\laravel\framework\src\Illuminate\View\Engines\PhpEngine.php:58
#23 \vendor\laravel\framework\src\Illuminate\View\Engines\CompilerEngine.php:72
#24 \vendor\laravel\framework\src\Illuminate\View\View.php:207
#25 \vendor\laravel\framework\src\Illuminate\View\View.php:190
#26 \vendor\laravel\framework\src\Illuminate\View\View.php:159
#27 \storage\framework\views\d4722dbecb4e7df4acba07f354ad09e6.php:12
#29 \vendor\laravel\framework\src\Illuminate\Filesystem\Filesystem.php:124
#30 \vendor\laravel\framework\src\Illuminate\View\Engines\PhpEngine.php:58
#31 \vendor\laravel\framework\src\Illuminate\View\Engines\CompilerEngine.php:72
#32 \vendor\laravel\framework\src\Illuminate\View\View.php:207
#33 \vendor\laravel\framework\src\Illuminate\View\View.php:190
#34 \vendor\laravel\framework\src\Illuminate\View\View.php:159
#35 \vendor\laravel\framework\src\Illuminate\Http\Response.php:69
#36 \vendor\laravel\framework\src\Illuminate\Http\Response.php:35
#37 \vendor\laravel\framework\src\Illuminate\Routing\Router.php:918
#38 \vendor\laravel\framework\src\Illuminate\Routing\Router.php:885
#39 \vendor\laravel\framework\src\Illuminate\Routing\Router.php:805
#40 \vendor\laravel\framework\src\Illuminate\Pipeline\Pipeline.php:144
#41 \vendor\barryvdh\laravel-debugbar\src\Middleware\InjectDebugbar.php:66
#42 \vendor\laravel\framework\src\Illuminate\Pipeline\Pipeline.php:183
#43 \app\Http\Middleware\LanguageMiddleware.php:21
#44 \vendor\laravel\framework\src\Illuminate\Pipeline\Pipeline.php:183
#45 \vendor\laravel\framework\src\Illuminate\Routing\Middleware\SubstituteBindings.php:50
#46 \vendor\laravel\framework\src\Illuminate\Pipeline\Pipeline.php:183
#47 \vendor\laravel\framework\src\Illuminate\Foundation\Http\Middleware\VerifyCsrfToken.php:78
#48 \vendor\laravel\framework\src\Illuminate\Pipeline\Pipeline.php:183
#49 \vendor\laravel\framework\src\Illuminate\View\Middleware\ShareErrorsFromSession.php:49
  
[2025-09-24 20:17:46] local.INFO: Detected N+1 Query  
[2025-09-24 20:17:46] local.INFO: Model: App\Models\Neighborhood
Relation: county
Num-Called: 16
Call-Stack:
#19 \storage\framework\views\4df3612c1b3dd151f713123999c60556.php:46
#21 \vendor\laravel\framework\src\Illuminate\Filesystem\Filesystem.php:124
#22 \vendor\laravel\framework\src\Illuminate\View\Engines\PhpEngine.php:58
#23 \vendor\laravel\framework\src\Illuminate\View\Engines\CompilerEngine.php:72
#24 \vendor\laravel\framework\src\Illuminate\View\View.php:207
#25 \vendor\laravel\framework\src\Illuminate\View\View.php:190
#26 \vendor\laravel\framework\src\Illuminate\View\View.php:159
#27 \storage\framework\views\d4722dbecb4e7df4acba07f354ad09e6.php:12
#29 \vendor\laravel\framework\src\Illuminate\Filesystem\Filesystem.php:124
#30 \vendor\laravel\framework\src\Illuminate\View\Engines\PhpEngine.php:58
#31 \vendor\laravel\framework\src\Illuminate\View\Engines\CompilerEngine.php:72
#32 \vendor\laravel\framework\src\Illuminate\View\View.php:207
#33 \vendor\laravel\framework\src\Illuminate\View\View.php:190
#34 \vendor\laravel\framework\src\Illuminate\View\View.php:159
#35 \vendor\laravel\framework\src\Illuminate\Http\Response.php:69
#36 \vendor\laravel\framework\src\Illuminate\Http\Response.php:35
#37 \vendor\laravel\framework\src\Illuminate\Routing\Router.php:918
#38 \vendor\laravel\framework\src\Illuminate\Routing\Router.php:885
#39 \vendor\laravel\framework\src\Illuminate\Routing\Router.php:805
#40 \vendor\laravel\framework\src\Illuminate\Pipeline\Pipeline.php:144
#41 \vendor\barryvdh\laravel-debugbar\src\Middleware\InjectDebugbar.php:66
#42 \vendor\laravel\framework\src\Illuminate\Pipeline\Pipeline.php:183
#43 \app\Http\Middleware\LanguageMiddleware.php:21
#44 \vendor\laravel\framework\src\Illuminate\Pipeline\Pipeline.php:183
#45 \vendor\laravel\framework\src\Illuminate\Routing\Middleware\SubstituteBindings.php:50
#46 \vendor\laravel\framework\src\Illuminate\Pipeline\Pipeline.php:183
#47 \vendor\laravel\framework\src\Illuminate\Foundation\Http\Middleware\VerifyCsrfToken.php:78
#48 \vendor\laravel\framework\src\Illuminate\Pipeline\Pipeline.php:183
#49 \vendor\laravel\framework\src\Illuminate\View\Middleware\ShareErrorsFromSession.php:49
  
[2025-09-24 20:21:26] local.INFO: Detected N+1 Query  
[2025-09-24 20:21:26] local.INFO: Model: App\Models\Neighborhood
Relation: county
Num-Called: 16
Call-Stack:
#19 \storage\framework\views\4df3612c1b3dd151f713123999c60556.php:46
#21 \vendor\laravel\framework\src\Illuminate\Filesystem\Filesystem.php:124
#22 \vendor\laravel\framework\src\Illuminate\View\Engines\PhpEngine.php:58
#23 \vendor\laravel\framework\src\Illuminate\View\Engines\CompilerEngine.php:72
#24 \vendor\laravel\framework\src\Illuminate\View\View.php:207
#25 \vendor\laravel\framework\src\Illuminate\View\View.php:190
#26 \vendor\laravel\framework\src\Illuminate\View\View.php:159
#27 \storage\framework\views\d4722dbecb4e7df4acba07f354ad09e6.php:12
#29 \vendor\laravel\framework\src\Illuminate\Filesystem\Filesystem.php:124
#30 \vendor\laravel\framework\src\Illuminate\View\Engines\PhpEngine.php:58
#31 \vendor\laravel\framework\src\Illuminate\View\Engines\CompilerEngine.php:72
#32 \vendor\laravel\framework\src\Illuminate\View\View.php:207
#33 \vendor\laravel\framework\src\Illuminate\View\View.php:190
#34 \vendor\laravel\framework\src\Illuminate\View\View.php:159
#35 \vendor\laravel\framework\src\Illuminate\Http\Response.php:69
#36 \vendor\laravel\framework\src\Illuminate\Http\Response.php:35
#37 \vendor\laravel\framework\src\Illuminate\Routing\Router.php:918
#38 \vendor\laravel\framework\src\Illuminate\Routing\Router.php:885
#39 \vendor\laravel\framework\src\Illuminate\Routing\Router.php:805
#40 \vendor\laravel\framework\src\Illuminate\Pipeline\Pipeline.php:144
#41 \vendor\barryvdh\laravel-debugbar\src\Middleware\InjectDebugbar.php:66
#42 \vendor\laravel\framework\src\Illuminate\Pipeline\Pipeline.php:183
#43 \app\Http\Middleware\LanguageMiddleware.php:21
#44 \vendor\laravel\framework\src\Illuminate\Pipeline\Pipeline.php:183
#45 \vendor\laravel\framework\src\Illuminate\Routing\Middleware\SubstituteBindings.php:50
#46 \vendor\laravel\framework\src\Illuminate\Pipeline\Pipeline.php:183
#47 \vendor\laravel\framework\src\Illuminate\Foundation\Http\Middleware\VerifyCsrfToken.php:78
#48 \vendor\laravel\framework\src\Illuminate\Pipeline\Pipeline.php:183
#49 \vendor\laravel\framework\src\Illuminate\View\Middleware\ShareErrorsFromSession.php:49
  
[2025-09-24 20:25:00] local.INFO: Detected N+1 Query  
[2025-09-24 20:25:00] local.INFO: Model: App\Models\Neighborhood
Relation: county
Num-Called: 16
Call-Stack:
#19 \storage\framework\views\4df3612c1b3dd151f713123999c60556.php:46
#21 \vendor\laravel\framework\src\Illuminate\Filesystem\Filesystem.php:124
#22 \vendor\laravel\framework\src\Illuminate\View\Engines\PhpEngine.php:58
#23 \vendor\laravel\framework\src\Illuminate\View\Engines\CompilerEngine.php:72
#24 \vendor\laravel\framework\src\Illuminate\View\View.php:207
#25 \vendor\laravel\framework\src\Illuminate\View\View.php:190
#26 \vendor\laravel\framework\src\Illuminate\View\View.php:159
#27 \storage\framework\views\d4722dbecb4e7df4acba07f354ad09e6.php:12
#29 \vendor\laravel\framework\src\Illuminate\Filesystem\Filesystem.php:124
#30 \vendor\laravel\framework\src\Illuminate\View\Engines\PhpEngine.php:58
#31 \vendor\laravel\framework\src\Illuminate\View\Engines\CompilerEngine.php:72
#32 \vendor\laravel\framework\src\Illuminate\View\View.php:207
#33 \vendor\laravel\framework\src\Illuminate\View\View.php:190
#34 \vendor\laravel\framework\src\Illuminate\View\View.php:159
#35 \vendor\laravel\framework\src\Illuminate\Http\Response.php:69
#36 \vendor\laravel\framework\src\Illuminate\Http\Response.php:35
#37 \vendor\laravel\framework\src\Illuminate\Routing\Router.php:918
#38 \vendor\laravel\framework\src\Illuminate\Routing\Router.php:885
#39 \vendor\laravel\framework\src\Illuminate\Routing\Router.php:805
#40 \vendor\laravel\framework\src\Illuminate\Pipeline\Pipeline.php:144
#41 \vendor\barryvdh\laravel-debugbar\src\Middleware\InjectDebugbar.php:66
#42 \vendor\laravel\framework\src\Illuminate\Pipeline\Pipeline.php:183
#43 \app\Http\Middleware\LanguageMiddleware.php:21
#44 \vendor\laravel\framework\src\Illuminate\Pipeline\Pipeline.php:183
#45 \vendor\laravel\framework\src\Illuminate\Routing\Middleware\SubstituteBindings.php:50
#46 \vendor\laravel\framework\src\Illuminate\Pipeline\Pipeline.php:183
#47 \vendor\laravel\framework\src\Illuminate\Foundation\Http\Middleware\VerifyCsrfToken.php:78
#48 \vendor\laravel\framework\src\Illuminate\Pipeline\Pipeline.php:183
#49 \vendor\laravel\framework\src\Illuminate\View\Middleware\ShareErrorsFromSession.php:49
  
[2025-09-24 20:25:37] local.INFO: Detected N+1 Query  
[2025-09-24 20:25:37] local.INFO: Model: App\Models\Neighborhood
Relation: county
Num-Called: 16
Call-Stack:
#19 \storage\framework\views\4df3612c1b3dd151f713123999c60556.php:46
#21 \vendor\laravel\framework\src\Illuminate\Filesystem\Filesystem.php:124
#22 \vendor\laravel\framework\src\Illuminate\View\Engines\PhpEngine.php:58
#23 \vendor\laravel\framework\src\Illuminate\View\Engines\CompilerEngine.php:72
#24 \vendor\laravel\framework\src\Illuminate\View\View.php:207
#25 \vendor\laravel\framework\src\Illuminate\View\View.php:190
#26 \vendor\laravel\framework\src\Illuminate\View\View.php:159
#27 \storage\framework\views\d4722dbecb4e7df4acba07f354ad09e6.php:12
#29 \vendor\laravel\framework\src\Illuminate\Filesystem\Filesystem.php:124
#30 \vendor\laravel\framework\src\Illuminate\View\Engines\PhpEngine.php:58
#31 \vendor\laravel\framework\src\Illuminate\View\Engines\CompilerEngine.php:72
#32 \vendor\laravel\framework\src\Illuminate\View\View.php:207
#33 \vendor\laravel\framework\src\Illuminate\View\View.php:190
#34 \vendor\laravel\framework\src\Illuminate\View\View.php:159
#35 \vendor\laravel\framework\src\Illuminate\Http\Response.php:69
#36 \vendor\laravel\framework\src\Illuminate\Http\Response.php:35
#37 \vendor\laravel\framework\src\Illuminate\Routing\Router.php:918
#38 \vendor\laravel\framework\src\Illuminate\Routing\Router.php:885
#39 \vendor\laravel\framework\src\Illuminate\Routing\Router.php:805
#40 \vendor\laravel\framework\src\Illuminate\Pipeline\Pipeline.php:144
#41 \vendor\barryvdh\laravel-debugbar\src\Middleware\InjectDebugbar.php:66
#42 \vendor\laravel\framework\src\Illuminate\Pipeline\Pipeline.php:183
#43 \app\Http\Middleware\LanguageMiddleware.php:21
#44 \vendor\laravel\framework\src\Illuminate\Pipeline\Pipeline.php:183
#45 \vendor\laravel\framework\src\Illuminate\Routing\Middleware\SubstituteBindings.php:50
#46 \vendor\laravel\framework\src\Illuminate\Pipeline\Pipeline.php:183
#47 \vendor\laravel\framework\src\Illuminate\Foundation\Http\Middleware\VerifyCsrfToken.php:78
#48 \vendor\laravel\framework\src\Illuminate\Pipeline\Pipeline.php:183
#49 \vendor\laravel\framework\src\Illuminate\View\Middleware\ShareErrorsFromSession.php:49
  
[2025-09-24 20:27:24] local.INFO: Detected N+1 Query  
[2025-09-24 20:27:24] local.INFO: Model: App\Models\Neighborhood
Relation: county
Num-Called: 16
Call-Stack:
#19 \storage\framework\views\4df3612c1b3dd151f713123999c60556.php:46
#21 \vendor\laravel\framework\src\Illuminate\Filesystem\Filesystem.php:124
#22 \vendor\laravel\framework\src\Illuminate\View\Engines\PhpEngine.php:58
#23 \vendor\laravel\framework\src\Illuminate\View\Engines\CompilerEngine.php:72
#24 \vendor\laravel\framework\src\Illuminate\View\View.php:207
#25 \vendor\laravel\framework\src\Illuminate\View\View.php:190
#26 \vendor\laravel\framework\src\Illuminate\View\View.php:159
#27 \storage\framework\views\d4722dbecb4e7df4acba07f354ad09e6.php:12
#29 \vendor\laravel\framework\src\Illuminate\Filesystem\Filesystem.php:124
#30 \vendor\laravel\framework\src\Illuminate\View\Engines\PhpEngine.php:58
#31 \vendor\laravel\framework\src\Illuminate\View\Engines\CompilerEngine.php:72
#32 \vendor\laravel\framework\src\Illuminate\View\View.php:207
#33 \vendor\laravel\framework\src\Illuminate\View\View.php:190
#34 \vendor\laravel\framework\src\Illuminate\View\View.php:159
#35 \vendor\laravel\framework\src\Illuminate\Http\Response.php:69
#36 \vendor\laravel\framework\src\Illuminate\Http\Response.php:35
#37 \vendor\laravel\framework\src\Illuminate\Routing\Router.php:918
#38 \vendor\laravel\framework\src\Illuminate\Routing\Router.php:885
#39 \vendor\laravel\framework\src\Illuminate\Routing\Router.php:805
#40 \vendor\laravel\framework\src\Illuminate\Pipeline\Pipeline.php:144
#41 \vendor\barryvdh\laravel-debugbar\src\Middleware\InjectDebugbar.php:66
#42 \vendor\laravel\framework\src\Illuminate\Pipeline\Pipeline.php:183
#43 \app\Http\Middleware\LanguageMiddleware.php:21
#44 \vendor\laravel\framework\src\Illuminate\Pipeline\Pipeline.php:183
#45 \vendor\laravel\framework\src\Illuminate\Routing\Middleware\SubstituteBindings.php:50
#46 \vendor\laravel\framework\src\Illuminate\Pipeline\Pipeline.php:183
#47 \vendor\laravel\framework\src\Illuminate\Foundation\Http\Middleware\VerifyCsrfToken.php:78
#48 \vendor\laravel\framework\src\Illuminate\Pipeline\Pipeline.php:183
#49 \vendor\laravel\framework\src\Illuminate\View\Middleware\ShareErrorsFromSession.php:49
  
[2025-09-24 20:28:21] local.INFO: Detected N+1 Query  
[2025-09-24 20:28:21] local.INFO: Model: App\Models\Neighborhood
Relation: county
Num-Called: 16
Call-Stack:
#19 \storage\framework\views\4df3612c1b3dd151f713123999c60556.php:46
#21 \vendor\laravel\framework\src\Illuminate\Filesystem\Filesystem.php:124
#22 \vendor\laravel\framework\src\Illuminate\View\Engines\PhpEngine.php:58
#23 \vendor\laravel\framework\src\Illuminate\View\Engines\CompilerEngine.php:72
#24 \vendor\laravel\framework\src\Illuminate\View\View.php:207
#25 \vendor\laravel\framework\src\Illuminate\View\View.php:190
#26 \vendor\laravel\framework\src\Illuminate\View\View.php:159
#27 \storage\framework\views\d4722dbecb4e7df4acba07f354ad09e6.php:12
#29 \vendor\laravel\framework\src\Illuminate\Filesystem\Filesystem.php:124
#30 \vendor\laravel\framework\src\Illuminate\View\Engines\PhpEngine.php:58
#31 \vendor\laravel\framework\src\Illuminate\View\Engines\CompilerEngine.php:72
#32 \vendor\laravel\framework\src\Illuminate\View\View.php:207
#33 \vendor\laravel\framework\src\Illuminate\View\View.php:190
#34 \vendor\laravel\framework\src\Illuminate\View\View.php:159
#35 \vendor\laravel\framework\src\Illuminate\Http\Response.php:69
#36 \vendor\laravel\framework\src\Illuminate\Http\Response.php:35
#37 \vendor\laravel\framework\src\Illuminate\Routing\Router.php:918
#38 \vendor\laravel\framework\src\Illuminate\Routing\Router.php:885
#39 \vendor\laravel\framework\src\Illuminate\Routing\Router.php:805
#40 \vendor\laravel\framework\src\Illuminate\Pipeline\Pipeline.php:144
#41 \vendor\barryvdh\laravel-debugbar\src\Middleware\InjectDebugbar.php:66
#42 \vendor\laravel\framework\src\Illuminate\Pipeline\Pipeline.php:183
#43 \app\Http\Middleware\LanguageMiddleware.php:21
#44 \vendor\laravel\framework\src\Illuminate\Pipeline\Pipeline.php:183
#45 \vendor\laravel\framework\src\Illuminate\Routing\Middleware\SubstituteBindings.php:50
#46 \vendor\laravel\framework\src\Illuminate\Pipeline\Pipeline.php:183
#47 \vendor\laravel\framework\src\Illuminate\Foundation\Http\Middleware\VerifyCsrfToken.php:78
#48 \vendor\laravel\framework\src\Illuminate\Pipeline\Pipeline.php:183
#49 \vendor\laravel\framework\src\Illuminate\View\Middleware\ShareErrorsFromSession.php:49
  
[2025-09-24 20:29:37] local.INFO: Detected N+1 Query  
[2025-09-24 20:29:37] local.INFO: Model: App\Models\Neighborhood
Relation: county
Num-Called: 16
Call-Stack:
#19 \storage\framework\views\4df3612c1b3dd151f713123999c60556.php:46
#21 \vendor\laravel\framework\src\Illuminate\Filesystem\Filesystem.php:124
#22 \vendor\laravel\framework\src\Illuminate\View\Engines\PhpEngine.php:58
#23 \vendor\laravel\framework\src\Illuminate\View\Engines\CompilerEngine.php:72
#24 \vendor\laravel\framework\src\Illuminate\View\View.php:207
#25 \vendor\laravel\framework\src\Illuminate\View\View.php:190
#26 \vendor\laravel\framework\src\Illuminate\View\View.php:159
#27 \storage\framework\views\d4722dbecb4e7df4acba07f354ad09e6.php:12
#29 \vendor\laravel\framework\src\Illuminate\Filesystem\Filesystem.php:124
#30 \vendor\laravel\framework\src\Illuminate\View\Engines\PhpEngine.php:58
#31 \vendor\laravel\framework\src\Illuminate\View\Engines\CompilerEngine.php:72
#32 \vendor\laravel\framework\src\Illuminate\View\View.php:207
#33 \vendor\laravel\framework\src\Illuminate\View\View.php:190
#34 \vendor\laravel\framework\src\Illuminate\View\View.php:159
#35 \vendor\laravel\framework\src\Illuminate\Http\Response.php:69
#36 \vendor\laravel\framework\src\Illuminate\Http\Response.php:35
#37 \vendor\laravel\framework\src\Illuminate\Routing\Router.php:918
#38 \vendor\laravel\framework\src\Illuminate\Routing\Router.php:885
#39 \vendor\laravel\framework\src\Illuminate\Routing\Router.php:805
#40 \vendor\laravel\framework\src\Illuminate\Pipeline\Pipeline.php:144
#41 \vendor\barryvdh\laravel-debugbar\src\Middleware\InjectDebugbar.php:66
#42 \vendor\laravel\framework\src\Illuminate\Pipeline\Pipeline.php:183
#43 \app\Http\Middleware\LanguageMiddleware.php:21
#44 \vendor\laravel\framework\src\Illuminate\Pipeline\Pipeline.php:183
#45 \vendor\laravel\framework\src\Illuminate\Routing\Middleware\SubstituteBindings.php:50
#46 \vendor\laravel\framework\src\Illuminate\Pipeline\Pipeline.php:183
#47 \vendor\laravel\framework\src\Illuminate\Foundation\Http\Middleware\VerifyCsrfToken.php:78
#48 \vendor\laravel\framework\src\Illuminate\Pipeline\Pipeline.php:183
#49 \vendor\laravel\framework\src\Illuminate\View\Middleware\ShareErrorsFromSession.php:49
  
[2025-09-24 20:30:13] local.INFO: Detected N+1 Query  
[2025-09-24 20:30:13] local.INFO: Model: App\Models\Neighborhood
Relation: county
Num-Called: 16
Call-Stack:
#19 \storage\framework\views\4df3612c1b3dd151f713123999c60556.php:46
#21 \vendor\laravel\framework\src\Illuminate\Filesystem\Filesystem.php:124
#22 \vendor\laravel\framework\src\Illuminate\View\Engines\PhpEngine.php:58
#23 \vendor\laravel\framework\src\Illuminate\View\Engines\CompilerEngine.php:72
#24 \vendor\laravel\framework\src\Illuminate\View\View.php:207
#25 \vendor\laravel\framework\src\Illuminate\View\View.php:190
#26 \vendor\laravel\framework\src\Illuminate\View\View.php:159
#27 \storage\framework\views\d4722dbecb4e7df4acba07f354ad09e6.php:12
#29 \vendor\laravel\framework\src\Illuminate\Filesystem\Filesystem.php:124
#30 \vendor\laravel\framework\src\Illuminate\View\Engines\PhpEngine.php:58
#31 \vendor\laravel\framework\src\Illuminate\View\Engines\CompilerEngine.php:72
#32 \vendor\laravel\framework\src\Illuminate\View\View.php:207
#33 \vendor\laravel\framework\src\Illuminate\View\View.php:190
#34 \vendor\laravel\framework\src\Illuminate\View\View.php:159
#35 \vendor\laravel\framework\src\Illuminate\Http\Response.php:69
#36 \vendor\laravel\framework\src\Illuminate\Http\Response.php:35
#37 \vendor\laravel\framework\src\Illuminate\Routing\Router.php:918
#38 \vendor\laravel\framework\src\Illuminate\Routing\Router.php:885
#39 \vendor\laravel\framework\src\Illuminate\Routing\Router.php:805
#40 \vendor\laravel\framework\src\Illuminate\Pipeline\Pipeline.php:144
#41 \vendor\barryvdh\laravel-debugbar\src\Middleware\InjectDebugbar.php:66
#42 \vendor\laravel\framework\src\Illuminate\Pipeline\Pipeline.php:183
#43 \app\Http\Middleware\LanguageMiddleware.php:21
#44 \vendor\laravel\framework\src\Illuminate\Pipeline\Pipeline.php:183
#45 \vendor\laravel\framework\src\Illuminate\Routing\Middleware\SubstituteBindings.php:50
#46 \vendor\laravel\framework\src\Illuminate\Pipeline\Pipeline.php:183
#47 \vendor\laravel\framework\src\Illuminate\Foundation\Http\Middleware\VerifyCsrfToken.php:78
#48 \vendor\laravel\framework\src\Illuminate\Pipeline\Pipeline.php:183
#49 \vendor\laravel\framework\src\Illuminate\View\Middleware\ShareErrorsFromSession.php:49
  
[2025-09-24 20:31:06] local.INFO: Detected N+1 Query  
[2025-09-24 20:31:06] local.INFO: Model: App\Models\Neighborhood
Relation: county
Num-Called: 16
Call-Stack:
#19 \storage\framework\views\4df3612c1b3dd151f713123999c60556.php:46
#21 \vendor\laravel\framework\src\Illuminate\Filesystem\Filesystem.php:124
#22 \vendor\laravel\framework\src\Illuminate\View\Engines\PhpEngine.php:58
#23 \vendor\laravel\framework\src\Illuminate\View\Engines\CompilerEngine.php:72
#24 \vendor\laravel\framework\src\Illuminate\View\View.php:207
#25 \vendor\laravel\framework\src\Illuminate\View\View.php:190
#26 \vendor\laravel\framework\src\Illuminate\View\View.php:159
#27 \storage\framework\views\d4722dbecb4e7df4acba07f354ad09e6.php:12
#29 \vendor\laravel\framework\src\Illuminate\Filesystem\Filesystem.php:124
#30 \vendor\laravel\framework\src\Illuminate\View\Engines\PhpEngine.php:58
#31 \vendor\laravel\framework\src\Illuminate\View\Engines\CompilerEngine.php:72
#32 \vendor\laravel\framework\src\Illuminate\View\View.php:207
#33 \vendor\laravel\framework\src\Illuminate\View\View.php:190
#34 \vendor\laravel\framework\src\Illuminate\View\View.php:159
#35 \vendor\laravel\framework\src\Illuminate\Http\Response.php:69
#36 \vendor\laravel\framework\src\Illuminate\Http\Response.php:35
#37 \vendor\laravel\framework\src\Illuminate\Routing\Router.php:918
#38 \vendor\laravel\framework\src\Illuminate\Routing\Router.php:885
#39 \vendor\laravel\framework\src\Illuminate\Routing\Router.php:805
#40 \vendor\laravel\framework\src\Illuminate\Pipeline\Pipeline.php:144
#41 \vendor\barryvdh\laravel-debugbar\src\Middleware\InjectDebugbar.php:66
#42 \vendor\laravel\framework\src\Illuminate\Pipeline\Pipeline.php:183
#43 \app\Http\Middleware\LanguageMiddleware.php:21
#44 \vendor\laravel\framework\src\Illuminate\Pipeline\Pipeline.php:183
#45 \vendor\laravel\framework\src\Illuminate\Routing\Middleware\SubstituteBindings.php:50
#46 \vendor\laravel\framework\src\Illuminate\Pipeline\Pipeline.php:183
#47 \vendor\laravel\framework\src\Illuminate\Foundation\Http\Middleware\VerifyCsrfToken.php:78
#48 \vendor\laravel\framework\src\Illuminate\Pipeline\Pipeline.php:183
#49 \vendor\laravel\framework\src\Illuminate\View\Middleware\ShareErrorsFromSession.php:49
  
[2025-09-24 20:31:55] local.INFO: Detected N+1 Query  
[2025-09-24 20:31:55] local.INFO: Model: App\Models\Neighborhood
Relation: county
Num-Called: 16
Call-Stack:
#19 \storage\framework\views\4df3612c1b3dd151f713123999c60556.php:46
#21 \vendor\laravel\framework\src\Illuminate\Filesystem\Filesystem.php:124
#22 \vendor\laravel\framework\src\Illuminate\View\Engines\PhpEngine.php:58
#23 \vendor\laravel\framework\src\Illuminate\View\Engines\CompilerEngine.php:72
#24 \vendor\laravel\framework\src\Illuminate\View\View.php:207
#25 \vendor\laravel\framework\src\Illuminate\View\View.php:190
#26 \vendor\laravel\framework\src\Illuminate\View\View.php:159
#27 \storage\framework\views\d4722dbecb4e7df4acba07f354ad09e6.php:12
#29 \vendor\laravel\framework\src\Illuminate\Filesystem\Filesystem.php:124
#30 \vendor\laravel\framework\src\Illuminate\View\Engines\PhpEngine.php:58
#31 \vendor\laravel\framework\src\Illuminate\View\Engines\CompilerEngine.php:72
#32 \vendor\laravel\framework\src\Illuminate\View\View.php:207
#33 \vendor\laravel\framework\src\Illuminate\View\View.php:190
#34 \vendor\laravel\framework\src\Illuminate\View\View.php:159
#35 \vendor\laravel\framework\src\Illuminate\Http\Response.php:69
#36 \vendor\laravel\framework\src\Illuminate\Http\Response.php:35
#37 \vendor\laravel\framework\src\Illuminate\Routing\Router.php:918
#38 \vendor\laravel\framework\src\Illuminate\Routing\Router.php:885
#39 \vendor\laravel\framework\src\Illuminate\Routing\Router.php:805
#40 \vendor\laravel\framework\src\Illuminate\Pipeline\Pipeline.php:144
#41 \vendor\barryvdh\laravel-debugbar\src\Middleware\InjectDebugbar.php:66
#42 \vendor\laravel\framework\src\Illuminate\Pipeline\Pipeline.php:183
#43 \app\Http\Middleware\LanguageMiddleware.php:21
#44 \vendor\laravel\framework\src\Illuminate\Pipeline\Pipeline.php:183
#45 \vendor\laravel\framework\src\Illuminate\Routing\Middleware\SubstituteBindings.php:50
#46 \vendor\laravel\framework\src\Illuminate\Pipeline\Pipeline.php:183
#47 \vendor\laravel\framework\src\Illuminate\Foundation\Http\Middleware\VerifyCsrfToken.php:78
#48 \vendor\laravel\framework\src\Illuminate\Pipeline\Pipeline.php:183
#49 \vendor\laravel\framework\src\Illuminate\View\Middleware\ShareErrorsFromSession.php:49
  
[2025-09-24 20:34:28] local.INFO: Detected N+1 Query  
[2025-09-24 20:34:28] local.INFO: Model: App\Models\Neighborhood
Relation: county
Num-Called: 16
Call-Stack:
#19 \storage\framework\views\4df3612c1b3dd151f713123999c60556.php:46
#21 \vendor\laravel\framework\src\Illuminate\Filesystem\Filesystem.php:124
#22 \vendor\laravel\framework\src\Illuminate\View\Engines\PhpEngine.php:58
#23 \vendor\laravel\framework\src\Illuminate\View\Engines\CompilerEngine.php:72
#24 \vendor\laravel\framework\src\Illuminate\View\View.php:207
#25 \vendor\laravel\framework\src\Illuminate\View\View.php:190
#26 \vendor\laravel\framework\src\Illuminate\View\View.php:159
#27 \storage\framework\views\d4722dbecb4e7df4acba07f354ad09e6.php:12
#29 \vendor\laravel\framework\src\Illuminate\Filesystem\Filesystem.php:124
#30 \vendor\laravel\framework\src\Illuminate\View\Engines\PhpEngine.php:58
#31 \vendor\laravel\framework\src\Illuminate\View\Engines\CompilerEngine.php:72
#32 \vendor\laravel\framework\src\Illuminate\View\View.php:207
#33 \vendor\laravel\framework\src\Illuminate\View\View.php:190
#34 \vendor\laravel\framework\src\Illuminate\View\View.php:159
#35 \vendor\laravel\framework\src\Illuminate\Http\Response.php:69
#36 \vendor\laravel\framework\src\Illuminate\Http\Response.php:35
#37 \vendor\laravel\framework\src\Illuminate\Routing\Router.php:918
#38 \vendor\laravel\framework\src\Illuminate\Routing\Router.php:885
#39 \vendor\laravel\framework\src\Illuminate\Routing\Router.php:805
#40 \vendor\laravel\framework\src\Illuminate\Pipeline\Pipeline.php:144
#41 \vendor\barryvdh\laravel-debugbar\src\Middleware\InjectDebugbar.php:66
#42 \vendor\laravel\framework\src\Illuminate\Pipeline\Pipeline.php:183
#43 \app\Http\Middleware\LanguageMiddleware.php:21
#44 \vendor\laravel\framework\src\Illuminate\Pipeline\Pipeline.php:183
#45 \vendor\laravel\framework\src\Illuminate\Routing\Middleware\SubstituteBindings.php:50
#46 \vendor\laravel\framework\src\Illuminate\Pipeline\Pipeline.php:183
#47 \vendor\laravel\framework\src\Illuminate\Foundation\Http\Middleware\VerifyCsrfToken.php:78
#48 \vendor\laravel\framework\src\Illuminate\Pipeline\Pipeline.php:183
#49 \vendor\laravel\framework\src\Illuminate\View\Middleware\ShareErrorsFromSession.php:49
  
[2025-09-24 20:38:28] local.INFO: Detected N+1 Query  
[2025-09-24 20:38:28] local.INFO: Model: App\Models\Neighborhood
Relation: county
Num-Called: 16
Call-Stack:
#19 \storage\framework\views\4df3612c1b3dd151f713123999c60556.php:46
#21 \vendor\laravel\framework\src\Illuminate\Filesystem\Filesystem.php:124
#22 \vendor\laravel\framework\src\Illuminate\View\Engines\PhpEngine.php:58
#23 \vendor\laravel\framework\src\Illuminate\View\Engines\CompilerEngine.php:72
#24 \vendor\laravel\framework\src\Illuminate\View\View.php:207
#25 \vendor\laravel\framework\src\Illuminate\View\View.php:190
#26 \vendor\laravel\framework\src\Illuminate\View\View.php:159
#27 \storage\framework\views\d4722dbecb4e7df4acba07f354ad09e6.php:12
#29 \vendor\laravel\framework\src\Illuminate\Filesystem\Filesystem.php:124
#30 \vendor\laravel\framework\src\Illuminate\View\Engines\PhpEngine.php:58
#31 \vendor\laravel\framework\src\Illuminate\View\Engines\CompilerEngine.php:72
#32 \vendor\laravel\framework\src\Illuminate\View\View.php:207
#33 \vendor\laravel\framework\src\Illuminate\View\View.php:190
#34 \vendor\laravel\framework\src\Illuminate\View\View.php:159
#35 \vendor\laravel\framework\src\Illuminate\Http\Response.php:69
#36 \vendor\laravel\framework\src\Illuminate\Http\Response.php:35
#37 \vendor\laravel\framework\src\Illuminate\Routing\Router.php:918
#38 \vendor\laravel\framework\src\Illuminate\Routing\Router.php:885
#39 \vendor\laravel\framework\src\Illuminate\Routing\Router.php:805
#40 \vendor\laravel\framework\src\Illuminate\Pipeline\Pipeline.php:144
#41 \vendor\barryvdh\laravel-debugbar\src\Middleware\InjectDebugbar.php:66
#42 \vendor\laravel\framework\src\Illuminate\Pipeline\Pipeline.php:183
#43 \app\Http\Middleware\LanguageMiddleware.php:21
#44 \vendor\laravel\framework\src\Illuminate\Pipeline\Pipeline.php:183
#45 \vendor\laravel\framework\src\Illuminate\Routing\Middleware\SubstituteBindings.php:50
#46 \vendor\laravel\framework\src\Illuminate\Pipeline\Pipeline.php:183
#47 \vendor\laravel\framework\src\Illuminate\Foundation\Http\Middleware\VerifyCsrfToken.php:78
#48 \vendor\laravel\framework\src\Illuminate\Pipeline\Pipeline.php:183
#49 \vendor\laravel\framework\src\Illuminate\View\Middleware\ShareErrorsFromSession.php:49
  
[2025-09-24 20:42:23] local.INFO: Detected N+1 Query  
[2025-09-24 20:42:23] local.INFO: Model: App\Models\Neighborhood
Relation: county
Num-Called: 16
Call-Stack:
#19 \storage\framework\views\4df3612c1b3dd151f713123999c60556.php:51
#21 \vendor\laravel\framework\src\Illuminate\Filesystem\Filesystem.php:124
#22 \vendor\laravel\framework\src\Illuminate\View\Engines\PhpEngine.php:58
#23 \vendor\laravel\framework\src\Illuminate\View\Engines\CompilerEngine.php:72
#24 \vendor\laravel\framework\src\Illuminate\View\View.php:207
#25 \vendor\laravel\framework\src\Illuminate\View\View.php:190
#26 \vendor\laravel\framework\src\Illuminate\View\View.php:159
#27 \storage\framework\views\d4722dbecb4e7df4acba07f354ad09e6.php:12
#29 \vendor\laravel\framework\src\Illuminate\Filesystem\Filesystem.php:124
#30 \vendor\laravel\framework\src\Illuminate\View\Engines\PhpEngine.php:58
#31 \vendor\laravel\framework\src\Illuminate\View\Engines\CompilerEngine.php:72
#32 \vendor\laravel\framework\src\Illuminate\View\View.php:207
#33 \vendor\laravel\framework\src\Illuminate\View\View.php:190
#34 \vendor\laravel\framework\src\Illuminate\View\View.php:159
#35 \vendor\laravel\framework\src\Illuminate\Http\Response.php:69
#36 \vendor\laravel\framework\src\Illuminate\Http\Response.php:35
#37 \vendor\laravel\framework\src\Illuminate\Routing\Router.php:918
#38 \vendor\laravel\framework\src\Illuminate\Routing\Router.php:885
#39 \vendor\laravel\framework\src\Illuminate\Routing\Router.php:805
#40 \vendor\laravel\framework\src\Illuminate\Pipeline\Pipeline.php:144
#41 \vendor\barryvdh\laravel-debugbar\src\Middleware\InjectDebugbar.php:66
#42 \vendor\laravel\framework\src\Illuminate\Pipeline\Pipeline.php:183
#43 \app\Http\Middleware\LanguageMiddleware.php:21
#44 \vendor\laravel\framework\src\Illuminate\Pipeline\Pipeline.php:183
#45 \vendor\laravel\framework\src\Illuminate\Routing\Middleware\SubstituteBindings.php:50
#46 \vendor\laravel\framework\src\Illuminate\Pipeline\Pipeline.php:183
#47 \vendor\laravel\framework\src\Illuminate\Foundation\Http\Middleware\VerifyCsrfToken.php:78
#48 \vendor\laravel\framework\src\Illuminate\Pipeline\Pipeline.php:183
#49 \vendor\laravel\framework\src\Illuminate\View\Middleware\ShareErrorsFromSession.php:49
  
[2025-09-24 20:44:45] local.INFO: Detected N+1 Query  
[2025-09-24 20:44:45] local.INFO: Model: App\Models\Neighborhood
Relation: county
Num-Called: 16
Call-Stack:
#19 \storage\framework\views\4df3612c1b3dd151f713123999c60556.php:51
#21 \vendor\laravel\framework\src\Illuminate\Filesystem\Filesystem.php:124
#22 \vendor\laravel\framework\src\Illuminate\View\Engines\PhpEngine.php:58
#23 \vendor\laravel\framework\src\Illuminate\View\Engines\CompilerEngine.php:72
#24 \vendor\laravel\framework\src\Illuminate\View\View.php:207
#25 \vendor\laravel\framework\src\Illuminate\View\View.php:190
#26 \vendor\laravel\framework\src\Illuminate\View\View.php:159
#27 \storage\framework\views\d4722dbecb4e7df4acba07f354ad09e6.php:12
#29 \vendor\laravel\framework\src\Illuminate\Filesystem\Filesystem.php:124
#30 \vendor\laravel\framework\src\Illuminate\View\Engines\PhpEngine.php:58
#31 \vendor\laravel\framework\src\Illuminate\View\Engines\CompilerEngine.php:72
#32 \vendor\laravel\framework\src\Illuminate\View\View.php:207
#33 \vendor\laravel\framework\src\Illuminate\View\View.php:190
#34 \vendor\laravel\framework\src\Illuminate\View\View.php:159
#35 \vendor\laravel\framework\src\Illuminate\Http\Response.php:69
#36 \vendor\laravel\framework\src\Illuminate\Http\Response.php:35
#37 \vendor\laravel\framework\src\Illuminate\Routing\Router.php:918
#38 \vendor\laravel\framework\src\Illuminate\Routing\Router.php:885
#39 \vendor\laravel\framework\src\Illuminate\Routing\Router.php:805
#40 \vendor\laravel\framework\src\Illuminate\Pipeline\Pipeline.php:144
#41 \vendor\barryvdh\laravel-debugbar\src\Middleware\InjectDebugbar.php:66
#42 \vendor\laravel\framework\src\Illuminate\Pipeline\Pipeline.php:183
#43 \app\Http\Middleware\LanguageMiddleware.php:21
#44 \vendor\laravel\framework\src\Illuminate\Pipeline\Pipeline.php:183
#45 \vendor\laravel\framework\src\Illuminate\Routing\Middleware\SubstituteBindings.php:50
#46 \vendor\laravel\framework\src\Illuminate\Pipeline\Pipeline.php:183
#47 \vendor\laravel\framework\src\Illuminate\Foundation\Http\Middleware\VerifyCsrfToken.php:78
#48 \vendor\laravel\framework\src\Illuminate\Pipeline\Pipeline.php:183
#49 \vendor\laravel\framework\src\Illuminate\View\Middleware\ShareErrorsFromSession.php:49
  
[2025-09-24 20:47:25] local.INFO: Detected N+1 Query  
[2025-09-24 20:47:25] local.INFO: Model: App\Models\Neighborhood
Relation: county
Num-Called: 16
Call-Stack:
#19 \storage\framework\views\4df3612c1b3dd151f713123999c60556.php:51
#21 \vendor\laravel\framework\src\Illuminate\Filesystem\Filesystem.php:124
#22 \vendor\laravel\framework\src\Illuminate\View\Engines\PhpEngine.php:58
#23 \vendor\laravel\framework\src\Illuminate\View\Engines\CompilerEngine.php:72
#24 \vendor\laravel\framework\src\Illuminate\View\View.php:207
#25 \vendor\laravel\framework\src\Illuminate\View\View.php:190
#26 \vendor\laravel\framework\src\Illuminate\View\View.php:159
#27 \storage\framework\views\d4722dbecb4e7df4acba07f354ad09e6.php:12
#29 \vendor\laravel\framework\src\Illuminate\Filesystem\Filesystem.php:124
#30 \vendor\laravel\framework\src\Illuminate\View\Engines\PhpEngine.php:58
#31 \vendor\laravel\framework\src\Illuminate\View\Engines\CompilerEngine.php:72
#32 \vendor\laravel\framework\src\Illuminate\View\View.php:207
#33 \vendor\laravel\framework\src\Illuminate\View\View.php:190
#34 \vendor\laravel\framework\src\Illuminate\View\View.php:159
#35 \vendor\laravel\framework\src\Illuminate\Http\Response.php:69
#36 \vendor\laravel\framework\src\Illuminate\Http\Response.php:35
#37 \vendor\laravel\framework\src\Illuminate\Routing\Router.php:918
#38 \vendor\laravel\framework\src\Illuminate\Routing\Router.php:885
#39 \vendor\laravel\framework\src\Illuminate\Routing\Router.php:805
#40 \vendor\laravel\framework\src\Illuminate\Pipeline\Pipeline.php:144
#41 \vendor\barryvdh\laravel-debugbar\src\Middleware\InjectDebugbar.php:66
#42 \vendor\laravel\framework\src\Illuminate\Pipeline\Pipeline.php:183
#43 \app\Http\Middleware\LanguageMiddleware.php:21
#44 \vendor\laravel\framework\src\Illuminate\Pipeline\Pipeline.php:183
#45 \vendor\laravel\framework\src\Illuminate\Routing\Middleware\SubstituteBindings.php:50
#46 \vendor\laravel\framework\src\Illuminate\Pipeline\Pipeline.php:183
#47 \vendor\laravel\framework\src\Illuminate\Foundation\Http\Middleware\VerifyCsrfToken.php:78
#48 \vendor\laravel\framework\src\Illuminate\Pipeline\Pipeline.php:183
#49 \vendor\laravel\framework\src\Illuminate\View\Middleware\ShareErrorsFromSession.php:49
  
[2025-09-24 20:58:04] local.INFO: Detected N+1 Query  
[2025-09-24 20:58:04] local.INFO: Model: App\Models\Neighborhood
Relation: county
Num-Called: 16
Call-Stack:
#19 \storage\framework\views\4df3612c1b3dd151f713123999c60556.php:45
#21 \vendor\laravel\framework\src\Illuminate\Filesystem\Filesystem.php:124
#22 \vendor\laravel\framework\src\Illuminate\View\Engines\PhpEngine.php:58
#23 \vendor\laravel\framework\src\Illuminate\View\Engines\CompilerEngine.php:72
#24 \vendor\laravel\framework\src\Illuminate\View\View.php:207
#25 \vendor\laravel\framework\src\Illuminate\View\View.php:190
#26 \vendor\laravel\framework\src\Illuminate\View\View.php:159
#27 \storage\framework\views\d4722dbecb4e7df4acba07f354ad09e6.php:12
#29 \vendor\laravel\framework\src\Illuminate\Filesystem\Filesystem.php:124
#30 \vendor\laravel\framework\src\Illuminate\View\Engines\PhpEngine.php:58
#31 \vendor\laravel\framework\src\Illuminate\View\Engines\CompilerEngine.php:72
#32 \vendor\laravel\framework\src\Illuminate\View\View.php:207
#33 \vendor\laravel\framework\src\Illuminate\View\View.php:190
#34 \vendor\laravel\framework\src\Illuminate\View\View.php:159
#35 \vendor\laravel\framework\src\Illuminate\Http\Response.php:69
#36 \vendor\laravel\framework\src\Illuminate\Http\Response.php:35
#37 \vendor\laravel\framework\src\Illuminate\Routing\Router.php:918
#38 \vendor\laravel\framework\src\Illuminate\Routing\Router.php:885
#39 \vendor\laravel\framework\src\Illuminate\Routing\Router.php:805
#40 \vendor\laravel\framework\src\Illuminate\Pipeline\Pipeline.php:144
#41 \vendor\barryvdh\laravel-debugbar\src\Middleware\InjectDebugbar.php:66
#42 \vendor\laravel\framework\src\Illuminate\Pipeline\Pipeline.php:183
#43 \app\Http\Middleware\LanguageMiddleware.php:21
#44 \vendor\laravel\framework\src\Illuminate\Pipeline\Pipeline.php:183
#45 \vendor\laravel\framework\src\Illuminate\Routing\Middleware\SubstituteBindings.php:50
#46 \vendor\laravel\framework\src\Illuminate\Pipeline\Pipeline.php:183
#47 \vendor\laravel\framework\src\Illuminate\Foundation\Http\Middleware\VerifyCsrfToken.php:78
#48 \vendor\laravel\framework\src\Illuminate\Pipeline\Pipeline.php:183
#49 \vendor\laravel\framework\src\Illuminate\View\Middleware\ShareErrorsFromSession.php:49
  
[2025-09-24 21:04:42] local.INFO: Detected N+1 Query  
[2025-09-24 21:04:42] local.INFO: Model: App\Models\Neighborhood
Relation: county
Num-Called: 16
Call-Stack:
#19 \storage\framework\views\4df3612c1b3dd151f713123999c60556.php:44
#21 \vendor\laravel\framework\src\Illuminate\Filesystem\Filesystem.php:124
#22 \vendor\laravel\framework\src\Illuminate\View\Engines\PhpEngine.php:58
#23 \vendor\laravel\framework\src\Illuminate\View\Engines\CompilerEngine.php:72
#24 \vendor\laravel\framework\src\Illuminate\View\View.php:207
#25 \vendor\laravel\framework\src\Illuminate\View\View.php:190
#26 \vendor\laravel\framework\src\Illuminate\View\View.php:159
#27 \storage\framework\views\d4722dbecb4e7df4acba07f354ad09e6.php:12
#29 \vendor\laravel\framework\src\Illuminate\Filesystem\Filesystem.php:124
#30 \vendor\laravel\framework\src\Illuminate\View\Engines\PhpEngine.php:58
#31 \vendor\laravel\framework\src\Illuminate\View\Engines\CompilerEngine.php:72
#32 \vendor\laravel\framework\src\Illuminate\View\View.php:207
#33 \vendor\laravel\framework\src\Illuminate\View\View.php:190
#34 \vendor\laravel\framework\src\Illuminate\View\View.php:159
#35 \vendor\laravel\framework\src\Illuminate\Http\Response.php:69
#36 \vendor\laravel\framework\src\Illuminate\Http\Response.php:35
#37 \vendor\laravel\framework\src\Illuminate\Routing\Router.php:918
#38 \vendor\laravel\framework\src\Illuminate\Routing\Router.php:885
#39 \vendor\laravel\framework\src\Illuminate\Routing\Router.php:805
#40 \vendor\laravel\framework\src\Illuminate\Pipeline\Pipeline.php:144
#41 \vendor\barryvdh\laravel-debugbar\src\Middleware\InjectDebugbar.php:66
#42 \vendor\laravel\framework\src\Illuminate\Pipeline\Pipeline.php:183
#43 \app\Http\Middleware\LanguageMiddleware.php:21
#44 \vendor\laravel\framework\src\Illuminate\Pipeline\Pipeline.php:183
#45 \vendor\laravel\framework\src\Illuminate\Routing\Middleware\SubstituteBindings.php:50
#46 \vendor\laravel\framework\src\Illuminate\Pipeline\Pipeline.php:183
#47 \vendor\laravel\framework\src\Illuminate\Foundation\Http\Middleware\VerifyCsrfToken.php:78
#48 \vendor\laravel\framework\src\Illuminate\Pipeline\Pipeline.php:183
#49 \vendor\laravel\framework\src\Illuminate\View\Middleware\ShareErrorsFromSession.php:49
  
[2025-09-24 21:10:24] local.INFO: Detected N+1 Query  
[2025-09-24 21:10:24] local.INFO: Model: App\Models\Neighborhood
Relation: county
Num-Called: 16
Call-Stack:
#19 \storage\framework\views\4df3612c1b3dd151f713123999c60556.php:44
#21 \vendor\laravel\framework\src\Illuminate\Filesystem\Filesystem.php:124
#22 \vendor\laravel\framework\src\Illuminate\View\Engines\PhpEngine.php:58
#23 \vendor\laravel\framework\src\Illuminate\View\Engines\CompilerEngine.php:72
#24 \vendor\laravel\framework\src\Illuminate\View\View.php:207
#25 \vendor\laravel\framework\src\Illuminate\View\View.php:190
#26 \vendor\laravel\framework\src\Illuminate\View\View.php:159
#27 \storage\framework\views\d4722dbecb4e7df4acba07f354ad09e6.php:12
#29 \vendor\laravel\framework\src\Illuminate\Filesystem\Filesystem.php:124
#30 \vendor\laravel\framework\src\Illuminate\View\Engines\PhpEngine.php:58
#31 \vendor\laravel\framework\src\Illuminate\View\Engines\CompilerEngine.php:72
#32 \vendor\laravel\framework\src\Illuminate\View\View.php:207
#33 \vendor\laravel\framework\src\Illuminate\View\View.php:190
#34 \vendor\laravel\framework\src\Illuminate\View\View.php:159
#35 \vendor\laravel\framework\src\Illuminate\Http\Response.php:69
#36 \vendor\laravel\framework\src\Illuminate\Http\Response.php:35
#37 \vendor\laravel\framework\src\Illuminate\Routing\Router.php:918
#38 \vendor\laravel\framework\src\Illuminate\Routing\Router.php:885
#39 \vendor\laravel\framework\src\Illuminate\Routing\Router.php:805
#40 \vendor\laravel\framework\src\Illuminate\Pipeline\Pipeline.php:144
#41 \vendor\barryvdh\laravel-debugbar\src\Middleware\InjectDebugbar.php:66
#42 \vendor\laravel\framework\src\Illuminate\Pipeline\Pipeline.php:183
#43 \app\Http\Middleware\LanguageMiddleware.php:21
#44 \vendor\laravel\framework\src\Illuminate\Pipeline\Pipeline.php:183
#45 \vendor\laravel\framework\src\Illuminate\Routing\Middleware\SubstituteBindings.php:50
#46 \vendor\laravel\framework\src\Illuminate\Pipeline\Pipeline.php:183
#47 \vendor\laravel\framework\src\Illuminate\Foundation\Http\Middleware\VerifyCsrfToken.php:78
#48 \vendor\laravel\framework\src\Illuminate\Pipeline\Pipeline.php:183
#49 \vendor\laravel\framework\src\Illuminate\View\Middleware\ShareErrorsFromSession.php:49
  
[2025-09-24 21:15:34] local.INFO: Detected N+1 Query  
[2025-09-24 21:15:34] local.INFO: Model: App\Models\Neighborhood
Relation: county
Num-Called: 16
Call-Stack:
#19 \storage\framework\views\4df3612c1b3dd151f713123999c60556.php:44
#21 \vendor\laravel\framework\src\Illuminate\Filesystem\Filesystem.php:124
#22 \vendor\laravel\framework\src\Illuminate\View\Engines\PhpEngine.php:58
#23 \vendor\laravel\framework\src\Illuminate\View\Engines\CompilerEngine.php:72
#24 \vendor\laravel\framework\src\Illuminate\View\View.php:207
#25 \vendor\laravel\framework\src\Illuminate\View\View.php:190
#26 \vendor\laravel\framework\src\Illuminate\View\View.php:159
#27 \storage\framework\views\d4722dbecb4e7df4acba07f354ad09e6.php:12
#29 \vendor\laravel\framework\src\Illuminate\Filesystem\Filesystem.php:124
#30 \vendor\laravel\framework\src\Illuminate\View\Engines\PhpEngine.php:58
#31 \vendor\laravel\framework\src\Illuminate\View\Engines\CompilerEngine.php:72
#32 \vendor\laravel\framework\src\Illuminate\View\View.php:207
#33 \vendor\laravel\framework\src\Illuminate\View\View.php:190
#34 \vendor\laravel\framework\src\Illuminate\View\View.php:159
#35 \vendor\laravel\framework\src\Illuminate\Http\Response.php:69
#36 \vendor\laravel\framework\src\Illuminate\Http\Response.php:35
#37 \vendor\laravel\framework\src\Illuminate\Routing\Router.php:918
#38 \vendor\laravel\framework\src\Illuminate\Routing\Router.php:885
#39 \vendor\laravel\framework\src\Illuminate\Routing\Router.php:805
#40 \vendor\laravel\framework\src\Illuminate\Pipeline\Pipeline.php:144
#41 \vendor\barryvdh\laravel-debugbar\src\Middleware\InjectDebugbar.php:66
#42 \vendor\laravel\framework\src\Illuminate\Pipeline\Pipeline.php:183
#43 \app\Http\Middleware\LanguageMiddleware.php:21
#44 \vendor\laravel\framework\src\Illuminate\Pipeline\Pipeline.php:183
#45 \vendor\laravel\framework\src\Illuminate\Routing\Middleware\SubstituteBindings.php:50
#46 \vendor\laravel\framework\src\Illuminate\Pipeline\Pipeline.php:183
#47 \vendor\laravel\framework\src\Illuminate\Foundation\Http\Middleware\VerifyCsrfToken.php:78
#48 \vendor\laravel\framework\src\Illuminate\Pipeline\Pipeline.php:183
#49 \vendor\laravel\framework\src\Illuminate\View\Middleware\ShareErrorsFromSession.php:49
  
[2025-09-24 21:15:50] local.INFO: Detected N+1 Query  
[2025-09-24 21:15:50] local.INFO: Model: App\Models\Neighborhood
Relation: county
Num-Called: 16
Call-Stack:
#19 \storage\framework\views\4df3612c1b3dd151f713123999c60556.php:44
#21 \vendor\laravel\framework\src\Illuminate\Filesystem\Filesystem.php:124
#22 \vendor\laravel\framework\src\Illuminate\View\Engines\PhpEngine.php:58
#23 \vendor\laravel\framework\src\Illuminate\View\Engines\CompilerEngine.php:72
#24 \vendor\laravel\framework\src\Illuminate\View\View.php:207
#25 \vendor\laravel\framework\src\Illuminate\View\View.php:190
#26 \vendor\laravel\framework\src\Illuminate\View\View.php:159
#27 \storage\framework\views\d4722dbecb4e7df4acba07f354ad09e6.php:12
#29 \vendor\laravel\framework\src\Illuminate\Filesystem\Filesystem.php:124
#30 \vendor\laravel\framework\src\Illuminate\View\Engines\PhpEngine.php:58
#31 \vendor\laravel\framework\src\Illuminate\View\Engines\CompilerEngine.php:72
#32 \vendor\laravel\framework\src\Illuminate\View\View.php:207
#33 \vendor\laravel\framework\src\Illuminate\View\View.php:190
#34 \vendor\laravel\framework\src\Illuminate\View\View.php:159
#35 \vendor\laravel\framework\src\Illuminate\Http\Response.php:69
#36 \vendor\laravel\framework\src\Illuminate\Http\Response.php:35
#37 \vendor\laravel\framework\src\Illuminate\Routing\Router.php:918
#38 \vendor\laravel\framework\src\Illuminate\Routing\Router.php:885
#39 \vendor\laravel\framework\src\Illuminate\Routing\Router.php:805
#40 \vendor\laravel\framework\src\Illuminate\Pipeline\Pipeline.php:144
#41 \vendor\barryvdh\laravel-debugbar\src\Middleware\InjectDebugbar.php:66
#42 \vendor\laravel\framework\src\Illuminate\Pipeline\Pipeline.php:183
#43 \app\Http\Middleware\LanguageMiddleware.php:21
#44 \vendor\laravel\framework\src\Illuminate\Pipeline\Pipeline.php:183
#45 \vendor\laravel\framework\src\Illuminate\Routing\Middleware\SubstituteBindings.php:50
#46 \vendor\laravel\framework\src\Illuminate\Pipeline\Pipeline.php:183
#47 \vendor\laravel\framework\src\Illuminate\Foundation\Http\Middleware\VerifyCsrfToken.php:78
#48 \vendor\laravel\framework\src\Illuminate\Pipeline\Pipeline.php:183
#49 \vendor\laravel\framework\src\Illuminate\View\Middleware\ShareErrorsFromSession.php:49
  
[2025-09-24 21:21:05] local.INFO: Detected N+1 Query  
[2025-09-24 21:21:05] local.INFO: Model: App\Models\Neighborhood
Relation: county
Num-Called: 16
Call-Stack:
#19 \storage\framework\views\4df3612c1b3dd151f713123999c60556.php:44
#21 \vendor\laravel\framework\src\Illuminate\Filesystem\Filesystem.php:124
#22 \vendor\laravel\framework\src\Illuminate\View\Engines\PhpEngine.php:58
#23 \vendor\laravel\framework\src\Illuminate\View\Engines\CompilerEngine.php:72
#24 \vendor\laravel\framework\src\Illuminate\View\View.php:207
#25 \vendor\laravel\framework\src\Illuminate\View\View.php:190
#26 \vendor\laravel\framework\src\Illuminate\View\View.php:159
#27 \storage\framework\views\d4722dbecb4e7df4acba07f354ad09e6.php:12
#29 \vendor\laravel\framework\src\Illuminate\Filesystem\Filesystem.php:124
#30 \vendor\laravel\framework\src\Illuminate\View\Engines\PhpEngine.php:58
#31 \vendor\laravel\framework\src\Illuminate\View\Engines\CompilerEngine.php:72
#32 \vendor\laravel\framework\src\Illuminate\View\View.php:207
#33 \vendor\laravel\framework\src\Illuminate\View\View.php:190
#34 \vendor\laravel\framework\src\Illuminate\View\View.php:159
#35 \vendor\laravel\framework\src\Illuminate\Http\Response.php:69
#36 \vendor\laravel\framework\src\Illuminate\Http\Response.php:35
#37 \vendor\laravel\framework\src\Illuminate\Routing\Router.php:918
#38 \vendor\laravel\framework\src\Illuminate\Routing\Router.php:885
#39 \vendor\laravel\framework\src\Illuminate\Routing\Router.php:805
#40 \vendor\laravel\framework\src\Illuminate\Pipeline\Pipeline.php:144
#41 \vendor\barryvdh\laravel-debugbar\src\Middleware\InjectDebugbar.php:66
#42 \vendor\laravel\framework\src\Illuminate\Pipeline\Pipeline.php:183
#43 \app\Http\Middleware\LanguageMiddleware.php:21
#44 \vendor\laravel\framework\src\Illuminate\Pipeline\Pipeline.php:183
#45 \vendor\laravel\framework\src\Illuminate\Routing\Middleware\SubstituteBindings.php:50
#46 \vendor\laravel\framework\src\Illuminate\Pipeline\Pipeline.php:183
#47 \vendor\laravel\framework\src\Illuminate\Foundation\Http\Middleware\VerifyCsrfToken.php:78
#48 \vendor\laravel\framework\src\Illuminate\Pipeline\Pipeline.php:183
#49 \vendor\laravel\framework\src\Illuminate\View\Middleware\ShareErrorsFromSession.php:49
  
[2025-09-24 21:22:30] local.INFO: Detected N+1 Query  
[2025-09-24 21:22:30] local.INFO: Model: App\Models\Neighborhood
Relation: county
Num-Called: 16
Call-Stack:
#19 \storage\framework\views\4df3612c1b3dd151f713123999c60556.php:44
#21 \vendor\laravel\framework\src\Illuminate\Filesystem\Filesystem.php:124
#22 \vendor\laravel\framework\src\Illuminate\View\Engines\PhpEngine.php:58
#23 \vendor\laravel\framework\src\Illuminate\View\Engines\CompilerEngine.php:72
#24 \vendor\laravel\framework\src\Illuminate\View\View.php:207
#25 \vendor\laravel\framework\src\Illuminate\View\View.php:190
#26 \vendor\laravel\framework\src\Illuminate\View\View.php:159
#27 \storage\framework\views\d4722dbecb4e7df4acba07f354ad09e6.php:12
#29 \vendor\laravel\framework\src\Illuminate\Filesystem\Filesystem.php:124
#30 \vendor\laravel\framework\src\Illuminate\View\Engines\PhpEngine.php:58
#31 \vendor\laravel\framework\src\Illuminate\View\Engines\CompilerEngine.php:72
#32 \vendor\laravel\framework\src\Illuminate\View\View.php:207
#33 \vendor\laravel\framework\src\Illuminate\View\View.php:190
#34 \vendor\laravel\framework\src\Illuminate\View\View.php:159
#35 \vendor\laravel\framework\src\Illuminate\Http\Response.php:69
#36 \vendor\laravel\framework\src\Illuminate\Http\Response.php:35
#37 \vendor\laravel\framework\src\Illuminate\Routing\Router.php:918
#38 \vendor\laravel\framework\src\Illuminate\Routing\Router.php:885
#39 \vendor\laravel\framework\src\Illuminate\Routing\Router.php:805
#40 \vendor\laravel\framework\src\Illuminate\Pipeline\Pipeline.php:144
#41 \vendor\barryvdh\laravel-debugbar\src\Middleware\InjectDebugbar.php:66
#42 \vendor\laravel\framework\src\Illuminate\Pipeline\Pipeline.php:183
#43 \app\Http\Middleware\LanguageMiddleware.php:21
#44 \vendor\laravel\framework\src\Illuminate\Pipeline\Pipeline.php:183
#45 \vendor\laravel\framework\src\Illuminate\Routing\Middleware\SubstituteBindings.php:50
#46 \vendor\laravel\framework\src\Illuminate\Pipeline\Pipeline.php:183
#47 \vendor\laravel\framework\src\Illuminate\Foundation\Http\Middleware\VerifyCsrfToken.php:78
#48 \vendor\laravel\framework\src\Illuminate\Pipeline\Pipeline.php:183
#49 \vendor\laravel\framework\src\Illuminate\View\Middleware\ShareErrorsFromSession.php:49
  
[2025-09-24 21:23:09] local.INFO: Detected N+1 Query  
[2025-09-24 21:23:09] local.INFO: Model: App\Models\Neighborhood
Relation: county
Num-Called: 16
Call-Stack:
#19 \storage\framework\views\4df3612c1b3dd151f713123999c60556.php:44
#21 \vendor\laravel\framework\src\Illuminate\Filesystem\Filesystem.php:124
#22 \vendor\laravel\framework\src\Illuminate\View\Engines\PhpEngine.php:58
#23 \vendor\laravel\framework\src\Illuminate\View\Engines\CompilerEngine.php:72
#24 \vendor\laravel\framework\src\Illuminate\View\View.php:207
#25 \vendor\laravel\framework\src\Illuminate\View\View.php:190
#26 \vendor\laravel\framework\src\Illuminate\View\View.php:159
#27 \storage\framework\views\d4722dbecb4e7df4acba07f354ad09e6.php:12
#29 \vendor\laravel\framework\src\Illuminate\Filesystem\Filesystem.php:124
#30 \vendor\laravel\framework\src\Illuminate\View\Engines\PhpEngine.php:58
#31 \vendor\laravel\framework\src\Illuminate\View\Engines\CompilerEngine.php:72
#32 \vendor\laravel\framework\src\Illuminate\View\View.php:207
#33 \vendor\laravel\framework\src\Illuminate\View\View.php:190
#34 \vendor\laravel\framework\src\Illuminate\View\View.php:159
#35 \vendor\laravel\framework\src\Illuminate\Http\Response.php:69
#36 \vendor\laravel\framework\src\Illuminate\Http\Response.php:35
#37 \vendor\laravel\framework\src\Illuminate\Routing\Router.php:918
#38 \vendor\laravel\framework\src\Illuminate\Routing\Router.php:885
#39 \vendor\laravel\framework\src\Illuminate\Routing\Router.php:805
#40 \vendor\laravel\framework\src\Illuminate\Pipeline\Pipeline.php:144
#41 \vendor\barryvdh\laravel-debugbar\src\Middleware\InjectDebugbar.php:66
#42 \vendor\laravel\framework\src\Illuminate\Pipeline\Pipeline.php:183
#43 \app\Http\Middleware\LanguageMiddleware.php:21
#44 \vendor\laravel\framework\src\Illuminate\Pipeline\Pipeline.php:183
#45 \vendor\laravel\framework\src\Illuminate\Routing\Middleware\SubstituteBindings.php:50
#46 \vendor\laravel\framework\src\Illuminate\Pipeline\Pipeline.php:183
#47 \vendor\laravel\framework\src\Illuminate\Foundation\Http\Middleware\VerifyCsrfToken.php:78
#48 \vendor\laravel\framework\src\Illuminate\Pipeline\Pipeline.php:183
#49 \vendor\laravel\framework\src\Illuminate\View\Middleware\ShareErrorsFromSession.php:49
  
[2025-09-24 21:23:52] local.INFO: Detected N+1 Query  
[2025-09-24 21:23:52] local.INFO: Model: App\Models\Neighborhood
Relation: county
Num-Called: 16
Call-Stack:
#19 \storage\framework\views\4df3612c1b3dd151f713123999c60556.php:44
#21 \vendor\laravel\framework\src\Illuminate\Filesystem\Filesystem.php:124
#22 \vendor\laravel\framework\src\Illuminate\View\Engines\PhpEngine.php:58
#23 \vendor\laravel\framework\src\Illuminate\View\Engines\CompilerEngine.php:72
#24 \vendor\laravel\framework\src\Illuminate\View\View.php:207
#25 \vendor\laravel\framework\src\Illuminate\View\View.php:190
#26 \vendor\laravel\framework\src\Illuminate\View\View.php:159
#27 \storage\framework\views\d4722dbecb4e7df4acba07f354ad09e6.php:12
#29 \vendor\laravel\framework\src\Illuminate\Filesystem\Filesystem.php:124
#30 \vendor\laravel\framework\src\Illuminate\View\Engines\PhpEngine.php:58
#31 \vendor\laravel\framework\src\Illuminate\View\Engines\CompilerEngine.php:72
#32 \vendor\laravel\framework\src\Illuminate\View\View.php:207
#33 \vendor\laravel\framework\src\Illuminate\View\View.php:190
#34 \vendor\laravel\framework\src\Illuminate\View\View.php:159
#35 \vendor\laravel\framework\src\Illuminate\Http\Response.php:69
#36 \vendor\laravel\framework\src\Illuminate\Http\Response.php:35
#37 \vendor\laravel\framework\src\Illuminate\Routing\Router.php:918
#38 \vendor\laravel\framework\src\Illuminate\Routing\Router.php:885
#39 \vendor\laravel\framework\src\Illuminate\Routing\Router.php:805
#40 \vendor\laravel\framework\src\Illuminate\Pipeline\Pipeline.php:144
#41 \vendor\barryvdh\laravel-debugbar\src\Middleware\InjectDebugbar.php:66
#42 \vendor\laravel\framework\src\Illuminate\Pipeline\Pipeline.php:183
#43 \app\Http\Middleware\LanguageMiddleware.php:21
#44 \vendor\laravel\framework\src\Illuminate\Pipeline\Pipeline.php:183
#45 \vendor\laravel\framework\src\Illuminate\Routing\Middleware\SubstituteBindings.php:50
#46 \vendor\laravel\framework\src\Illuminate\Pipeline\Pipeline.php:183
#47 \vendor\laravel\framework\src\Illuminate\Foundation\Http\Middleware\VerifyCsrfToken.php:78
#48 \vendor\laravel\framework\src\Illuminate\Pipeline\Pipeline.php:183
#49 \vendor\laravel\framework\src\Illuminate\View\Middleware\ShareErrorsFromSession.php:49
  
[2025-09-24 21:25:46] local.INFO: Detected N+1 Query  
[2025-09-24 21:25:46] local.INFO: Model: App\Models\Neighborhood
Relation: county
Num-Called: 16
Call-Stack:
#19 \storage\framework\views\4df3612c1b3dd151f713123999c60556.php:44
#21 \vendor\laravel\framework\src\Illuminate\Filesystem\Filesystem.php:124
#22 \vendor\laravel\framework\src\Illuminate\View\Engines\PhpEngine.php:58
#23 \vendor\laravel\framework\src\Illuminate\View\Engines\CompilerEngine.php:72
#24 \vendor\laravel\framework\src\Illuminate\View\View.php:207
#25 \vendor\laravel\framework\src\Illuminate\View\View.php:190
#26 \vendor\laravel\framework\src\Illuminate\View\View.php:159
#27 \storage\framework\views\d4722dbecb4e7df4acba07f354ad09e6.php:12
#29 \vendor\laravel\framework\src\Illuminate\Filesystem\Filesystem.php:124
#30 \vendor\laravel\framework\src\Illuminate\View\Engines\PhpEngine.php:58
#31 \vendor\laravel\framework\src\Illuminate\View\Engines\CompilerEngine.php:72
#32 \vendor\laravel\framework\src\Illuminate\View\View.php:207
#33 \vendor\laravel\framework\src\Illuminate\View\View.php:190
#34 \vendor\laravel\framework\src\Illuminate\View\View.php:159
#35 \vendor\laravel\framework\src\Illuminate\Http\Response.php:69
#36 \vendor\laravel\framework\src\Illuminate\Http\Response.php:35
#37 \vendor\laravel\framework\src\Illuminate\Routing\Router.php:918
#38 \vendor\laravel\framework\src\Illuminate\Routing\Router.php:885
#39 \vendor\laravel\framework\src\Illuminate\Routing\Router.php:805
#40 \vendor\laravel\framework\src\Illuminate\Pipeline\Pipeline.php:144
#41 \vendor\barryvdh\laravel-debugbar\src\Middleware\InjectDebugbar.php:66
#42 \vendor\laravel\framework\src\Illuminate\Pipeline\Pipeline.php:183
#43 \app\Http\Middleware\LanguageMiddleware.php:21
#44 \vendor\laravel\framework\src\Illuminate\Pipeline\Pipeline.php:183
#45 \vendor\laravel\framework\src\Illuminate\Routing\Middleware\SubstituteBindings.php:50
#46 \vendor\laravel\framework\src\Illuminate\Pipeline\Pipeline.php:183
#47 \vendor\laravel\framework\src\Illuminate\Foundation\Http\Middleware\VerifyCsrfToken.php:78
#48 \vendor\laravel\framework\src\Illuminate\Pipeline\Pipeline.php:183
#49 \vendor\laravel\framework\src\Illuminate\View\Middleware\ShareErrorsFromSession.php:49
  
[2025-09-24 21:26:22] local.INFO: Detected N+1 Query  
[2025-09-24 21:26:22] local.INFO: Model: App\Models\Neighborhood
Relation: county
Num-Called: 16
Call-Stack:
#19 \storage\framework\views\4df3612c1b3dd151f713123999c60556.php:44
#21 \vendor\laravel\framework\src\Illuminate\Filesystem\Filesystem.php:124
#22 \vendor\laravel\framework\src\Illuminate\View\Engines\PhpEngine.php:58
#23 \vendor\laravel\framework\src\Illuminate\View\Engines\CompilerEngine.php:72
#24 \vendor\laravel\framework\src\Illuminate\View\View.php:207
#25 \vendor\laravel\framework\src\Illuminate\View\View.php:190
#26 \vendor\laravel\framework\src\Illuminate\View\View.php:159
#27 \storage\framework\views\d4722dbecb4e7df4acba07f354ad09e6.php:12
#29 \vendor\laravel\framework\src\Illuminate\Filesystem\Filesystem.php:124
#30 \vendor\laravel\framework\src\Illuminate\View\Engines\PhpEngine.php:58
#31 \vendor\laravel\framework\src\Illuminate\View\Engines\CompilerEngine.php:72
#32 \vendor\laravel\framework\src\Illuminate\View\View.php:207
#33 \vendor\laravel\framework\src\Illuminate\View\View.php:190
#34 \vendor\laravel\framework\src\Illuminate\View\View.php:159
#35 \vendor\laravel\framework\src\Illuminate\Http\Response.php:69
#36 \vendor\laravel\framework\src\Illuminate\Http\Response.php:35
#37 \vendor\laravel\framework\src\Illuminate\Routing\Router.php:918
#38 \vendor\laravel\framework\src\Illuminate\Routing\Router.php:885
#39 \vendor\laravel\framework\src\Illuminate\Routing\Router.php:805
#40 \vendor\laravel\framework\src\Illuminate\Pipeline\Pipeline.php:144
#41 \vendor\barryvdh\laravel-debugbar\src\Middleware\InjectDebugbar.php:66
#42 \vendor\laravel\framework\src\Illuminate\Pipeline\Pipeline.php:183
#43 \app\Http\Middleware\LanguageMiddleware.php:21
#44 \vendor\laravel\framework\src\Illuminate\Pipeline\Pipeline.php:183
#45 \vendor\laravel\framework\src\Illuminate\Routing\Middleware\SubstituteBindings.php:50
#46 \vendor\laravel\framework\src\Illuminate\Pipeline\Pipeline.php:183
#47 \vendor\laravel\framework\src\Illuminate\Foundation\Http\Middleware\VerifyCsrfToken.php:78
#48 \vendor\laravel\framework\src\Illuminate\Pipeline\Pipeline.php:183
#49 \vendor\laravel\framework\src\Illuminate\View\Middleware\ShareErrorsFromSession.php:49
  
[2025-09-24 21:27:13] local.INFO: Detected N+1 Query  
[2025-09-24 21:27:13] local.INFO: Model: App\Models\Neighborhood
Relation: county
Num-Called: 16
Call-Stack:
#19 \storage\framework\views\4df3612c1b3dd151f713123999c60556.php:44
#21 \vendor\laravel\framework\src\Illuminate\Filesystem\Filesystem.php:124
#22 \vendor\laravel\framework\src\Illuminate\View\Engines\PhpEngine.php:58
#23 \vendor\laravel\framework\src\Illuminate\View\Engines\CompilerEngine.php:72
#24 \vendor\laravel\framework\src\Illuminate\View\View.php:207
#25 \vendor\laravel\framework\src\Illuminate\View\View.php:190
#26 \vendor\laravel\framework\src\Illuminate\View\View.php:159
#27 \storage\framework\views\d4722dbecb4e7df4acba07f354ad09e6.php:12
#29 \vendor\laravel\framework\src\Illuminate\Filesystem\Filesystem.php:124
#30 \vendor\laravel\framework\src\Illuminate\View\Engines\PhpEngine.php:58
#31 \vendor\laravel\framework\src\Illuminate\View\Engines\CompilerEngine.php:72
#32 \vendor\laravel\framework\src\Illuminate\View\View.php:207
#33 \vendor\laravel\framework\src\Illuminate\View\View.php:190
#34 \vendor\laravel\framework\src\Illuminate\View\View.php:159
#35 \vendor\laravel\framework\src\Illuminate\Http\Response.php:69
#36 \vendor\laravel\framework\src\Illuminate\Http\Response.php:35
#37 \vendor\laravel\framework\src\Illuminate\Routing\Router.php:918
#38 \vendor\laravel\framework\src\Illuminate\Routing\Router.php:885
#39 \vendor\laravel\framework\src\Illuminate\Routing\Router.php:805
#40 \vendor\laravel\framework\src\Illuminate\Pipeline\Pipeline.php:144
#41 \vendor\barryvdh\laravel-debugbar\src\Middleware\InjectDebugbar.php:66
#42 \vendor\laravel\framework\src\Illuminate\Pipeline\Pipeline.php:183
#43 \app\Http\Middleware\LanguageMiddleware.php:21
#44 \vendor\laravel\framework\src\Illuminate\Pipeline\Pipeline.php:183
#45 \vendor\laravel\framework\src\Illuminate\Routing\Middleware\SubstituteBindings.php:50
#46 \vendor\laravel\framework\src\Illuminate\Pipeline\Pipeline.php:183
#47 \vendor\laravel\framework\src\Illuminate\Foundation\Http\Middleware\VerifyCsrfToken.php:78
#48 \vendor\laravel\framework\src\Illuminate\Pipeline\Pipeline.php:183
#49 \vendor\laravel\framework\src\Illuminate\View\Middleware\ShareErrorsFromSession.php:49
  
[2025-09-24 21:27:23] local.INFO: Detected N+1 Query  
[2025-09-24 21:27:23] local.INFO: Model: App\Models\Neighborhood
Relation: county
Num-Called: 16
Call-Stack:
#19 \storage\framework\views\4df3612c1b3dd151f713123999c60556.php:44
#21 \vendor\laravel\framework\src\Illuminate\Filesystem\Filesystem.php:124
#22 \vendor\laravel\framework\src\Illuminate\View\Engines\PhpEngine.php:58
#23 \vendor\laravel\framework\src\Illuminate\View\Engines\CompilerEngine.php:72
#24 \vendor\laravel\framework\src\Illuminate\View\View.php:207
#25 \vendor\laravel\framework\src\Illuminate\View\View.php:190
#26 \vendor\laravel\framework\src\Illuminate\View\View.php:159
#27 \storage\framework\views\d4722dbecb4e7df4acba07f354ad09e6.php:12
#29 \vendor\laravel\framework\src\Illuminate\Filesystem\Filesystem.php:124
#30 \vendor\laravel\framework\src\Illuminate\View\Engines\PhpEngine.php:58
#31 \vendor\laravel\framework\src\Illuminate\View\Engines\CompilerEngine.php:72
#32 \vendor\laravel\framework\src\Illuminate\View\View.php:207
#33 \vendor\laravel\framework\src\Illuminate\View\View.php:190
#34 \vendor\laravel\framework\src\Illuminate\View\View.php:159
#35 \vendor\laravel\framework\src\Illuminate\Http\Response.php:69
#36 \vendor\laravel\framework\src\Illuminate\Http\Response.php:35
#37 \vendor\laravel\framework\src\Illuminate\Routing\Router.php:918
#38 \vendor\laravel\framework\src\Illuminate\Routing\Router.php:885
#39 \vendor\laravel\framework\src\Illuminate\Routing\Router.php:805
#40 \vendor\laravel\framework\src\Illuminate\Pipeline\Pipeline.php:144
#41 \vendor\barryvdh\laravel-debugbar\src\Middleware\InjectDebugbar.php:66
#42 \vendor\laravel\framework\src\Illuminate\Pipeline\Pipeline.php:183
#43 \app\Http\Middleware\LanguageMiddleware.php:21
#44 \vendor\laravel\framework\src\Illuminate\Pipeline\Pipeline.php:183
#45 \vendor\laravel\framework\src\Illuminate\Routing\Middleware\SubstituteBindings.php:50
#46 \vendor\laravel\framework\src\Illuminate\Pipeline\Pipeline.php:183
#47 \vendor\laravel\framework\src\Illuminate\Foundation\Http\Middleware\VerifyCsrfToken.php:78
#48 \vendor\laravel\framework\src\Illuminate\Pipeline\Pipeline.php:183
#49 \vendor\laravel\framework\src\Illuminate\View\Middleware\ShareErrorsFromSession.php:49
  
