[2025-09-25 00:11:53] local.INFO: Detected N+1 Query  
[2025-09-25 00:11:53] local.INFO: Model: App\Models\Neighborhood
Relation: App\Models\County
Num-Called: 2
Call-Stack:
#18 \storage\framework\views\a32ff393b92d548692a937ea5d9a3ef5.php:13
#20 \vendor\laravel\framework\src\Illuminate\Filesystem\Filesystem.php:124
#21 \vendor\laravel\framework\src\Illuminate\View\Engines\PhpEngine.php:58
#22 \vendor\laravel\framework\src\Illuminate\View\Engines\CompilerEngine.php:72
#23 \vendor\laravel\framework\src\Illuminate\View\View.php:207
#24 \vendor\laravel\framework\src\Illuminate\View\View.php:190
#25 \vendor\laravel\framework\src\Illuminate\View\View.php:159
#26 \storage\framework\views\d7658aaea62721fce5ec1fc690b29e0b.php:65
#28 \vendor\laravel\framework\src\Illuminate\Filesystem\Filesystem.php:124
#29 \vendor\laravel\framework\src\Illuminate\View\Engines\PhpEngine.php:58
#30 \vendor\laravel\framework\src\Illuminate\View\Engines\CompilerEngine.php:72
#31 \vendor\laravel\framework\src\Illuminate\View\View.php:207
#32 \vendor\laravel\framework\src\Illuminate\View\View.php:190
#33 \vendor\laravel\framework\src\Illuminate\View\View.php:159
#34 \storage\framework\views\d4722dbecb4e7df4acba07f354ad09e6.php:89
#36 \vendor\laravel\framework\src\Illuminate\Filesystem\Filesystem.php:124
#37 \vendor\laravel\framework\src\Illuminate\View\Engines\PhpEngine.php:58
#38 \vendor\laravel\framework\src\Illuminate\View\Engines\CompilerEngine.php:72
#39 \vendor\laravel\framework\src\Illuminate\View\View.php:207
#40 \vendor\laravel\framework\src\Illuminate\View\View.php:190
#41 \vendor\laravel\framework\src\Illuminate\View\View.php:159
#42 \vendor\laravel\framework\src\Illuminate\Http\Response.php:69
#43 \vendor\laravel\framework\src\Illuminate\Http\Response.php:35
#44 \vendor\laravel\framework\src\Illuminate\Routing\Router.php:918
#45 \vendor\laravel\framework\src\Illuminate\Routing\Router.php:885
#46 \vendor\laravel\framework\src\Illuminate\Routing\Router.php:805
#47 \vendor\laravel\framework\src\Illuminate\Pipeline\Pipeline.php:144
#48 \vendor\barryvdh\laravel-debugbar\src\Middleware\InjectDebugbar.php:66
#49 \vendor\laravel\framework\src\Illuminate\Pipeline\Pipeline.php:183
  
[2025-09-25 09:16:39] local.INFO: Detected N+1 Query  
[2025-09-25 09:16:39] local.INFO: Model: App\Models\Neighborhood
Relation: App\Models\Building
Num-Called: 6
Call-Stack:
#14 \vendor\laravel\framework\src\Illuminate\Support\Traits\ForwardsCalls.php:23
#15 \vendor\laravel\framework\src\Illuminate\Support\Traits\ForwardsCalls.php:52
#17 \storage\framework\views\73933b12b52127eac209b478a74a2180.php:28
#19 \vendor\laravel\framework\src\Illuminate\Filesystem\Filesystem.php:124
#20 \vendor\laravel\framework\src\Illuminate\View\Engines\PhpEngine.php:58
#21 \vendor\laravel\framework\src\Illuminate\View\Engines\CompilerEngine.php:72
#22 \vendor\laravel\framework\src\Illuminate\View\View.php:207
#23 \vendor\laravel\framework\src\Illuminate\View\View.php:190
#24 \vendor\laravel\framework\src\Illuminate\View\View.php:159
#25 \storage\framework\views\77f30cbf5bf34ee3fceb7fecc84e6137.php:26
#27 \vendor\laravel\framework\src\Illuminate\Filesystem\Filesystem.php:124
#28 \vendor\laravel\framework\src\Illuminate\View\Engines\PhpEngine.php:58
#29 \vendor\laravel\framework\src\Illuminate\View\Engines\CompilerEngine.php:72
#30 \vendor\laravel\framework\src\Illuminate\View\View.php:207
#31 \vendor\laravel\framework\src\Illuminate\View\View.php:190
#32 \vendor\laravel\framework\src\Illuminate\View\View.php:159
#33 \vendor\laravel\framework\src\Illuminate\Http\Response.php:69
#34 \vendor\laravel\framework\src\Illuminate\Http\Response.php:35
#35 \vendor\laravel\framework\src\Illuminate\Routing\Router.php:918
#36 \vendor\laravel\framework\src\Illuminate\Routing\Router.php:885
#37 \vendor\laravel\framework\src\Illuminate\Routing\Router.php:805
#38 \vendor\laravel\framework\src\Illuminate\Pipeline\Pipeline.php:144
#39 \vendor\barryvdh\laravel-debugbar\src\Middleware\InjectDebugbar.php:66
#40 \vendor\laravel\framework\src\Illuminate\Pipeline\Pipeline.php:183
#41 \app\Http\Middleware\LanguageMiddleware.php:21
#42 \vendor\laravel\framework\src\Illuminate\Pipeline\Pipeline.php:183
#43 \vendor\laravel\framework\src\Illuminate\Routing\Middleware\SubstituteBindings.php:50
#44 \vendor\laravel\framework\src\Illuminate\Pipeline\Pipeline.php:183
#45 \vendor\laravel\framework\src\Illuminate\Foundation\Http\Middleware\VerifyCsrfToken.php:78
#46 \vendor\laravel\framework\src\Illuminate\Pipeline\Pipeline.php:183
#47 \vendor\laravel\framework\src\Illuminate\View\Middleware\ShareErrorsFromSession.php:49
#48 \vendor\laravel\framework\src\Illuminate\Pipeline\Pipeline.php:183
#49 \vendor\laravel\framework\src\Illuminate\Session\Middleware\StartSession.php:121
  
[2025-09-25 09:35:00] local.INFO: Detected N+1 Query  
[2025-09-25 09:35:00] local.INFO: Model: App\Models\Neighborhood
Relation: App\Models\County
Num-Called: 2
Call-Stack:
#18 \storage\framework\views\a32ff393b92d548692a937ea5d9a3ef5.php:13
#20 \vendor\laravel\framework\src\Illuminate\Filesystem\Filesystem.php:124
#21 \vendor\laravel\framework\src\Illuminate\View\Engines\PhpEngine.php:58
#22 \vendor\laravel\framework\src\Illuminate\View\Engines\CompilerEngine.php:72
#23 \vendor\laravel\framework\src\Illuminate\View\View.php:207
#24 \vendor\laravel\framework\src\Illuminate\View\View.php:190
#25 \vendor\laravel\framework\src\Illuminate\View\View.php:159
#26 \storage\framework\views\d7658aaea62721fce5ec1fc690b29e0b.php:65
#28 \vendor\laravel\framework\src\Illuminate\Filesystem\Filesystem.php:124
#29 \vendor\laravel\framework\src\Illuminate\View\Engines\PhpEngine.php:58
#30 \vendor\laravel\framework\src\Illuminate\View\Engines\CompilerEngine.php:72
#31 \vendor\laravel\framework\src\Illuminate\View\View.php:207
#32 \vendor\laravel\framework\src\Illuminate\View\View.php:190
#33 \vendor\laravel\framework\src\Illuminate\View\View.php:159
#34 \storage\framework\views\d4722dbecb4e7df4acba07f354ad09e6.php:89
#36 \vendor\laravel\framework\src\Illuminate\Filesystem\Filesystem.php:124
#37 \vendor\laravel\framework\src\Illuminate\View\Engines\PhpEngine.php:58
#38 \vendor\laravel\framework\src\Illuminate\View\Engines\CompilerEngine.php:72
#39 \vendor\laravel\framework\src\Illuminate\View\View.php:207
#40 \vendor\laravel\framework\src\Illuminate\View\View.php:190
#41 \vendor\laravel\framework\src\Illuminate\View\View.php:159
#42 \vendor\laravel\framework\src\Illuminate\Http\Response.php:69
#43 \vendor\laravel\framework\src\Illuminate\Http\Response.php:35
#44 \vendor\laravel\framework\src\Illuminate\Routing\Router.php:918
#45 \vendor\laravel\framework\src\Illuminate\Routing\Router.php:885
#46 \vendor\laravel\framework\src\Illuminate\Routing\Router.php:805
#47 \vendor\laravel\framework\src\Illuminate\Pipeline\Pipeline.php:144
#48 \vendor\barryvdh\laravel-debugbar\src\Middleware\InjectDebugbar.php:66
#49 \vendor\laravel\framework\src\Illuminate\Pipeline\Pipeline.php:183
  
[2025-09-25 09:40:19] local.INFO: Detected N+1 Query  
[2025-09-25 09:40:19] local.INFO: Model: App\Models\Neighborhood
Relation: App\Models\Building
Num-Called: 6
Call-Stack:
#14 \vendor\laravel\framework\src\Illuminate\Support\Traits\ForwardsCalls.php:23
#15 \vendor\laravel\framework\src\Illuminate\Support\Traits\ForwardsCalls.php:52
#17 \storage\framework\views\73933b12b52127eac209b478a74a2180.php:29
#19 \vendor\laravel\framework\src\Illuminate\Filesystem\Filesystem.php:124
#20 \vendor\laravel\framework\src\Illuminate\View\Engines\PhpEngine.php:58
#21 \vendor\laravel\framework\src\Illuminate\View\Engines\CompilerEngine.php:72
#22 \vendor\laravel\framework\src\Illuminate\View\View.php:207
#23 \vendor\laravel\framework\src\Illuminate\View\View.php:190
#24 \vendor\laravel\framework\src\Illuminate\View\View.php:159
#25 \storage\framework\views\77f30cbf5bf34ee3fceb7fecc84e6137.php:33
#27 \vendor\laravel\framework\src\Illuminate\Filesystem\Filesystem.php:124
#28 \vendor\laravel\framework\src\Illuminate\View\Engines\PhpEngine.php:58
#29 \vendor\laravel\framework\src\Illuminate\View\Engines\CompilerEngine.php:72
#30 \vendor\laravel\framework\src\Illuminate\View\View.php:207
#31 \vendor\laravel\framework\src\Illuminate\View\View.php:190
#32 \vendor\laravel\framework\src\Illuminate\View\View.php:159
#33 \vendor\laravel\framework\src\Illuminate\Http\Response.php:69
#34 \vendor\laravel\framework\src\Illuminate\Http\Response.php:35
#35 \vendor\laravel\framework\src\Illuminate\Routing\Router.php:918
#36 \vendor\laravel\framework\src\Illuminate\Routing\Router.php:885
#37 \vendor\laravel\framework\src\Illuminate\Routing\Router.php:805
#38 \vendor\laravel\framework\src\Illuminate\Pipeline\Pipeline.php:144
#39 \vendor\barryvdh\laravel-debugbar\src\Middleware\InjectDebugbar.php:66
#40 \vendor\laravel\framework\src\Illuminate\Pipeline\Pipeline.php:183
#41 \app\Http\Middleware\LanguageMiddleware.php:21
#42 \vendor\laravel\framework\src\Illuminate\Pipeline\Pipeline.php:183
#43 \vendor\laravel\framework\src\Illuminate\Routing\Middleware\SubstituteBindings.php:50
#44 \vendor\laravel\framework\src\Illuminate\Pipeline\Pipeline.php:183
#45 \vendor\laravel\framework\src\Illuminate\Foundation\Http\Middleware\VerifyCsrfToken.php:78
#46 \vendor\laravel\framework\src\Illuminate\Pipeline\Pipeline.php:183
#47 \vendor\laravel\framework\src\Illuminate\View\Middleware\ShareErrorsFromSession.php:49
#48 \vendor\laravel\framework\src\Illuminate\Pipeline\Pipeline.php:183
#49 \vendor\laravel\framework\src\Illuminate\Session\Middleware\StartSession.php:121
  
[2025-09-25 10:50:16] local.INFO: Detected N+1 Query  
[2025-09-25 10:50:16] local.INFO: Model: App\Models\Neighborhood
Relation: county
Num-Called: 3
Call-Stack:
#19 \app\Http\Helpers\helpers.php:793
#22 \vendor\laravel\framework\src\Illuminate\Filesystem\Filesystem.php:124
#23 \vendor\laravel\framework\src\Illuminate\View\Engines\PhpEngine.php:58
#24 \vendor\laravel\framework\src\Illuminate\View\Engines\CompilerEngine.php:72
#25 \vendor\laravel\framework\src\Illuminate\View\View.php:207
#26 \vendor\laravel\framework\src\Illuminate\View\View.php:190
#27 \vendor\laravel\framework\src\Illuminate\View\View.php:159
#28 \storage\framework\views\4b7916b2e3717c54704bd52568849c84.php:41
#30 \vendor\laravel\framework\src\Illuminate\Filesystem\Filesystem.php:124
#31 \vendor\laravel\framework\src\Illuminate\View\Engines\PhpEngine.php:58
#32 \vendor\laravel\framework\src\Illuminate\View\Engines\CompilerEngine.php:72
#33 \vendor\laravel\framework\src\Illuminate\View\View.php:207
#34 \vendor\laravel\framework\src\Illuminate\View\View.php:190
#35 \vendor\laravel\framework\src\Illuminate\View\View.php:159
#36 \vendor\laravel\framework\src\Illuminate\Http\Response.php:69
#37 \vendor\laravel\framework\src\Illuminate\Http\Response.php:35
#38 \vendor\laravel\framework\src\Illuminate\Routing\Router.php:918
#39 \vendor\laravel\framework\src\Illuminate\Routing\Router.php:885
#40 \vendor\laravel\framework\src\Illuminate\Routing\Router.php:805
#41 \vendor\laravel\framework\src\Illuminate\Pipeline\Pipeline.php:144
#42 \vendor\barryvdh\laravel-debugbar\src\Middleware\InjectDebugbar.php:66
#43 \vendor\laravel\framework\src\Illuminate\Pipeline\Pipeline.php:183
#44 \app\Http\Middleware\LanguageMiddleware.php:21
#45 \vendor\laravel\framework\src\Illuminate\Pipeline\Pipeline.php:183
#46 \vendor\laravel\framework\src\Illuminate\Routing\Middleware\SubstituteBindings.php:50
#47 \vendor\laravel\framework\src\Illuminate\Pipeline\Pipeline.php:183
#48 \vendor\laravel\framework\src\Illuminate\Foundation\Http\Middleware\VerifyCsrfToken.php:78
#49 \vendor\laravel\framework\src\Illuminate\Pipeline\Pipeline.php:183
  
[2025-09-25 10:54:47] local.INFO: Detected N+1 Query  
[2025-09-25 10:54:47] local.INFO: Model: App\Models\Neighborhood
Relation: county
Num-Called: 3
Call-Stack:
#19 \app\Http\Helpers\helpers.php:793
#22 \vendor\laravel\framework\src\Illuminate\Filesystem\Filesystem.php:124
#23 \vendor\laravel\framework\src\Illuminate\View\Engines\PhpEngine.php:58
#24 \vendor\laravel\framework\src\Illuminate\View\Engines\CompilerEngine.php:72
#25 \vendor\laravel\framework\src\Illuminate\View\View.php:207
#26 \vendor\laravel\framework\src\Illuminate\View\View.php:190
#27 \vendor\laravel\framework\src\Illuminate\View\View.php:159
#28 \storage\framework\views\4b7916b2e3717c54704bd52568849c84.php:41
#30 \vendor\laravel\framework\src\Illuminate\Filesystem\Filesystem.php:124
#31 \vendor\laravel\framework\src\Illuminate\View\Engines\PhpEngine.php:58
#32 \vendor\laravel\framework\src\Illuminate\View\Engines\CompilerEngine.php:72
#33 \vendor\laravel\framework\src\Illuminate\View\View.php:207
#34 \vendor\laravel\framework\src\Illuminate\View\View.php:190
#35 \vendor\laravel\framework\src\Illuminate\View\View.php:159
#36 \vendor\laravel\framework\src\Illuminate\Http\Response.php:69
#37 \vendor\laravel\framework\src\Illuminate\Http\Response.php:35
#38 \vendor\laravel\framework\src\Illuminate\Routing\Router.php:918
#39 \vendor\laravel\framework\src\Illuminate\Routing\Router.php:885
#40 \vendor\laravel\framework\src\Illuminate\Routing\Router.php:805
#41 \vendor\laravel\framework\src\Illuminate\Pipeline\Pipeline.php:144
#42 \vendor\barryvdh\laravel-debugbar\src\Middleware\InjectDebugbar.php:66
#43 \vendor\laravel\framework\src\Illuminate\Pipeline\Pipeline.php:183
#44 \app\Http\Middleware\LanguageMiddleware.php:21
#45 \vendor\laravel\framework\src\Illuminate\Pipeline\Pipeline.php:183
#46 \vendor\laravel\framework\src\Illuminate\Routing\Middleware\SubstituteBindings.php:50
#47 \vendor\laravel\framework\src\Illuminate\Pipeline\Pipeline.php:183
#48 \vendor\laravel\framework\src\Illuminate\Foundation\Http\Middleware\VerifyCsrfToken.php:78
#49 \vendor\laravel\framework\src\Illuminate\Pipeline\Pipeline.php:183
  
[2025-09-25 10:55:10] local.INFO: Detected N+1 Query  
[2025-09-25 10:55:10] local.INFO: Model: App\Models\Neighborhood
Relation: county
Num-Called: 3
Call-Stack:
#19 \app\Http\Helpers\helpers.php:793
#22 \vendor\laravel\framework\src\Illuminate\Filesystem\Filesystem.php:124
#23 \vendor\laravel\framework\src\Illuminate\View\Engines\PhpEngine.php:58
#24 \vendor\laravel\framework\src\Illuminate\View\Engines\CompilerEngine.php:72
#25 \vendor\laravel\framework\src\Illuminate\View\View.php:207
#26 \vendor\laravel\framework\src\Illuminate\View\View.php:190
#27 \vendor\laravel\framework\src\Illuminate\View\View.php:159
#28 \storage\framework\views\4b7916b2e3717c54704bd52568849c84.php:41
#30 \vendor\laravel\framework\src\Illuminate\Filesystem\Filesystem.php:124
#31 \vendor\laravel\framework\src\Illuminate\View\Engines\PhpEngine.php:58
#32 \vendor\laravel\framework\src\Illuminate\View\Engines\CompilerEngine.php:72
#33 \vendor\laravel\framework\src\Illuminate\View\View.php:207
#34 \vendor\laravel\framework\src\Illuminate\View\View.php:190
#35 \vendor\laravel\framework\src\Illuminate\View\View.php:159
#36 \vendor\laravel\framework\src\Illuminate\Http\Response.php:69
#37 \vendor\laravel\framework\src\Illuminate\Http\Response.php:35
#38 \vendor\laravel\framework\src\Illuminate\Routing\Router.php:918
#39 \vendor\laravel\framework\src\Illuminate\Routing\Router.php:885
#40 \vendor\laravel\framework\src\Illuminate\Routing\Router.php:805
#41 \vendor\laravel\framework\src\Illuminate\Pipeline\Pipeline.php:144
#42 \vendor\barryvdh\laravel-debugbar\src\Middleware\InjectDebugbar.php:66
#43 \vendor\laravel\framework\src\Illuminate\Pipeline\Pipeline.php:183
#44 \app\Http\Middleware\LanguageMiddleware.php:21
#45 \vendor\laravel\framework\src\Illuminate\Pipeline\Pipeline.php:183
#46 \vendor\laravel\framework\src\Illuminate\Routing\Middleware\SubstituteBindings.php:50
#47 \vendor\laravel\framework\src\Illuminate\Pipeline\Pipeline.php:183
#48 \vendor\laravel\framework\src\Illuminate\Foundation\Http\Middleware\VerifyCsrfToken.php:78
#49 \vendor\laravel\framework\src\Illuminate\Pipeline\Pipeline.php:183
  
[2025-09-25 11:02:14] local.INFO: Detected N+1 Query  
[2025-09-25 11:02:14] local.INFO: Model: App\Models\Neighborhood
Relation: county
Num-Called: 3
Call-Stack:
#19 \app\Http\Helpers\helpers.php:793
#22 \vendor\laravel\framework\src\Illuminate\Filesystem\Filesystem.php:124
#23 \vendor\laravel\framework\src\Illuminate\View\Engines\PhpEngine.php:58
#24 \vendor\laravel\framework\src\Illuminate\View\Engines\CompilerEngine.php:72
#25 \vendor\laravel\framework\src\Illuminate\View\View.php:207
#26 \vendor\laravel\framework\src\Illuminate\View\View.php:190
#27 \vendor\laravel\framework\src\Illuminate\View\View.php:159
#28 \storage\framework\views\d4722dbecb4e7df4acba07f354ad09e6.php:15
#30 \vendor\laravel\framework\src\Illuminate\Filesystem\Filesystem.php:124
#31 \vendor\laravel\framework\src\Illuminate\View\Engines\PhpEngine.php:58
#32 \vendor\laravel\framework\src\Illuminate\View\Engines\CompilerEngine.php:72
#33 \vendor\laravel\framework\src\Illuminate\View\View.php:207
#34 \vendor\laravel\framework\src\Illuminate\View\View.php:190
#35 \vendor\laravel\framework\src\Illuminate\View\View.php:159
#36 \vendor\laravel\framework\src\Illuminate\Http\Response.php:69
#37 \vendor\laravel\framework\src\Illuminate\Http\Response.php:35
#38 \vendor\laravel\framework\src\Illuminate\Routing\Router.php:918
#39 \vendor\laravel\framework\src\Illuminate\Routing\Router.php:885
#40 \vendor\laravel\framework\src\Illuminate\Routing\Router.php:805
#41 \vendor\laravel\framework\src\Illuminate\Pipeline\Pipeline.php:144
#42 \vendor\barryvdh\laravel-debugbar\src\Middleware\InjectDebugbar.php:66
#43 \vendor\laravel\framework\src\Illuminate\Pipeline\Pipeline.php:183
#44 \app\Http\Middleware\LanguageMiddleware.php:21
#45 \vendor\laravel\framework\src\Illuminate\Pipeline\Pipeline.php:183
#46 \vendor\laravel\framework\src\Illuminate\Routing\Middleware\SubstituteBindings.php:50
#47 \vendor\laravel\framework\src\Illuminate\Pipeline\Pipeline.php:183
#48 \vendor\laravel\framework\src\Illuminate\Foundation\Http\Middleware\VerifyCsrfToken.php:78
#49 \vendor\laravel\framework\src\Illuminate\Pipeline\Pipeline.php:183
  
[2025-09-25 11:02:41] local.INFO: Detected N+1 Query  
[2025-09-25 11:02:41] local.INFO: Model: App\Models\Neighborhood
Relation: county
Num-Called: 3
Call-Stack:
#19 \app\Http\Helpers\helpers.php:793
#22 \vendor\laravel\framework\src\Illuminate\Filesystem\Filesystem.php:124
#23 \vendor\laravel\framework\src\Illuminate\View\Engines\PhpEngine.php:58
#24 \vendor\laravel\framework\src\Illuminate\View\Engines\CompilerEngine.php:72
#25 \vendor\laravel\framework\src\Illuminate\View\View.php:207
#26 \vendor\laravel\framework\src\Illuminate\View\View.php:190
#27 \vendor\laravel\framework\src\Illuminate\View\View.php:159
#28 \storage\framework\views\4b7916b2e3717c54704bd52568849c84.php:41
#30 \vendor\laravel\framework\src\Illuminate\Filesystem\Filesystem.php:124
#31 \vendor\laravel\framework\src\Illuminate\View\Engines\PhpEngine.php:58
#32 \vendor\laravel\framework\src\Illuminate\View\Engines\CompilerEngine.php:72
#33 \vendor\laravel\framework\src\Illuminate\View\View.php:207
#34 \vendor\laravel\framework\src\Illuminate\View\View.php:190
#35 \vendor\laravel\framework\src\Illuminate\View\View.php:159
#36 \vendor\laravel\framework\src\Illuminate\Http\Response.php:69
#37 \vendor\laravel\framework\src\Illuminate\Http\Response.php:35
#38 \vendor\laravel\framework\src\Illuminate\Routing\Router.php:918
#39 \vendor\laravel\framework\src\Illuminate\Routing\Router.php:885
#40 \vendor\laravel\framework\src\Illuminate\Routing\Router.php:805
#41 \vendor\laravel\framework\src\Illuminate\Pipeline\Pipeline.php:144
#42 \vendor\barryvdh\laravel-debugbar\src\Middleware\InjectDebugbar.php:66
#43 \vendor\laravel\framework\src\Illuminate\Pipeline\Pipeline.php:183
#44 \app\Http\Middleware\LanguageMiddleware.php:21
#45 \vendor\laravel\framework\src\Illuminate\Pipeline\Pipeline.php:183
#46 \vendor\laravel\framework\src\Illuminate\Routing\Middleware\SubstituteBindings.php:50
#47 \vendor\laravel\framework\src\Illuminate\Pipeline\Pipeline.php:183
#48 \vendor\laravel\framework\src\Illuminate\Foundation\Http\Middleware\VerifyCsrfToken.php:78
#49 \vendor\laravel\framework\src\Illuminate\Pipeline\Pipeline.php:183
  
[2025-09-25 11:03:13] local.INFO: Detected N+1 Query  
[2025-09-25 11:03:13] local.INFO: Model: App\Models\Neighborhood
Relation: county
Num-Called: 3
Call-Stack:
#19 \app\Http\Helpers\helpers.php:793
#22 \vendor\laravel\framework\src\Illuminate\Filesystem\Filesystem.php:124
#23 \vendor\laravel\framework\src\Illuminate\View\Engines\PhpEngine.php:58
#24 \vendor\laravel\framework\src\Illuminate\View\Engines\CompilerEngine.php:72
#25 \vendor\laravel\framework\src\Illuminate\View\View.php:207
#26 \vendor\laravel\framework\src\Illuminate\View\View.php:190
#27 \vendor\laravel\framework\src\Illuminate\View\View.php:159
#28 \storage\framework\views\d4722dbecb4e7df4acba07f354ad09e6.php:15
#30 \vendor\laravel\framework\src\Illuminate\Filesystem\Filesystem.php:124
#31 \vendor\laravel\framework\src\Illuminate\View\Engines\PhpEngine.php:58
#32 \vendor\laravel\framework\src\Illuminate\View\Engines\CompilerEngine.php:72
#33 \vendor\laravel\framework\src\Illuminate\View\View.php:207
#34 \vendor\laravel\framework\src\Illuminate\View\View.php:190
#35 \vendor\laravel\framework\src\Illuminate\View\View.php:159
#36 \vendor\laravel\framework\src\Illuminate\Http\Response.php:69
#37 \vendor\laravel\framework\src\Illuminate\Http\Response.php:35
#38 \vendor\laravel\framework\src\Illuminate\Routing\Router.php:918
#39 \vendor\laravel\framework\src\Illuminate\Routing\Router.php:885
#40 \vendor\laravel\framework\src\Illuminate\Routing\Router.php:805
#41 \vendor\laravel\framework\src\Illuminate\Pipeline\Pipeline.php:144
#42 \vendor\barryvdh\laravel-debugbar\src\Middleware\InjectDebugbar.php:66
#43 \vendor\laravel\framework\src\Illuminate\Pipeline\Pipeline.php:183
#44 \app\Http\Middleware\LanguageMiddleware.php:21
#45 \vendor\laravel\framework\src\Illuminate\Pipeline\Pipeline.php:183
#46 \vendor\laravel\framework\src\Illuminate\Routing\Middleware\SubstituteBindings.php:50
#47 \vendor\laravel\framework\src\Illuminate\Pipeline\Pipeline.php:183
#48 \vendor\laravel\framework\src\Illuminate\Foundation\Http\Middleware\VerifyCsrfToken.php:78
#49 \vendor\laravel\framework\src\Illuminate\Pipeline\Pipeline.php:183
  
[2025-09-25 11:14:15] local.INFO: Detected N+1 Query  
[2025-09-25 11:14:15] local.INFO: Model: App\Models\Neighborhood
Relation: county
Num-Called: 3
Call-Stack:
#19 \app\Http\Helpers\helpers.php:793
#22 \vendor\laravel\framework\src\Illuminate\Filesystem\Filesystem.php:124
#23 \vendor\laravel\framework\src\Illuminate\View\Engines\PhpEngine.php:58
#24 \vendor\laravel\framework\src\Illuminate\View\Engines\CompilerEngine.php:72
#25 \vendor\laravel\framework\src\Illuminate\View\View.php:207
#26 \vendor\laravel\framework\src\Illuminate\View\View.php:190
#27 \vendor\laravel\framework\src\Illuminate\View\View.php:159
#28 \storage\framework\views\d4722dbecb4e7df4acba07f354ad09e6.php:15
#30 \vendor\laravel\framework\src\Illuminate\Filesystem\Filesystem.php:124
#31 \vendor\laravel\framework\src\Illuminate\View\Engines\PhpEngine.php:58
#32 \vendor\laravel\framework\src\Illuminate\View\Engines\CompilerEngine.php:72
#33 \vendor\laravel\framework\src\Illuminate\View\View.php:207
#34 \vendor\laravel\framework\src\Illuminate\View\View.php:190
#35 \vendor\laravel\framework\src\Illuminate\View\View.php:159
#36 \vendor\laravel\framework\src\Illuminate\Http\Response.php:69
#37 \vendor\laravel\framework\src\Illuminate\Http\Response.php:35
#38 \vendor\laravel\framework\src\Illuminate\Routing\Router.php:918
#39 \vendor\laravel\framework\src\Illuminate\Routing\Router.php:885
#40 \vendor\laravel\framework\src\Illuminate\Routing\Router.php:805
#41 \vendor\laravel\framework\src\Illuminate\Pipeline\Pipeline.php:144
#42 \vendor\barryvdh\laravel-debugbar\src\Middleware\InjectDebugbar.php:66
#43 \vendor\laravel\framework\src\Illuminate\Pipeline\Pipeline.php:183
#44 \app\Http\Middleware\LanguageMiddleware.php:21
#45 \vendor\laravel\framework\src\Illuminate\Pipeline\Pipeline.php:183
#46 \vendor\laravel\framework\src\Illuminate\Routing\Middleware\SubstituteBindings.php:50
#47 \vendor\laravel\framework\src\Illuminate\Pipeline\Pipeline.php:183
#48 \vendor\laravel\framework\src\Illuminate\Foundation\Http\Middleware\VerifyCsrfToken.php:78
#49 \vendor\laravel\framework\src\Illuminate\Pipeline\Pipeline.php:183
  
[2025-09-25 11:14:30] local.INFO: Detected N+1 Query  
[2025-09-25 11:14:30] local.INFO: Model: App\Models\Neighborhood
Relation: county
Num-Called: 3
Call-Stack:
#19 \app\Http\Helpers\helpers.php:793
#22 \vendor\laravel\framework\src\Illuminate\Filesystem\Filesystem.php:124
#23 \vendor\laravel\framework\src\Illuminate\View\Engines\PhpEngine.php:58
#24 \vendor\laravel\framework\src\Illuminate\View\Engines\CompilerEngine.php:72
#25 \vendor\laravel\framework\src\Illuminate\View\View.php:207
#26 \vendor\laravel\framework\src\Illuminate\View\View.php:190
#27 \vendor\laravel\framework\src\Illuminate\View\View.php:159
#28 \storage\framework\views\4b7916b2e3717c54704bd52568849c84.php:41
#30 \vendor\laravel\framework\src\Illuminate\Filesystem\Filesystem.php:124
#31 \vendor\laravel\framework\src\Illuminate\View\Engines\PhpEngine.php:58
#32 \vendor\laravel\framework\src\Illuminate\View\Engines\CompilerEngine.php:72
#33 \vendor\laravel\framework\src\Illuminate\View\View.php:207
#34 \vendor\laravel\framework\src\Illuminate\View\View.php:190
#35 \vendor\laravel\framework\src\Illuminate\View\View.php:159
#36 \vendor\laravel\framework\src\Illuminate\Http\Response.php:69
#37 \vendor\laravel\framework\src\Illuminate\Http\Response.php:35
#38 \vendor\laravel\framework\src\Illuminate\Routing\Router.php:918
#39 \vendor\laravel\framework\src\Illuminate\Routing\Router.php:885
#40 \vendor\laravel\framework\src\Illuminate\Routing\Router.php:805
#41 \vendor\laravel\framework\src\Illuminate\Pipeline\Pipeline.php:144
#42 \vendor\barryvdh\laravel-debugbar\src\Middleware\InjectDebugbar.php:66
#43 \vendor\laravel\framework\src\Illuminate\Pipeline\Pipeline.php:183
#44 \app\Http\Middleware\LanguageMiddleware.php:21
#45 \vendor\laravel\framework\src\Illuminate\Pipeline\Pipeline.php:183
#46 \vendor\laravel\framework\src\Illuminate\Routing\Middleware\SubstituteBindings.php:50
#47 \vendor\laravel\framework\src\Illuminate\Pipeline\Pipeline.php:183
#48 \vendor\laravel\framework\src\Illuminate\Foundation\Http\Middleware\VerifyCsrfToken.php:78
#49 \vendor\laravel\framework\src\Illuminate\Pipeline\Pipeline.php:183
  
[2025-09-25 11:15:06] local.INFO: Detected N+1 Query  
[2025-09-25 11:15:06] local.INFO: Model: App\Models\Neighborhood
Relation: county
Num-Called: 3
Call-Stack:
#19 \app\Http\Helpers\helpers.php:793
#22 \vendor\laravel\framework\src\Illuminate\Filesystem\Filesystem.php:124
#23 \vendor\laravel\framework\src\Illuminate\View\Engines\PhpEngine.php:58
#24 \vendor\laravel\framework\src\Illuminate\View\Engines\CompilerEngine.php:72
#25 \vendor\laravel\framework\src\Illuminate\View\View.php:207
#26 \vendor\laravel\framework\src\Illuminate\View\View.php:190
#27 \vendor\laravel\framework\src\Illuminate\View\View.php:159
#28 \storage\framework\views\d4722dbecb4e7df4acba07f354ad09e6.php:15
#30 \vendor\laravel\framework\src\Illuminate\Filesystem\Filesystem.php:124
#31 \vendor\laravel\framework\src\Illuminate\View\Engines\PhpEngine.php:58
#32 \vendor\laravel\framework\src\Illuminate\View\Engines\CompilerEngine.php:72
#33 \vendor\laravel\framework\src\Illuminate\View\View.php:207
#34 \vendor\laravel\framework\src\Illuminate\View\View.php:190
#35 \vendor\laravel\framework\src\Illuminate\View\View.php:159
#36 \vendor\laravel\framework\src\Illuminate\Http\Response.php:69
#37 \vendor\laravel\framework\src\Illuminate\Http\Response.php:35
#38 \vendor\laravel\framework\src\Illuminate\Routing\Router.php:918
#39 \vendor\laravel\framework\src\Illuminate\Routing\Router.php:885
#40 \vendor\laravel\framework\src\Illuminate\Routing\Router.php:805
#41 \vendor\laravel\framework\src\Illuminate\Pipeline\Pipeline.php:144
#42 \vendor\barryvdh\laravel-debugbar\src\Middleware\InjectDebugbar.php:66
#43 \vendor\laravel\framework\src\Illuminate\Pipeline\Pipeline.php:183
#44 \app\Http\Middleware\LanguageMiddleware.php:21
#45 \vendor\laravel\framework\src\Illuminate\Pipeline\Pipeline.php:183
#46 \vendor\laravel\framework\src\Illuminate\Routing\Middleware\SubstituteBindings.php:50
#47 \vendor\laravel\framework\src\Illuminate\Pipeline\Pipeline.php:183
#48 \vendor\laravel\framework\src\Illuminate\Foundation\Http\Middleware\VerifyCsrfToken.php:78
#49 \vendor\laravel\framework\src\Illuminate\Pipeline\Pipeline.php:183
  
