[2025-06-21 12:35:48] local.INFO: Detected N+1 Query  
[2025-06-21 12:35:48] local.INFO: Model: App\Models\Neighborhood
Relation: App\Models\County
Num-Called: 2
Call-Stack:
#18 \storage\framework\views\40802ae3bb012cd5b6ec0d92996ff9a5.php:14
#20 \vendor\laravel\framework\src\Illuminate\Filesystem\Filesystem.php:124
#21 \vendor\laravel\framework\src\Illuminate\View\Engines\PhpEngine.php:58
#22 \vendor\laravel\framework\src\Illuminate\View\Engines\CompilerEngine.php:72
#23 \vendor\laravel\framework\src\Illuminate\View\View.php:207
#24 \vendor\laravel\framework\src\Illuminate\View\View.php:190
#25 \vendor\laravel\framework\src\Illuminate\View\View.php:159
#26 \storage\framework\views\28fbe8bb14b6b46a285631a55aedf772.php:63
#28 \vendor\laravel\framework\src\Illuminate\Filesystem\Filesystem.php:124
#29 \vendor\laravel\framework\src\Illuminate\View\Engines\PhpEngine.php:58
#30 \vendor\laravel\framework\src\Illuminate\View\Engines\CompilerEngine.php:72
#31 \vendor\laravel\framework\src\Illuminate\View\View.php:207
#32 \vendor\laravel\framework\src\Illuminate\View\View.php:190
#33 \vendor\laravel\framework\src\Illuminate\View\View.php:159
#34 \storage\framework\views\ce119ad8da2600202f515cb8501712dd.php:78
#36 \vendor\laravel\framework\src\Illuminate\Filesystem\Filesystem.php:124
#37 \vendor\laravel\framework\src\Illuminate\View\Engines\PhpEngine.php:58
#38 \vendor\laravel\framework\src\Illuminate\View\Engines\CompilerEngine.php:72
#39 \vendor\laravel\framework\src\Illuminate\View\View.php:207
#40 \vendor\laravel\framework\src\Illuminate\View\View.php:190
#41 \vendor\laravel\framework\src\Illuminate\View\View.php:159
#42 \vendor\laravel\framework\src\Illuminate\Http\Response.php:69
#43 \vendor\laravel\framework\src\Illuminate\Http\Response.php:35
#44 \vendor\laravel\framework\src\Illuminate\Routing\Router.php:918
#45 \vendor\laravel\framework\src\Illuminate\Routing\Router.php:885
#46 \vendor\laravel\framework\src\Illuminate\Routing\Router.php:805
#47 \vendor\laravel\framework\src\Illuminate\Pipeline\Pipeline.php:144
#48 \vendor\barryvdh\laravel-debugbar\src\Middleware\InjectDebugbar.php:66
#49 \vendor\laravel\framework\src\Illuminate\Pipeline\Pipeline.php:183
  
[2025-06-21 12:45:17] local.INFO: Detected N+1 Query  
[2025-06-21 12:45:17] local.INFO: Model: App\Models\Neighborhood
Relation: county
Num-Called: 7
Call-Stack:
#19 \app\Http\Helpers\helpers.php:758
#22 \vendor\laravel\framework\src\Illuminate\Filesystem\Filesystem.php:124
#23 \vendor\laravel\framework\src\Illuminate\View\Engines\PhpEngine.php:58
#24 \vendor\laravel\framework\src\Illuminate\View\Engines\CompilerEngine.php:72
#25 \vendor\laravel\framework\src\Illuminate\View\View.php:207
#26 \vendor\laravel\framework\src\Illuminate\View\View.php:190
#27 \vendor\laravel\framework\src\Illuminate\View\View.php:159
#28 \vendor\laravel\framework\src\Illuminate\Http\Response.php:69
#29 \vendor\laravel\framework\src\Illuminate\Http\Response.php:35
#30 \vendor\laravel\framework\src\Illuminate\Routing\Router.php:918
#31 \vendor\laravel\framework\src\Illuminate\Routing\Router.php:885
#32 \vendor\laravel\framework\src\Illuminate\Routing\Router.php:805
#33 \vendor\laravel\framework\src\Illuminate\Pipeline\Pipeline.php:144
#34 \app\Http\Middleware\KycMiddleware.php:36
#35 \vendor\laravel\framework\src\Illuminate\Pipeline\Pipeline.php:183
#36 \app\Http\Middleware\RegistrationStep.php:32
#37 \vendor\laravel\framework\src\Illuminate\Pipeline\Pipeline.php:183
#38 \app\Http\Middleware\CheckStatus.php:23
#39 \vendor\laravel\framework\src\Illuminate\Pipeline\Pipeline.php:183
#40 \vendor\barryvdh\laravel-debugbar\src\Middleware\InjectDebugbar.php:66
#41 \vendor\laravel\framework\src\Illuminate\Pipeline\Pipeline.php:183
#42 \app\Http\Middleware\LanguageMiddleware.php:21
#43 \vendor\laravel\framework\src\Illuminate\Pipeline\Pipeline.php:183
#44 \vendor\laravel\framework\src\Illuminate\Routing\Middleware\SubstituteBindings.php:50
#45 \vendor\laravel\framework\src\Illuminate\Pipeline\Pipeline.php:183
#46 \vendor\laravel\framework\src\Illuminate\Auth\Middleware\Authenticate.php:57
#47 \vendor\laravel\framework\src\Illuminate\Pipeline\Pipeline.php:183
#48 \vendor\laravel\framework\src\Illuminate\Foundation\Http\Middleware\VerifyCsrfToken.php:78
#49 \vendor\laravel\framework\src\Illuminate\Pipeline\Pipeline.php:183
  
[2025-06-21 12:45:21] local.INFO: Detected N+1 Query  
[2025-06-21 12:45:21] local.INFO: Model: App\Models\Neighborhood
Relation: county
Num-Called: 7
Call-Stack:
#19 \app\Http\Helpers\helpers.php:758
#22 \vendor\laravel\framework\src\Illuminate\Filesystem\Filesystem.php:124
#23 \vendor\laravel\framework\src\Illuminate\View\Engines\PhpEngine.php:58
#24 \vendor\laravel\framework\src\Illuminate\View\Engines\CompilerEngine.php:72
#25 \vendor\laravel\framework\src\Illuminate\View\View.php:207
#26 \vendor\laravel\framework\src\Illuminate\View\View.php:190
#27 \vendor\laravel\framework\src\Illuminate\View\View.php:159
#28 \vendor\laravel\framework\src\Illuminate\Http\Response.php:69
#29 \vendor\laravel\framework\src\Illuminate\Http\Response.php:35
#30 \vendor\laravel\framework\src\Illuminate\Routing\Router.php:918
#31 \vendor\laravel\framework\src\Illuminate\Routing\Router.php:885
#32 \vendor\laravel\framework\src\Illuminate\Routing\Router.php:805
#33 \vendor\laravel\framework\src\Illuminate\Pipeline\Pipeline.php:144
#34 \app\Http\Middleware\KycMiddleware.php:36
#35 \vendor\laravel\framework\src\Illuminate\Pipeline\Pipeline.php:183
#36 \app\Http\Middleware\RegistrationStep.php:32
#37 \vendor\laravel\framework\src\Illuminate\Pipeline\Pipeline.php:183
#38 \app\Http\Middleware\CheckStatus.php:23
#39 \vendor\laravel\framework\src\Illuminate\Pipeline\Pipeline.php:183
#40 \vendor\barryvdh\laravel-debugbar\src\Middleware\InjectDebugbar.php:66
#41 \vendor\laravel\framework\src\Illuminate\Pipeline\Pipeline.php:183
#42 \app\Http\Middleware\LanguageMiddleware.php:21
#43 \vendor\laravel\framework\src\Illuminate\Pipeline\Pipeline.php:183
#44 \vendor\laravel\framework\src\Illuminate\Routing\Middleware\SubstituteBindings.php:50
#45 \vendor\laravel\framework\src\Illuminate\Pipeline\Pipeline.php:183
#46 \vendor\laravel\framework\src\Illuminate\Auth\Middleware\Authenticate.php:57
#47 \vendor\laravel\framework\src\Illuminate\Pipeline\Pipeline.php:183
#48 \vendor\laravel\framework\src\Illuminate\Foundation\Http\Middleware\VerifyCsrfToken.php:78
#49 \vendor\laravel\framework\src\Illuminate\Pipeline\Pipeline.php:183
  
[2025-06-21 12:50:24] local.INFO: Detected N+1 Query  
[2025-06-21 12:50:24] local.INFO: Model: App\Models\Building
Relation: neighborhood
Num-Called: 2
Call-Stack:
#19 \app\Http\Helpers\helpers.php:758
#22 \vendor\laravel\framework\src\Illuminate\Filesystem\Filesystem.php:124
#23 \vendor\laravel\framework\src\Illuminate\View\Engines\PhpEngine.php:58
#24 \vendor\laravel\framework\src\Illuminate\View\Engines\CompilerEngine.php:72
#25 \vendor\laravel\framework\src\Illuminate\View\View.php:207
#26 \vendor\laravel\framework\src\Illuminate\View\View.php:190
#27 \vendor\laravel\framework\src\Illuminate\View\View.php:159
#28 \vendor\laravel\framework\src\Illuminate\Http\Response.php:69
#29 \vendor\laravel\framework\src\Illuminate\Http\Response.php:35
#30 \vendor\laravel\framework\src\Illuminate\Routing\Router.php:918
#31 \vendor\laravel\framework\src\Illuminate\Routing\Router.php:885
#32 \vendor\laravel\framework\src\Illuminate\Routing\Router.php:805
#33 \vendor\laravel\framework\src\Illuminate\Pipeline\Pipeline.php:144
#34 \app\Http\Middleware\RegistrationStep.php:32
#35 \vendor\laravel\framework\src\Illuminate\Pipeline\Pipeline.php:183
#36 \app\Http\Middleware\CheckStatus.php:23
#37 \vendor\laravel\framework\src\Illuminate\Pipeline\Pipeline.php:183
#38 \vendor\barryvdh\laravel-debugbar\src\Middleware\InjectDebugbar.php:66
#39 \vendor\laravel\framework\src\Illuminate\Pipeline\Pipeline.php:183
#40 \app\Http\Middleware\LanguageMiddleware.php:21
#41 \vendor\laravel\framework\src\Illuminate\Pipeline\Pipeline.php:183
#42 \vendor\laravel\framework\src\Illuminate\Routing\Middleware\SubstituteBindings.php:50
#43 \vendor\laravel\framework\src\Illuminate\Pipeline\Pipeline.php:183
#44 \vendor\laravel\framework\src\Illuminate\Auth\Middleware\Authenticate.php:57
#45 \vendor\laravel\framework\src\Illuminate\Pipeline\Pipeline.php:183
#46 \vendor\laravel\framework\src\Illuminate\Foundation\Http\Middleware\VerifyCsrfToken.php:78
#47 \vendor\laravel\framework\src\Illuminate\Pipeline\Pipeline.php:183
#48 \vendor\laravel\framework\src\Illuminate\View\Middleware\ShareErrorsFromSession.php:49
#49 \vendor\laravel\framework\src\Illuminate\Pipeline\Pipeline.php:183
  
[2025-06-21 12:50:24] local.INFO: Model: App\Models\Neighborhood
Relation: county
Num-Called: 2
Call-Stack:
#19 \app\Http\Helpers\helpers.php:758
#22 \vendor\laravel\framework\src\Illuminate\Filesystem\Filesystem.php:124
#23 \vendor\laravel\framework\src\Illuminate\View\Engines\PhpEngine.php:58
#24 \vendor\laravel\framework\src\Illuminate\View\Engines\CompilerEngine.php:72
#25 \vendor\laravel\framework\src\Illuminate\View\View.php:207
#26 \vendor\laravel\framework\src\Illuminate\View\View.php:190
#27 \vendor\laravel\framework\src\Illuminate\View\View.php:159
#28 \vendor\laravel\framework\src\Illuminate\Http\Response.php:69
#29 \vendor\laravel\framework\src\Illuminate\Http\Response.php:35
#30 \vendor\laravel\framework\src\Illuminate\Routing\Router.php:918
#31 \vendor\laravel\framework\src\Illuminate\Routing\Router.php:885
#32 \vendor\laravel\framework\src\Illuminate\Routing\Router.php:805
#33 \vendor\laravel\framework\src\Illuminate\Pipeline\Pipeline.php:144
#34 \app\Http\Middleware\RegistrationStep.php:32
#35 \vendor\laravel\framework\src\Illuminate\Pipeline\Pipeline.php:183
#36 \app\Http\Middleware\CheckStatus.php:23
#37 \vendor\laravel\framework\src\Illuminate\Pipeline\Pipeline.php:183
#38 \vendor\barryvdh\laravel-debugbar\src\Middleware\InjectDebugbar.php:66
#39 \vendor\laravel\framework\src\Illuminate\Pipeline\Pipeline.php:183
#40 \app\Http\Middleware\LanguageMiddleware.php:21
#41 \vendor\laravel\framework\src\Illuminate\Pipeline\Pipeline.php:183
#42 \vendor\laravel\framework\src\Illuminate\Routing\Middleware\SubstituteBindings.php:50
#43 \vendor\laravel\framework\src\Illuminate\Pipeline\Pipeline.php:183
#44 \vendor\laravel\framework\src\Illuminate\Auth\Middleware\Authenticate.php:57
#45 \vendor\laravel\framework\src\Illuminate\Pipeline\Pipeline.php:183
#46 \vendor\laravel\framework\src\Illuminate\Foundation\Http\Middleware\VerifyCsrfToken.php:78
#47 \vendor\laravel\framework\src\Illuminate\Pipeline\Pipeline.php:183
#48 \vendor\laravel\framework\src\Illuminate\View\Middleware\ShareErrorsFromSession.php:49
#49 \vendor\laravel\framework\src\Illuminate\Pipeline\Pipeline.php:183
  
[2025-06-21 12:50:31] local.INFO: Detected N+1 Query  
[2025-06-21 12:50:31] local.INFO: Model: App\Models\Building
Relation: neighborhood
Num-Called: 2
Call-Stack:
#19 \app\Http\Helpers\helpers.php:758
#22 \vendor\laravel\framework\src\Illuminate\Filesystem\Filesystem.php:124
#23 \vendor\laravel\framework\src\Illuminate\View\Engines\PhpEngine.php:58
#24 \vendor\laravel\framework\src\Illuminate\View\Engines\CompilerEngine.php:72
#25 \vendor\laravel\framework\src\Illuminate\View\View.php:207
#26 \vendor\laravel\framework\src\Illuminate\View\View.php:190
#27 \vendor\laravel\framework\src\Illuminate\View\View.php:159
#28 \vendor\laravel\framework\src\Illuminate\Http\Response.php:69
#29 \vendor\laravel\framework\src\Illuminate\Http\Response.php:35
#30 \vendor\laravel\framework\src\Illuminate\Routing\Router.php:918
#31 \vendor\laravel\framework\src\Illuminate\Routing\Router.php:885
#32 \vendor\laravel\framework\src\Illuminate\Routing\Router.php:805
#33 \vendor\laravel\framework\src\Illuminate\Pipeline\Pipeline.php:144
#34 \app\Http\Middleware\RegistrationStep.php:32
#35 \vendor\laravel\framework\src\Illuminate\Pipeline\Pipeline.php:183
#36 \app\Http\Middleware\CheckStatus.php:23
#37 \vendor\laravel\framework\src\Illuminate\Pipeline\Pipeline.php:183
#38 \vendor\barryvdh\laravel-debugbar\src\Middleware\InjectDebugbar.php:66
#39 \vendor\laravel\framework\src\Illuminate\Pipeline\Pipeline.php:183
#40 \app\Http\Middleware\LanguageMiddleware.php:21
#41 \vendor\laravel\framework\src\Illuminate\Pipeline\Pipeline.php:183
#42 \vendor\laravel\framework\src\Illuminate\Routing\Middleware\SubstituteBindings.php:50
#43 \vendor\laravel\framework\src\Illuminate\Pipeline\Pipeline.php:183
#44 \vendor\laravel\framework\src\Illuminate\Auth\Middleware\Authenticate.php:57
#45 \vendor\laravel\framework\src\Illuminate\Pipeline\Pipeline.php:183
#46 \vendor\laravel\framework\src\Illuminate\Foundation\Http\Middleware\VerifyCsrfToken.php:78
#47 \vendor\laravel\framework\src\Illuminate\Pipeline\Pipeline.php:183
#48 \vendor\laravel\framework\src\Illuminate\View\Middleware\ShareErrorsFromSession.php:49
#49 \vendor\laravel\framework\src\Illuminate\Pipeline\Pipeline.php:183
  
[2025-06-21 12:50:31] local.INFO: Model: App\Models\Neighborhood
Relation: county
Num-Called: 2
Call-Stack:
#19 \app\Http\Helpers\helpers.php:758
#22 \vendor\laravel\framework\src\Illuminate\Filesystem\Filesystem.php:124
#23 \vendor\laravel\framework\src\Illuminate\View\Engines\PhpEngine.php:58
#24 \vendor\laravel\framework\src\Illuminate\View\Engines\CompilerEngine.php:72
#25 \vendor\laravel\framework\src\Illuminate\View\View.php:207
#26 \vendor\laravel\framework\src\Illuminate\View\View.php:190
#27 \vendor\laravel\framework\src\Illuminate\View\View.php:159
#28 \vendor\laravel\framework\src\Illuminate\Http\Response.php:69
#29 \vendor\laravel\framework\src\Illuminate\Http\Response.php:35
#30 \vendor\laravel\framework\src\Illuminate\Routing\Router.php:918
#31 \vendor\laravel\framework\src\Illuminate\Routing\Router.php:885
#32 \vendor\laravel\framework\src\Illuminate\Routing\Router.php:805
#33 \vendor\laravel\framework\src\Illuminate\Pipeline\Pipeline.php:144
#34 \app\Http\Middleware\RegistrationStep.php:32
#35 \vendor\laravel\framework\src\Illuminate\Pipeline\Pipeline.php:183
#36 \app\Http\Middleware\CheckStatus.php:23
#37 \vendor\laravel\framework\src\Illuminate\Pipeline\Pipeline.php:183
#38 \vendor\barryvdh\laravel-debugbar\src\Middleware\InjectDebugbar.php:66
#39 \vendor\laravel\framework\src\Illuminate\Pipeline\Pipeline.php:183
#40 \app\Http\Middleware\LanguageMiddleware.php:21
#41 \vendor\laravel\framework\src\Illuminate\Pipeline\Pipeline.php:183
#42 \vendor\laravel\framework\src\Illuminate\Routing\Middleware\SubstituteBindings.php:50
#43 \vendor\laravel\framework\src\Illuminate\Pipeline\Pipeline.php:183
#44 \vendor\laravel\framework\src\Illuminate\Auth\Middleware\Authenticate.php:57
#45 \vendor\laravel\framework\src\Illuminate\Pipeline\Pipeline.php:183
#46 \vendor\laravel\framework\src\Illuminate\Foundation\Http\Middleware\VerifyCsrfToken.php:78
#47 \vendor\laravel\framework\src\Illuminate\Pipeline\Pipeline.php:183
#48 \vendor\laravel\framework\src\Illuminate\View\Middleware\ShareErrorsFromSession.php:49
#49 \vendor\laravel\framework\src\Illuminate\Pipeline\Pipeline.php:183
  
[2025-06-21 12:51:36] local.INFO: Detected N+1 Query  
[2025-06-21 12:51:36] local.INFO: Model: App\Models\Building
Relation: neighborhood
Num-Called: 2
Call-Stack:
#19 \app\Http\Helpers\helpers.php:758
#22 \vendor\laravel\framework\src\Illuminate\Filesystem\Filesystem.php:124
#23 \vendor\laravel\framework\src\Illuminate\View\Engines\PhpEngine.php:58
#24 \vendor\laravel\framework\src\Illuminate\View\Engines\CompilerEngine.php:72
#25 \vendor\laravel\framework\src\Illuminate\View\View.php:207
#26 \vendor\laravel\framework\src\Illuminate\View\View.php:190
#27 \vendor\laravel\framework\src\Illuminate\View\View.php:159
#28 \vendor\laravel\framework\src\Illuminate\Http\Response.php:69
#29 \vendor\laravel\framework\src\Illuminate\Http\Response.php:35
#30 \vendor\laravel\framework\src\Illuminate\Routing\Router.php:918
#31 \vendor\laravel\framework\src\Illuminate\Routing\Router.php:885
#32 \vendor\laravel\framework\src\Illuminate\Routing\Router.php:805
#33 \vendor\laravel\framework\src\Illuminate\Pipeline\Pipeline.php:144
#34 \app\Http\Middleware\RegistrationStep.php:32
#35 \vendor\laravel\framework\src\Illuminate\Pipeline\Pipeline.php:183
#36 \app\Http\Middleware\CheckStatus.php:23
#37 \vendor\laravel\framework\src\Illuminate\Pipeline\Pipeline.php:183
#38 \vendor\barryvdh\laravel-debugbar\src\Middleware\InjectDebugbar.php:66
#39 \vendor\laravel\framework\src\Illuminate\Pipeline\Pipeline.php:183
#40 \app\Http\Middleware\LanguageMiddleware.php:21
#41 \vendor\laravel\framework\src\Illuminate\Pipeline\Pipeline.php:183
#42 \vendor\laravel\framework\src\Illuminate\Routing\Middleware\SubstituteBindings.php:50
#43 \vendor\laravel\framework\src\Illuminate\Pipeline\Pipeline.php:183
#44 \vendor\laravel\framework\src\Illuminate\Auth\Middleware\Authenticate.php:57
#45 \vendor\laravel\framework\src\Illuminate\Pipeline\Pipeline.php:183
#46 \vendor\laravel\framework\src\Illuminate\Foundation\Http\Middleware\VerifyCsrfToken.php:78
#47 \vendor\laravel\framework\src\Illuminate\Pipeline\Pipeline.php:183
#48 \vendor\laravel\framework\src\Illuminate\View\Middleware\ShareErrorsFromSession.php:49
#49 \vendor\laravel\framework\src\Illuminate\Pipeline\Pipeline.php:183
  
[2025-06-21 12:51:36] local.INFO: Model: App\Models\Neighborhood
Relation: county
Num-Called: 2
Call-Stack:
#19 \app\Http\Helpers\helpers.php:758
#22 \vendor\laravel\framework\src\Illuminate\Filesystem\Filesystem.php:124
#23 \vendor\laravel\framework\src\Illuminate\View\Engines\PhpEngine.php:58
#24 \vendor\laravel\framework\src\Illuminate\View\Engines\CompilerEngine.php:72
#25 \vendor\laravel\framework\src\Illuminate\View\View.php:207
#26 \vendor\laravel\framework\src\Illuminate\View\View.php:190
#27 \vendor\laravel\framework\src\Illuminate\View\View.php:159
#28 \vendor\laravel\framework\src\Illuminate\Http\Response.php:69
#29 \vendor\laravel\framework\src\Illuminate\Http\Response.php:35
#30 \vendor\laravel\framework\src\Illuminate\Routing\Router.php:918
#31 \vendor\laravel\framework\src\Illuminate\Routing\Router.php:885
#32 \vendor\laravel\framework\src\Illuminate\Routing\Router.php:805
#33 \vendor\laravel\framework\src\Illuminate\Pipeline\Pipeline.php:144
#34 \app\Http\Middleware\RegistrationStep.php:32
#35 \vendor\laravel\framework\src\Illuminate\Pipeline\Pipeline.php:183
#36 \app\Http\Middleware\CheckStatus.php:23
#37 \vendor\laravel\framework\src\Illuminate\Pipeline\Pipeline.php:183
#38 \vendor\barryvdh\laravel-debugbar\src\Middleware\InjectDebugbar.php:66
#39 \vendor\laravel\framework\src\Illuminate\Pipeline\Pipeline.php:183
#40 \app\Http\Middleware\LanguageMiddleware.php:21
#41 \vendor\laravel\framework\src\Illuminate\Pipeline\Pipeline.php:183
#42 \vendor\laravel\framework\src\Illuminate\Routing\Middleware\SubstituteBindings.php:50
#43 \vendor\laravel\framework\src\Illuminate\Pipeline\Pipeline.php:183
#44 \vendor\laravel\framework\src\Illuminate\Auth\Middleware\Authenticate.php:57
#45 \vendor\laravel\framework\src\Illuminate\Pipeline\Pipeline.php:183
#46 \vendor\laravel\framework\src\Illuminate\Foundation\Http\Middleware\VerifyCsrfToken.php:78
#47 \vendor\laravel\framework\src\Illuminate\Pipeline\Pipeline.php:183
#48 \vendor\laravel\framework\src\Illuminate\View\Middleware\ShareErrorsFromSession.php:49
#49 \vendor\laravel\framework\src\Illuminate\Pipeline\Pipeline.php:183
  
[2025-06-21 12:56:22] local.INFO: Detected N+1 Query  
[2025-06-21 12:56:22] local.INFO: Model: App\Models\Neighborhood
Relation: county
Num-Called: 7
Call-Stack:
#19 \app\Http\Helpers\helpers.php:758
#22 \vendor\laravel\framework\src\Illuminate\Filesystem\Filesystem.php:124
#23 \vendor\laravel\framework\src\Illuminate\View\Engines\PhpEngine.php:58
#24 \vendor\laravel\framework\src\Illuminate\View\Engines\CompilerEngine.php:72
#25 \vendor\laravel\framework\src\Illuminate\View\View.php:207
#26 \vendor\laravel\framework\src\Illuminate\View\View.php:190
#27 \vendor\laravel\framework\src\Illuminate\View\View.php:159
#28 \vendor\laravel\framework\src\Illuminate\Http\Response.php:69
#29 \vendor\laravel\framework\src\Illuminate\Http\Response.php:35
#30 \vendor\laravel\framework\src\Illuminate\Routing\Router.php:918
#31 \vendor\laravel\framework\src\Illuminate\Routing\Router.php:885
#32 \vendor\laravel\framework\src\Illuminate\Routing\Router.php:805
#33 \vendor\laravel\framework\src\Illuminate\Pipeline\Pipeline.php:144
#34 \app\Http\Middleware\KycMiddleware.php:36
#35 \vendor\laravel\framework\src\Illuminate\Pipeline\Pipeline.php:183
#36 \app\Http\Middleware\RegistrationStep.php:32
#37 \vendor\laravel\framework\src\Illuminate\Pipeline\Pipeline.php:183
#38 \app\Http\Middleware\CheckStatus.php:23
#39 \vendor\laravel\framework\src\Illuminate\Pipeline\Pipeline.php:183
#40 \vendor\barryvdh\laravel-debugbar\src\Middleware\InjectDebugbar.php:66
#41 \vendor\laravel\framework\src\Illuminate\Pipeline\Pipeline.php:183
#42 \app\Http\Middleware\LanguageMiddleware.php:21
#43 \vendor\laravel\framework\src\Illuminate\Pipeline\Pipeline.php:183
#44 \vendor\laravel\framework\src\Illuminate\Routing\Middleware\SubstituteBindings.php:50
#45 \vendor\laravel\framework\src\Illuminate\Pipeline\Pipeline.php:183
#46 \vendor\laravel\framework\src\Illuminate\Auth\Middleware\Authenticate.php:57
#47 \vendor\laravel\framework\src\Illuminate\Pipeline\Pipeline.php:183
#48 \vendor\laravel\framework\src\Illuminate\Foundation\Http\Middleware\VerifyCsrfToken.php:78
#49 \vendor\laravel\framework\src\Illuminate\Pipeline\Pipeline.php:183
  
[2025-06-21 12:59:14] local.INFO: Detected N+1 Query  
[2025-06-21 12:59:14] local.INFO: Model: App\Models\Neighborhood
Relation: county
Num-Called: 7
Call-Stack:
#19 \app\Http\Helpers\helpers.php:758
#22 \vendor\laravel\framework\src\Illuminate\Filesystem\Filesystem.php:124
#23 \vendor\laravel\framework\src\Illuminate\View\Engines\PhpEngine.php:58
#24 \vendor\laravel\framework\src\Illuminate\View\Engines\CompilerEngine.php:72
#25 \vendor\laravel\framework\src\Illuminate\View\View.php:207
#26 \vendor\laravel\framework\src\Illuminate\View\View.php:190
#27 \vendor\laravel\framework\src\Illuminate\View\View.php:159
#28 \vendor\laravel\framework\src\Illuminate\Http\Response.php:69
#29 \vendor\laravel\framework\src\Illuminate\Http\Response.php:35
#30 \vendor\laravel\framework\src\Illuminate\Routing\Router.php:918
#31 \vendor\laravel\framework\src\Illuminate\Routing\Router.php:885
#32 \vendor\laravel\framework\src\Illuminate\Routing\Router.php:805
#33 \vendor\laravel\framework\src\Illuminate\Pipeline\Pipeline.php:144
#34 \app\Http\Middleware\KycMiddleware.php:36
#35 \vendor\laravel\framework\src\Illuminate\Pipeline\Pipeline.php:183
#36 \app\Http\Middleware\RegistrationStep.php:32
#37 \vendor\laravel\framework\src\Illuminate\Pipeline\Pipeline.php:183
#38 \app\Http\Middleware\CheckStatus.php:23
#39 \vendor\laravel\framework\src\Illuminate\Pipeline\Pipeline.php:183
#40 \vendor\barryvdh\laravel-debugbar\src\Middleware\InjectDebugbar.php:66
#41 \vendor\laravel\framework\src\Illuminate\Pipeline\Pipeline.php:183
#42 \app\Http\Middleware\LanguageMiddleware.php:21
#43 \vendor\laravel\framework\src\Illuminate\Pipeline\Pipeline.php:183
#44 \vendor\laravel\framework\src\Illuminate\Routing\Middleware\SubstituteBindings.php:50
#45 \vendor\laravel\framework\src\Illuminate\Pipeline\Pipeline.php:183
#46 \vendor\laravel\framework\src\Illuminate\Auth\Middleware\Authenticate.php:57
#47 \vendor\laravel\framework\src\Illuminate\Pipeline\Pipeline.php:183
#48 \vendor\laravel\framework\src\Illuminate\Foundation\Http\Middleware\VerifyCsrfToken.php:78
#49 \vendor\laravel\framework\src\Illuminate\Pipeline\Pipeline.php:183
  
[2025-06-21 13:31:35] local.INFO: Detected N+1 Query  
[2025-06-21 13:31:35] local.INFO: Model: App\Models\Neighborhood
Relation: App\Models\County
Num-Called: 2
Call-Stack:
#18 \storage\framework\views\40802ae3bb012cd5b6ec0d92996ff9a5.php:14
#20 \vendor\laravel\framework\src\Illuminate\Filesystem\Filesystem.php:124
#21 \vendor\laravel\framework\src\Illuminate\View\Engines\PhpEngine.php:58
#22 \vendor\laravel\framework\src\Illuminate\View\Engines\CompilerEngine.php:72
#23 \vendor\laravel\framework\src\Illuminate\View\View.php:207
#24 \vendor\laravel\framework\src\Illuminate\View\View.php:190
#25 \vendor\laravel\framework\src\Illuminate\View\View.php:159
#26 \storage\framework\views\28fbe8bb14b6b46a285631a55aedf772.php:63
#28 \vendor\laravel\framework\src\Illuminate\Filesystem\Filesystem.php:124
#29 \vendor\laravel\framework\src\Illuminate\View\Engines\PhpEngine.php:58
#30 \vendor\laravel\framework\src\Illuminate\View\Engines\CompilerEngine.php:72
#31 \vendor\laravel\framework\src\Illuminate\View\View.php:207
#32 \vendor\laravel\framework\src\Illuminate\View\View.php:190
#33 \vendor\laravel\framework\src\Illuminate\View\View.php:159
#34 \storage\framework\views\4fde4457467a8e0875fc60127a2807c3.php:453
#36 \vendor\laravel\framework\src\Illuminate\Filesystem\Filesystem.php:124
#37 \vendor\laravel\framework\src\Illuminate\View\Engines\PhpEngine.php:58
#38 \vendor\laravel\framework\src\Illuminate\View\Engines\CompilerEngine.php:72
#39 \vendor\laravel\framework\src\Illuminate\View\View.php:207
#40 \vendor\laravel\framework\src\Illuminate\View\View.php:190
#41 \vendor\laravel\framework\src\Illuminate\View\View.php:159
#42 \vendor\laravel\framework\src\Illuminate\Http\Response.php:69
#43 \vendor\laravel\framework\src\Illuminate\Http\Response.php:35
#44 \vendor\laravel\framework\src\Illuminate\Routing\Router.php:918
#45 \vendor\laravel\framework\src\Illuminate\Routing\Router.php:885
#46 \vendor\laravel\framework\src\Illuminate\Routing\Router.php:805
#47 \vendor\laravel\framework\src\Illuminate\Pipeline\Pipeline.php:144
#48 \vendor\barryvdh\laravel-debugbar\src\Middleware\InjectDebugbar.php:66
#49 \vendor\laravel\framework\src\Illuminate\Pipeline\Pipeline.php:183
  
[2025-06-21 14:35:27] local.INFO: Detected N+1 Query  
[2025-06-21 14:35:27] local.INFO: Model: App\Models\Building
Relation: neighborhood
Num-Called: 5
Call-Stack:
#19 \app\Http\Helpers\helpers.php:758
#22 \vendor\laravel\framework\src\Illuminate\Filesystem\Filesystem.php:124
#23 \vendor\laravel\framework\src\Illuminate\View\Engines\PhpEngine.php:58
#24 \vendor\laravel\framework\src\Illuminate\View\Engines\CompilerEngine.php:72
#25 \vendor\laravel\framework\src\Illuminate\View\View.php:207
#26 \vendor\laravel\framework\src\Illuminate\View\View.php:190
#27 \vendor\laravel\framework\src\Illuminate\View\View.php:159
#28 \vendor\laravel\framework\src\Illuminate\Http\Response.php:69
#29 \vendor\laravel\framework\src\Illuminate\Http\Response.php:35
#30 \vendor\laravel\framework\src\Illuminate\Routing\Router.php:918
#31 \vendor\laravel\framework\src\Illuminate\Routing\Router.php:885
#32 \vendor\laravel\framework\src\Illuminate\Routing\Router.php:805
#33 \vendor\laravel\framework\src\Illuminate\Pipeline\Pipeline.php:144
#34 \vendor\barryvdh\laravel-debugbar\src\Middleware\InjectDebugbar.php:66
#35 \vendor\laravel\framework\src\Illuminate\Pipeline\Pipeline.php:183
#36 \app\Http\Middleware\LanguageMiddleware.php:21
#37 \vendor\laravel\framework\src\Illuminate\Pipeline\Pipeline.php:183
#38 \vendor\laravel\framework\src\Illuminate\Routing\Middleware\SubstituteBindings.php:50
#39 \vendor\laravel\framework\src\Illuminate\Pipeline\Pipeline.php:183
#40 \vendor\laravel\framework\src\Illuminate\Foundation\Http\Middleware\VerifyCsrfToken.php:78
#41 \vendor\laravel\framework\src\Illuminate\Pipeline\Pipeline.php:183
#42 \vendor\laravel\framework\src\Illuminate\View\Middleware\ShareErrorsFromSession.php:49
#43 \vendor\laravel\framework\src\Illuminate\Pipeline\Pipeline.php:183
#44 \vendor\laravel\framework\src\Illuminate\Session\Middleware\StartSession.php:121
#45 \vendor\laravel\framework\src\Illuminate\Session\Middleware\StartSession.php:64
#46 \vendor\laravel\framework\src\Illuminate\Pipeline\Pipeline.php:183
#47 \vendor\laravel\framework\src\Illuminate\Cookie\Middleware\AddQueuedCookiesToResponse.php:37
#48 \vendor\laravel\framework\src\Illuminate\Pipeline\Pipeline.php:183
#49 \vendor\laravel\framework\src\Illuminate\Cookie\Middleware\EncryptCookies.php:67
  
[2025-06-21 14:35:27] local.INFO: Model: App\Models\Neighborhood
Relation: county
Num-Called: 5
Call-Stack:
#19 \app\Http\Helpers\helpers.php:758
#22 \vendor\laravel\framework\src\Illuminate\Filesystem\Filesystem.php:124
#23 \vendor\laravel\framework\src\Illuminate\View\Engines\PhpEngine.php:58
#24 \vendor\laravel\framework\src\Illuminate\View\Engines\CompilerEngine.php:72
#25 \vendor\laravel\framework\src\Illuminate\View\View.php:207
#26 \vendor\laravel\framework\src\Illuminate\View\View.php:190
#27 \vendor\laravel\framework\src\Illuminate\View\View.php:159
#28 \vendor\laravel\framework\src\Illuminate\Http\Response.php:69
#29 \vendor\laravel\framework\src\Illuminate\Http\Response.php:35
#30 \vendor\laravel\framework\src\Illuminate\Routing\Router.php:918
#31 \vendor\laravel\framework\src\Illuminate\Routing\Router.php:885
#32 \vendor\laravel\framework\src\Illuminate\Routing\Router.php:805
#33 \vendor\laravel\framework\src\Illuminate\Pipeline\Pipeline.php:144
#34 \vendor\barryvdh\laravel-debugbar\src\Middleware\InjectDebugbar.php:66
#35 \vendor\laravel\framework\src\Illuminate\Pipeline\Pipeline.php:183
#36 \app\Http\Middleware\LanguageMiddleware.php:21
#37 \vendor\laravel\framework\src\Illuminate\Pipeline\Pipeline.php:183
#38 \vendor\laravel\framework\src\Illuminate\Routing\Middleware\SubstituteBindings.php:50
#39 \vendor\laravel\framework\src\Illuminate\Pipeline\Pipeline.php:183
#40 \vendor\laravel\framework\src\Illuminate\Foundation\Http\Middleware\VerifyCsrfToken.php:78
#41 \vendor\laravel\framework\src\Illuminate\Pipeline\Pipeline.php:183
#42 \vendor\laravel\framework\src\Illuminate\View\Middleware\ShareErrorsFromSession.php:49
#43 \vendor\laravel\framework\src\Illuminate\Pipeline\Pipeline.php:183
#44 \vendor\laravel\framework\src\Illuminate\Session\Middleware\StartSession.php:121
#45 \vendor\laravel\framework\src\Illuminate\Session\Middleware\StartSession.php:64
#46 \vendor\laravel\framework\src\Illuminate\Pipeline\Pipeline.php:183
#47 \vendor\laravel\framework\src\Illuminate\Cookie\Middleware\AddQueuedCookiesToResponse.php:37
#48 \vendor\laravel\framework\src\Illuminate\Pipeline\Pipeline.php:183
#49 \vendor\laravel\framework\src\Illuminate\Cookie\Middleware\EncryptCookies.php:67
  
[2025-06-21 14:35:31] local.INFO: Detected N+1 Query  
[2025-06-21 14:35:31] local.INFO: Model: App\Models\Building
Relation: neighborhood
Num-Called: 5
Call-Stack:
#19 \app\Http\Helpers\helpers.php:758
#22 \vendor\laravel\framework\src\Illuminate\Filesystem\Filesystem.php:124
#23 \vendor\laravel\framework\src\Illuminate\View\Engines\PhpEngine.php:58
#24 \vendor\laravel\framework\src\Illuminate\View\Engines\CompilerEngine.php:72
#25 \vendor\laravel\framework\src\Illuminate\View\View.php:207
#26 \vendor\laravel\framework\src\Illuminate\View\View.php:190
#27 \vendor\laravel\framework\src\Illuminate\View\View.php:159
#28 \vendor\laravel\framework\src\Illuminate\Http\Response.php:69
#29 \vendor\laravel\framework\src\Illuminate\Http\Response.php:35
#30 \vendor\laravel\framework\src\Illuminate\Routing\Router.php:918
#31 \vendor\laravel\framework\src\Illuminate\Routing\Router.php:885
#32 \vendor\laravel\framework\src\Illuminate\Routing\Router.php:805
#33 \vendor\laravel\framework\src\Illuminate\Pipeline\Pipeline.php:144
#34 \vendor\barryvdh\laravel-debugbar\src\Middleware\InjectDebugbar.php:66
#35 \vendor\laravel\framework\src\Illuminate\Pipeline\Pipeline.php:183
#36 \app\Http\Middleware\LanguageMiddleware.php:21
#37 \vendor\laravel\framework\src\Illuminate\Pipeline\Pipeline.php:183
#38 \vendor\laravel\framework\src\Illuminate\Routing\Middleware\SubstituteBindings.php:50
#39 \vendor\laravel\framework\src\Illuminate\Pipeline\Pipeline.php:183
#40 \vendor\laravel\framework\src\Illuminate\Foundation\Http\Middleware\VerifyCsrfToken.php:78
#41 \vendor\laravel\framework\src\Illuminate\Pipeline\Pipeline.php:183
#42 \vendor\laravel\framework\src\Illuminate\View\Middleware\ShareErrorsFromSession.php:49
#43 \vendor\laravel\framework\src\Illuminate\Pipeline\Pipeline.php:183
#44 \vendor\laravel\framework\src\Illuminate\Session\Middleware\StartSession.php:121
#45 \vendor\laravel\framework\src\Illuminate\Session\Middleware\StartSession.php:64
#46 \vendor\laravel\framework\src\Illuminate\Pipeline\Pipeline.php:183
#47 \vendor\laravel\framework\src\Illuminate\Cookie\Middleware\AddQueuedCookiesToResponse.php:37
#48 \vendor\laravel\framework\src\Illuminate\Pipeline\Pipeline.php:183
#49 \vendor\laravel\framework\src\Illuminate\Cookie\Middleware\EncryptCookies.php:67
  
[2025-06-21 14:35:31] local.INFO: Model: App\Models\Neighborhood
Relation: county
Num-Called: 5
Call-Stack:
#19 \app\Http\Helpers\helpers.php:758
#22 \vendor\laravel\framework\src\Illuminate\Filesystem\Filesystem.php:124
#23 \vendor\laravel\framework\src\Illuminate\View\Engines\PhpEngine.php:58
#24 \vendor\laravel\framework\src\Illuminate\View\Engines\CompilerEngine.php:72
#25 \vendor\laravel\framework\src\Illuminate\View\View.php:207
#26 \vendor\laravel\framework\src\Illuminate\View\View.php:190
#27 \vendor\laravel\framework\src\Illuminate\View\View.php:159
#28 \vendor\laravel\framework\src\Illuminate\Http\Response.php:69
#29 \vendor\laravel\framework\src\Illuminate\Http\Response.php:35
#30 \vendor\laravel\framework\src\Illuminate\Routing\Router.php:918
#31 \vendor\laravel\framework\src\Illuminate\Routing\Router.php:885
#32 \vendor\laravel\framework\src\Illuminate\Routing\Router.php:805
#33 \vendor\laravel\framework\src\Illuminate\Pipeline\Pipeline.php:144
#34 \vendor\barryvdh\laravel-debugbar\src\Middleware\InjectDebugbar.php:66
#35 \vendor\laravel\framework\src\Illuminate\Pipeline\Pipeline.php:183
#36 \app\Http\Middleware\LanguageMiddleware.php:21
#37 \vendor\laravel\framework\src\Illuminate\Pipeline\Pipeline.php:183
#38 \vendor\laravel\framework\src\Illuminate\Routing\Middleware\SubstituteBindings.php:50
#39 \vendor\laravel\framework\src\Illuminate\Pipeline\Pipeline.php:183
#40 \vendor\laravel\framework\src\Illuminate\Foundation\Http\Middleware\VerifyCsrfToken.php:78
#41 \vendor\laravel\framework\src\Illuminate\Pipeline\Pipeline.php:183
#42 \vendor\laravel\framework\src\Illuminate\View\Middleware\ShareErrorsFromSession.php:49
#43 \vendor\laravel\framework\src\Illuminate\Pipeline\Pipeline.php:183
#44 \vendor\laravel\framework\src\Illuminate\Session\Middleware\StartSession.php:121
#45 \vendor\laravel\framework\src\Illuminate\Session\Middleware\StartSession.php:64
#46 \vendor\laravel\framework\src\Illuminate\Pipeline\Pipeline.php:183
#47 \vendor\laravel\framework\src\Illuminate\Cookie\Middleware\AddQueuedCookiesToResponse.php:37
#48 \vendor\laravel\framework\src\Illuminate\Pipeline\Pipeline.php:183
#49 \vendor\laravel\framework\src\Illuminate\Cookie\Middleware\EncryptCookies.php:67
  
[2025-06-21 14:37:07] local.INFO: Detected N+1 Query  
[2025-06-21 14:37:07] local.INFO: Model: App\Models\Building
Relation: neighborhood
Num-Called: 5
Call-Stack:
#19 \app\Http\Helpers\helpers.php:758
#22 \vendor\laravel\framework\src\Illuminate\Filesystem\Filesystem.php:124
#23 \vendor\laravel\framework\src\Illuminate\View\Engines\PhpEngine.php:58
#24 \vendor\laravel\framework\src\Illuminate\View\Engines\CompilerEngine.php:72
#25 \vendor\laravel\framework\src\Illuminate\View\View.php:207
#26 \vendor\laravel\framework\src\Illuminate\View\View.php:190
#27 \vendor\laravel\framework\src\Illuminate\View\View.php:159
#28 \vendor\laravel\framework\src\Illuminate\Http\Response.php:69
#29 \vendor\laravel\framework\src\Illuminate\Http\Response.php:35
#30 \vendor\laravel\framework\src\Illuminate\Routing\Router.php:918
#31 \vendor\laravel\framework\src\Illuminate\Routing\Router.php:885
#32 \vendor\laravel\framework\src\Illuminate\Routing\Router.php:805
#33 \vendor\laravel\framework\src\Illuminate\Pipeline\Pipeline.php:144
#34 \vendor\barryvdh\laravel-debugbar\src\Middleware\InjectDebugbar.php:66
#35 \vendor\laravel\framework\src\Illuminate\Pipeline\Pipeline.php:183
#36 \app\Http\Middleware\LanguageMiddleware.php:21
#37 \vendor\laravel\framework\src\Illuminate\Pipeline\Pipeline.php:183
#38 \vendor\laravel\framework\src\Illuminate\Routing\Middleware\SubstituteBindings.php:50
#39 \vendor\laravel\framework\src\Illuminate\Pipeline\Pipeline.php:183
#40 \vendor\laravel\framework\src\Illuminate\Foundation\Http\Middleware\VerifyCsrfToken.php:78
#41 \vendor\laravel\framework\src\Illuminate\Pipeline\Pipeline.php:183
#42 \vendor\laravel\framework\src\Illuminate\View\Middleware\ShareErrorsFromSession.php:49
#43 \vendor\laravel\framework\src\Illuminate\Pipeline\Pipeline.php:183
#44 \vendor\laravel\framework\src\Illuminate\Session\Middleware\StartSession.php:121
#45 \vendor\laravel\framework\src\Illuminate\Session\Middleware\StartSession.php:64
#46 \vendor\laravel\framework\src\Illuminate\Pipeline\Pipeline.php:183
#47 \vendor\laravel\framework\src\Illuminate\Cookie\Middleware\AddQueuedCookiesToResponse.php:37
#48 \vendor\laravel\framework\src\Illuminate\Pipeline\Pipeline.php:183
#49 \vendor\laravel\framework\src\Illuminate\Cookie\Middleware\EncryptCookies.php:67
  
[2025-06-21 14:37:07] local.INFO: Model: App\Models\Neighborhood
Relation: county
Num-Called: 5
Call-Stack:
#19 \app\Http\Helpers\helpers.php:758
#22 \vendor\laravel\framework\src\Illuminate\Filesystem\Filesystem.php:124
#23 \vendor\laravel\framework\src\Illuminate\View\Engines\PhpEngine.php:58
#24 \vendor\laravel\framework\src\Illuminate\View\Engines\CompilerEngine.php:72
#25 \vendor\laravel\framework\src\Illuminate\View\View.php:207
#26 \vendor\laravel\framework\src\Illuminate\View\View.php:190
#27 \vendor\laravel\framework\src\Illuminate\View\View.php:159
#28 \vendor\laravel\framework\src\Illuminate\Http\Response.php:69
#29 \vendor\laravel\framework\src\Illuminate\Http\Response.php:35
#30 \vendor\laravel\framework\src\Illuminate\Routing\Router.php:918
#31 \vendor\laravel\framework\src\Illuminate\Routing\Router.php:885
#32 \vendor\laravel\framework\src\Illuminate\Routing\Router.php:805
#33 \vendor\laravel\framework\src\Illuminate\Pipeline\Pipeline.php:144
#34 \vendor\barryvdh\laravel-debugbar\src\Middleware\InjectDebugbar.php:66
#35 \vendor\laravel\framework\src\Illuminate\Pipeline\Pipeline.php:183
#36 \app\Http\Middleware\LanguageMiddleware.php:21
#37 \vendor\laravel\framework\src\Illuminate\Pipeline\Pipeline.php:183
#38 \vendor\laravel\framework\src\Illuminate\Routing\Middleware\SubstituteBindings.php:50
#39 \vendor\laravel\framework\src\Illuminate\Pipeline\Pipeline.php:183
#40 \vendor\laravel\framework\src\Illuminate\Foundation\Http\Middleware\VerifyCsrfToken.php:78
#41 \vendor\laravel\framework\src\Illuminate\Pipeline\Pipeline.php:183
#42 \vendor\laravel\framework\src\Illuminate\View\Middleware\ShareErrorsFromSession.php:49
#43 \vendor\laravel\framework\src\Illuminate\Pipeline\Pipeline.php:183
#44 \vendor\laravel\framework\src\Illuminate\Session\Middleware\StartSession.php:121
#45 \vendor\laravel\framework\src\Illuminate\Session\Middleware\StartSession.php:64
#46 \vendor\laravel\framework\src\Illuminate\Pipeline\Pipeline.php:183
#47 \vendor\laravel\framework\src\Illuminate\Cookie\Middleware\AddQueuedCookiesToResponse.php:37
#48 \vendor\laravel\framework\src\Illuminate\Pipeline\Pipeline.php:183
#49 \vendor\laravel\framework\src\Illuminate\Cookie\Middleware\EncryptCookies.php:67
  
[2025-06-21 14:37:23] local.INFO: Detected N+1 Query  
[2025-06-21 14:37:23] local.INFO: Model: App\Models\Building
Relation: neighborhood
Num-Called: 5
Call-Stack:
#19 \app\Http\Helpers\helpers.php:758
#22 \vendor\laravel\framework\src\Illuminate\Filesystem\Filesystem.php:124
#23 \vendor\laravel\framework\src\Illuminate\View\Engines\PhpEngine.php:58
#24 \vendor\laravel\framework\src\Illuminate\View\Engines\CompilerEngine.php:72
#25 \vendor\laravel\framework\src\Illuminate\View\View.php:207
#26 \vendor\laravel\framework\src\Illuminate\View\View.php:190
#27 \vendor\laravel\framework\src\Illuminate\View\View.php:159
#28 \vendor\laravel\framework\src\Illuminate\Http\Response.php:69
#29 \vendor\laravel\framework\src\Illuminate\Http\Response.php:35
#30 \vendor\laravel\framework\src\Illuminate\Routing\Router.php:918
#31 \vendor\laravel\framework\src\Illuminate\Routing\Router.php:885
#32 \vendor\laravel\framework\src\Illuminate\Routing\Router.php:805
#33 \vendor\laravel\framework\src\Illuminate\Pipeline\Pipeline.php:144
#34 \vendor\barryvdh\laravel-debugbar\src\Middleware\InjectDebugbar.php:66
#35 \vendor\laravel\framework\src\Illuminate\Pipeline\Pipeline.php:183
#36 \app\Http\Middleware\LanguageMiddleware.php:21
#37 \vendor\laravel\framework\src\Illuminate\Pipeline\Pipeline.php:183
#38 \vendor\laravel\framework\src\Illuminate\Routing\Middleware\SubstituteBindings.php:50
#39 \vendor\laravel\framework\src\Illuminate\Pipeline\Pipeline.php:183
#40 \vendor\laravel\framework\src\Illuminate\Foundation\Http\Middleware\VerifyCsrfToken.php:78
#41 \vendor\laravel\framework\src\Illuminate\Pipeline\Pipeline.php:183
#42 \vendor\laravel\framework\src\Illuminate\View\Middleware\ShareErrorsFromSession.php:49
#43 \vendor\laravel\framework\src\Illuminate\Pipeline\Pipeline.php:183
#44 \vendor\laravel\framework\src\Illuminate\Session\Middleware\StartSession.php:121
#45 \vendor\laravel\framework\src\Illuminate\Session\Middleware\StartSession.php:64
#46 \vendor\laravel\framework\src\Illuminate\Pipeline\Pipeline.php:183
#47 \vendor\laravel\framework\src\Illuminate\Cookie\Middleware\AddQueuedCookiesToResponse.php:37
#48 \vendor\laravel\framework\src\Illuminate\Pipeline\Pipeline.php:183
#49 \vendor\laravel\framework\src\Illuminate\Cookie\Middleware\EncryptCookies.php:67
  
[2025-06-21 14:37:23] local.INFO: Model: App\Models\Neighborhood
Relation: county
Num-Called: 5
Call-Stack:
#19 \app\Http\Helpers\helpers.php:758
#22 \vendor\laravel\framework\src\Illuminate\Filesystem\Filesystem.php:124
#23 \vendor\laravel\framework\src\Illuminate\View\Engines\PhpEngine.php:58
#24 \vendor\laravel\framework\src\Illuminate\View\Engines\CompilerEngine.php:72
#25 \vendor\laravel\framework\src\Illuminate\View\View.php:207
#26 \vendor\laravel\framework\src\Illuminate\View\View.php:190
#27 \vendor\laravel\framework\src\Illuminate\View\View.php:159
#28 \vendor\laravel\framework\src\Illuminate\Http\Response.php:69
#29 \vendor\laravel\framework\src\Illuminate\Http\Response.php:35
#30 \vendor\laravel\framework\src\Illuminate\Routing\Router.php:918
#31 \vendor\laravel\framework\src\Illuminate\Routing\Router.php:885
#32 \vendor\laravel\framework\src\Illuminate\Routing\Router.php:805
#33 \vendor\laravel\framework\src\Illuminate\Pipeline\Pipeline.php:144
#34 \vendor\barryvdh\laravel-debugbar\src\Middleware\InjectDebugbar.php:66
#35 \vendor\laravel\framework\src\Illuminate\Pipeline\Pipeline.php:183
#36 \app\Http\Middleware\LanguageMiddleware.php:21
#37 \vendor\laravel\framework\src\Illuminate\Pipeline\Pipeline.php:183
#38 \vendor\laravel\framework\src\Illuminate\Routing\Middleware\SubstituteBindings.php:50
#39 \vendor\laravel\framework\src\Illuminate\Pipeline\Pipeline.php:183
#40 \vendor\laravel\framework\src\Illuminate\Foundation\Http\Middleware\VerifyCsrfToken.php:78
#41 \vendor\laravel\framework\src\Illuminate\Pipeline\Pipeline.php:183
#42 \vendor\laravel\framework\src\Illuminate\View\Middleware\ShareErrorsFromSession.php:49
#43 \vendor\laravel\framework\src\Illuminate\Pipeline\Pipeline.php:183
#44 \vendor\laravel\framework\src\Illuminate\Session\Middleware\StartSession.php:121
#45 \vendor\laravel\framework\src\Illuminate\Session\Middleware\StartSession.php:64
#46 \vendor\laravel\framework\src\Illuminate\Pipeline\Pipeline.php:183
#47 \vendor\laravel\framework\src\Illuminate\Cookie\Middleware\AddQueuedCookiesToResponse.php:37
#48 \vendor\laravel\framework\src\Illuminate\Pipeline\Pipeline.php:183
#49 \vendor\laravel\framework\src\Illuminate\Cookie\Middleware\EncryptCookies.php:67
  
[2025-06-21 14:38:12] local.INFO: Detected N+1 Query  
[2025-06-21 14:38:12] local.INFO: Model: App\Models\Building
Relation: neighborhood
Num-Called: 5
Call-Stack:
#19 \app\Http\Helpers\helpers.php:758
#22 \vendor\laravel\framework\src\Illuminate\Filesystem\Filesystem.php:124
#23 \vendor\laravel\framework\src\Illuminate\View\Engines\PhpEngine.php:58
#24 \vendor\laravel\framework\src\Illuminate\View\Engines\CompilerEngine.php:72
#25 \vendor\laravel\framework\src\Illuminate\View\View.php:207
#26 \vendor\laravel\framework\src\Illuminate\View\View.php:190
#27 \vendor\laravel\framework\src\Illuminate\View\View.php:159
#28 \vendor\laravel\framework\src\Illuminate\Http\Response.php:69
#29 \vendor\laravel\framework\src\Illuminate\Http\Response.php:35
#30 \vendor\laravel\framework\src\Illuminate\Routing\Router.php:918
#31 \vendor\laravel\framework\src\Illuminate\Routing\Router.php:885
#32 \vendor\laravel\framework\src\Illuminate\Routing\Router.php:805
#33 \vendor\laravel\framework\src\Illuminate\Pipeline\Pipeline.php:144
#34 \vendor\barryvdh\laravel-debugbar\src\Middleware\InjectDebugbar.php:66
#35 \vendor\laravel\framework\src\Illuminate\Pipeline\Pipeline.php:183
#36 \app\Http\Middleware\LanguageMiddleware.php:21
#37 \vendor\laravel\framework\src\Illuminate\Pipeline\Pipeline.php:183
#38 \vendor\laravel\framework\src\Illuminate\Routing\Middleware\SubstituteBindings.php:50
#39 \vendor\laravel\framework\src\Illuminate\Pipeline\Pipeline.php:183
#40 \vendor\laravel\framework\src\Illuminate\Foundation\Http\Middleware\VerifyCsrfToken.php:78
#41 \vendor\laravel\framework\src\Illuminate\Pipeline\Pipeline.php:183
#42 \vendor\laravel\framework\src\Illuminate\View\Middleware\ShareErrorsFromSession.php:49
#43 \vendor\laravel\framework\src\Illuminate\Pipeline\Pipeline.php:183
#44 \vendor\laravel\framework\src\Illuminate\Session\Middleware\StartSession.php:121
#45 \vendor\laravel\framework\src\Illuminate\Session\Middleware\StartSession.php:64
#46 \vendor\laravel\framework\src\Illuminate\Pipeline\Pipeline.php:183
#47 \vendor\laravel\framework\src\Illuminate\Cookie\Middleware\AddQueuedCookiesToResponse.php:37
#48 \vendor\laravel\framework\src\Illuminate\Pipeline\Pipeline.php:183
#49 \vendor\laravel\framework\src\Illuminate\Cookie\Middleware\EncryptCookies.php:67
  
[2025-06-21 14:38:12] local.INFO: Model: App\Models\Neighborhood
Relation: county
Num-Called: 5
Call-Stack:
#19 \app\Http\Helpers\helpers.php:758
#22 \vendor\laravel\framework\src\Illuminate\Filesystem\Filesystem.php:124
#23 \vendor\laravel\framework\src\Illuminate\View\Engines\PhpEngine.php:58
#24 \vendor\laravel\framework\src\Illuminate\View\Engines\CompilerEngine.php:72
#25 \vendor\laravel\framework\src\Illuminate\View\View.php:207
#26 \vendor\laravel\framework\src\Illuminate\View\View.php:190
#27 \vendor\laravel\framework\src\Illuminate\View\View.php:159
#28 \vendor\laravel\framework\src\Illuminate\Http\Response.php:69
#29 \vendor\laravel\framework\src\Illuminate\Http\Response.php:35
#30 \vendor\laravel\framework\src\Illuminate\Routing\Router.php:918
#31 \vendor\laravel\framework\src\Illuminate\Routing\Router.php:885
#32 \vendor\laravel\framework\src\Illuminate\Routing\Router.php:805
#33 \vendor\laravel\framework\src\Illuminate\Pipeline\Pipeline.php:144
#34 \vendor\barryvdh\laravel-debugbar\src\Middleware\InjectDebugbar.php:66
#35 \vendor\laravel\framework\src\Illuminate\Pipeline\Pipeline.php:183
#36 \app\Http\Middleware\LanguageMiddleware.php:21
#37 \vendor\laravel\framework\src\Illuminate\Pipeline\Pipeline.php:183
#38 \vendor\laravel\framework\src\Illuminate\Routing\Middleware\SubstituteBindings.php:50
#39 \vendor\laravel\framework\src\Illuminate\Pipeline\Pipeline.php:183
#40 \vendor\laravel\framework\src\Illuminate\Foundation\Http\Middleware\VerifyCsrfToken.php:78
#41 \vendor\laravel\framework\src\Illuminate\Pipeline\Pipeline.php:183
#42 \vendor\laravel\framework\src\Illuminate\View\Middleware\ShareErrorsFromSession.php:49
#43 \vendor\laravel\framework\src\Illuminate\Pipeline\Pipeline.php:183
#44 \vendor\laravel\framework\src\Illuminate\Session\Middleware\StartSession.php:121
#45 \vendor\laravel\framework\src\Illuminate\Session\Middleware\StartSession.php:64
#46 \vendor\laravel\framework\src\Illuminate\Pipeline\Pipeline.php:183
#47 \vendor\laravel\framework\src\Illuminate\Cookie\Middleware\AddQueuedCookiesToResponse.php:37
#48 \vendor\laravel\framework\src\Illuminate\Pipeline\Pipeline.php:183
#49 \vendor\laravel\framework\src\Illuminate\Cookie\Middleware\EncryptCookies.php:67
  
[2025-06-21 16:05:16] local.INFO: Detected N+1 Query  
[2025-06-21 16:05:16] local.INFO: Model: App\Models\Neighborhood
Relation: App\Models\County
Num-Called: 2
Call-Stack:
#18 \storage\framework\views\40802ae3bb012cd5b6ec0d92996ff9a5.php:13
#20 \vendor\laravel\framework\src\Illuminate\Filesystem\Filesystem.php:124
#21 \vendor\laravel\framework\src\Illuminate\View\Engines\PhpEngine.php:58
#22 \vendor\laravel\framework\src\Illuminate\View\Engines\CompilerEngine.php:72
#23 \vendor\laravel\framework\src\Illuminate\View\View.php:207
#24 \vendor\laravel\framework\src\Illuminate\View\View.php:190
#25 \vendor\laravel\framework\src\Illuminate\View\View.php:159
#26 \storage\framework\views\28fbe8bb14b6b46a285631a55aedf772.php:63
#28 \vendor\laravel\framework\src\Illuminate\Filesystem\Filesystem.php:124
#29 \vendor\laravel\framework\src\Illuminate\View\Engines\PhpEngine.php:58
#30 \vendor\laravel\framework\src\Illuminate\View\Engines\CompilerEngine.php:72
#31 \vendor\laravel\framework\src\Illuminate\View\View.php:207
#32 \vendor\laravel\framework\src\Illuminate\View\View.php:190
#33 \vendor\laravel\framework\src\Illuminate\View\View.php:159
#34 \storage\framework\views\3f3b6b54028bfd531465e7f527528cf8.php:79
#36 \vendor\laravel\framework\src\Illuminate\Filesystem\Filesystem.php:124
#37 \vendor\laravel\framework\src\Illuminate\View\Engines\PhpEngine.php:58
#38 \vendor\laravel\framework\src\Illuminate\View\Engines\CompilerEngine.php:72
#39 \vendor\laravel\framework\src\Illuminate\View\View.php:207
#40 \vendor\laravel\framework\src\Illuminate\View\View.php:190
#41 \vendor\laravel\framework\src\Illuminate\View\View.php:159
#42 \vendor\laravel\framework\src\Illuminate\Http\Response.php:69
#43 \vendor\laravel\framework\src\Illuminate\Http\Response.php:35
#44 \vendor\laravel\framework\src\Illuminate\Routing\Router.php:918
#45 \vendor\laravel\framework\src\Illuminate\Routing\Router.php:885
#46 \vendor\laravel\framework\src\Illuminate\Routing\Router.php:805
#47 \vendor\laravel\framework\src\Illuminate\Pipeline\Pipeline.php:144
#48 \vendor\barryvdh\laravel-debugbar\src\Middleware\InjectDebugbar.php:66
#49 \vendor\laravel\framework\src\Illuminate\Pipeline\Pipeline.php:183
  
[2025-06-21 16:17:58] local.INFO: Detected N+1 Query  
[2025-06-21 16:17:58] local.INFO: Model: App\Models\Neighborhood
Relation: App\Models\Building
Num-Called: 9
Call-Stack:
#18 \storage\framework\views\3f3b6b54028bfd531465e7f527528cf8.php:3
#20 \vendor\laravel\framework\src\Illuminate\Filesystem\Filesystem.php:124
#21 \vendor\laravel\framework\src\Illuminate\View\Engines\PhpEngine.php:58
#22 \vendor\laravel\framework\src\Illuminate\View\Engines\CompilerEngine.php:72
#23 \vendor\laravel\framework\src\Illuminate\View\View.php:207
#24 \vendor\laravel\framework\src\Illuminate\View\View.php:190
#25 \vendor\laravel\framework\src\Illuminate\View\View.php:159
#26 \vendor\laravel\framework\src\Illuminate\View\View.php:504
#27 \vendor\spatie\backtrace\src\Arguments\Reducers\StringableArgumentReducer.php:19
#28 \vendor\spatie\backtrace\src\Arguments\ReduceArgumentPayloadAction.php:21
#29 \vendor\spatie\backtrace\src\Arguments\ReduceArgumentsAction.php:53
#32 \vendor\spatie\backtrace\src\Backtrace.php:217
#33 \vendor\spatie\backtrace\src\Backtrace.php:132
#34 \vendor\spatie\flare-client-php\src\Report.php:351
#35 \vendor\spatie\flare-client-php\src\Report.php:403
#36 \vendor\spatie\ignition\src\ErrorPage\ErrorPageViewModel.php:90
#37 \vendor\spatie\ignition\src\ErrorPage\ErrorPageViewModel.php:112
#38 \vendor\spatie\ignition\resources\views\errorPage.php:44
#40 \vendor\spatie\ignition\src\Ignition.php:321
#41 \vendor\spatie\laravel-ignition\src\Renderers\ErrorPageRenderer.php:39
#42 \vendor\spatie\laravel-ignition\src\Renderers\IgnitionExceptionRenderer.php:20
#43 \vendor\laravel\framework\src\Illuminate\Foundation\Exceptions\Handler.php:694
#44 \vendor\laravel\framework\src\Illuminate\Foundation\Exceptions\Handler.php:679
#45 \vendor\laravel\framework\src\Illuminate\Foundation\Exceptions\Handler.php:663
#46 \vendor\laravel\framework\src\Illuminate\Foundation\Exceptions\Handler.php:642
#47 \vendor\laravel\framework\src\Illuminate\Foundation\Exceptions\Handler.php:556
#48 \vendor\laravel\framework\src\Illuminate\Foundation\Exceptions\Handler.php:473
#49 \vendor\laravel\framework\src\Illuminate\Routing\Pipeline.php:51
  
[2025-06-21 16:17:58] local.INFO: Model: App\Models\County
Relation: App\Models\Neighborhood
Num-Called: 9
Call-Stack:
#19 \storage\framework\views\0ac2470d87879c8238cf39434c31be50.php:5
#21 \vendor\laravel\framework\src\Illuminate\Filesystem\Filesystem.php:124
#22 \vendor\laravel\framework\src\Illuminate\View\Engines\PhpEngine.php:58
#23 \vendor\laravel\framework\src\Illuminate\View\Engines\CompilerEngine.php:72
#24 \vendor\laravel\framework\src\Illuminate\View\View.php:207
#25 \vendor\laravel\framework\src\Illuminate\View\View.php:190
#26 \vendor\laravel\framework\src\Illuminate\View\View.php:159
#27 \storage\framework\views\3f3b6b54028bfd531465e7f527528cf8.php:10
#29 \vendor\laravel\framework\src\Illuminate\Filesystem\Filesystem.php:124
#30 \vendor\laravel\framework\src\Illuminate\View\Engines\PhpEngine.php:58
#31 \vendor\laravel\framework\src\Illuminate\View\Engines\CompilerEngine.php:72
#32 \vendor\laravel\framework\src\Illuminate\View\View.php:207
#33 \vendor\laravel\framework\src\Illuminate\View\View.php:190
#34 \vendor\laravel\framework\src\Illuminate\View\View.php:159
#35 \vendor\laravel\framework\src\Illuminate\View\View.php:504
#36 \vendor\spatie\backtrace\src\Arguments\Reducers\StringableArgumentReducer.php:19
#37 \vendor\spatie\backtrace\src\Arguments\ReduceArgumentPayloadAction.php:21
#38 \vendor\spatie\backtrace\src\Arguments\ReduceArgumentsAction.php:53
#41 \vendor\spatie\backtrace\src\Backtrace.php:217
#42 \vendor\spatie\backtrace\src\Backtrace.php:132
#43 \vendor\spatie\flare-client-php\src\Report.php:351
#44 \vendor\spatie\flare-client-php\src\Report.php:403
#45 \vendor\spatie\ignition\src\ErrorPage\ErrorPageViewModel.php:90
#46 \vendor\spatie\ignition\src\ErrorPage\ErrorPageViewModel.php:112
#47 \vendor\spatie\ignition\resources\views\errorPage.php:44
#49 \vendor\spatie\ignition\src\Ignition.php:321
  
[2025-06-21 16:17:58] local.INFO: Model: App\Models\Neighborhood
Relation: App\Models\County
Num-Called: 2
Call-Stack:
#18 \storage\framework\views\7233eb9be911f69822b937b729d35dad.php:8
#20 \vendor\laravel\framework\src\Illuminate\Filesystem\Filesystem.php:124
#21 \vendor\laravel\framework\src\Illuminate\View\Engines\PhpEngine.php:58
#22 \vendor\laravel\framework\src\Illuminate\View\Engines\CompilerEngine.php:72
#23 \vendor\laravel\framework\src\Illuminate\View\View.php:207
#24 \vendor\laravel\framework\src\Illuminate\View\View.php:190
#25 \vendor\laravel\framework\src\Illuminate\View\View.php:159
#26 \storage\framework\views\3f3b6b54028bfd531465e7f527528cf8.php:10
#28 \vendor\laravel\framework\src\Illuminate\Filesystem\Filesystem.php:124
#29 \vendor\laravel\framework\src\Illuminate\View\Engines\PhpEngine.php:58
#30 \vendor\laravel\framework\src\Illuminate\View\Engines\CompilerEngine.php:72
#31 \vendor\laravel\framework\src\Illuminate\View\View.php:207
#32 \vendor\laravel\framework\src\Illuminate\View\View.php:190
#33 \vendor\laravel\framework\src\Illuminate\View\View.php:159
#34 \vendor\laravel\framework\src\Illuminate\View\View.php:504
#35 \vendor\spatie\backtrace\src\Arguments\Reducers\StringableArgumentReducer.php:19
#36 \vendor\spatie\backtrace\src\Arguments\ReduceArgumentPayloadAction.php:21
#37 \vendor\spatie\backtrace\src\Arguments\ReduceArgumentsAction.php:53
#40 \vendor\spatie\backtrace\src\Backtrace.php:217
#41 \vendor\spatie\backtrace\src\Backtrace.php:132
#42 \vendor\spatie\flare-client-php\src\Report.php:351
#43 \vendor\spatie\flare-client-php\src\Report.php:403
#44 \vendor\spatie\ignition\src\ErrorPage\ErrorPageViewModel.php:90
#45 \vendor\spatie\ignition\src\ErrorPage\ErrorPageViewModel.php:112
#46 \vendor\spatie\ignition\resources\views\errorPage.php:44
#48 \vendor\spatie\ignition\src\Ignition.php:321
#49 \vendor\spatie\laravel-ignition\src\Renderers\ErrorPageRenderer.php:39
  
[2025-06-21 17:22:47] local.INFO: Detected N+1 Query  
[2025-06-21 17:22:47] local.INFO: Model: App\Models\Neighborhood
Relation: App\Models\County
Num-Called: 2
Call-Stack:
#18 \storage\framework\views\40802ae3bb012cd5b6ec0d92996ff9a5.php:13
#20 \vendor\laravel\framework\src\Illuminate\Filesystem\Filesystem.php:124
#21 \vendor\laravel\framework\src\Illuminate\View\Engines\PhpEngine.php:58
#22 \vendor\laravel\framework\src\Illuminate\View\Engines\CompilerEngine.php:72
#23 \vendor\laravel\framework\src\Illuminate\View\View.php:207
#24 \vendor\laravel\framework\src\Illuminate\View\View.php:190
#25 \vendor\laravel\framework\src\Illuminate\View\View.php:159
#26 \storage\framework\views\28fbe8bb14b6b46a285631a55aedf772.php:63
#28 \vendor\laravel\framework\src\Illuminate\Filesystem\Filesystem.php:124
#29 \vendor\laravel\framework\src\Illuminate\View\Engines\PhpEngine.php:58
#30 \vendor\laravel\framework\src\Illuminate\View\Engines\CompilerEngine.php:72
#31 \vendor\laravel\framework\src\Illuminate\View\View.php:207
#32 \vendor\laravel\framework\src\Illuminate\View\View.php:190
#33 \vendor\laravel\framework\src\Illuminate\View\View.php:159
#34 \storage\framework\views\17f3b78bf5b0166a063e3c773a6001e1.php:529
#36 \vendor\laravel\framework\src\Illuminate\Filesystem\Filesystem.php:124
#37 \vendor\laravel\framework\src\Illuminate\View\Engines\PhpEngine.php:58
#38 \vendor\laravel\framework\src\Illuminate\View\Engines\CompilerEngine.php:72
#39 \vendor\laravel\framework\src\Illuminate\View\View.php:207
#40 \vendor\laravel\framework\src\Illuminate\View\View.php:190
#41 \vendor\laravel\framework\src\Illuminate\View\View.php:159
#42 \vendor\laravel\framework\src\Illuminate\Http\Response.php:69
#43 \vendor\laravel\framework\src\Illuminate\Http\Response.php:35
#44 \vendor\laravel\framework\src\Illuminate\Routing\Router.php:918
#45 \vendor\laravel\framework\src\Illuminate\Routing\Router.php:885
#46 \vendor\laravel\framework\src\Illuminate\Routing\Router.php:805
#47 \vendor\laravel\framework\src\Illuminate\Pipeline\Pipeline.php:144
#48 \vendor\barryvdh\laravel-debugbar\src\Middleware\InjectDebugbar.php:66
#49 \vendor\laravel\framework\src\Illuminate\Pipeline\Pipeline.php:183
  
[2025-06-21 18:12:15] local.INFO: Detected N+1 Query  
[2025-06-21 18:12:15] local.INFO: Model: App\Models\Neighborhood
Relation: App\Models\County
Num-Called: 2
Call-Stack:
#18 \storage\framework\views\40802ae3bb012cd5b6ec0d92996ff9a5.php:13
#20 \vendor\laravel\framework\src\Illuminate\Filesystem\Filesystem.php:124
#21 \vendor\laravel\framework\src\Illuminate\View\Engines\PhpEngine.php:58
#22 \vendor\laravel\framework\src\Illuminate\View\Engines\CompilerEngine.php:72
#23 \vendor\laravel\framework\src\Illuminate\View\View.php:207
#24 \vendor\laravel\framework\src\Illuminate\View\View.php:190
#25 \vendor\laravel\framework\src\Illuminate\View\View.php:159
#26 \storage\framework\views\28fbe8bb14b6b46a285631a55aedf772.php:63
#28 \vendor\laravel\framework\src\Illuminate\Filesystem\Filesystem.php:124
#29 \vendor\laravel\framework\src\Illuminate\View\Engines\PhpEngine.php:58
#30 \vendor\laravel\framework\src\Illuminate\View\Engines\CompilerEngine.php:72
#31 \vendor\laravel\framework\src\Illuminate\View\View.php:207
#32 \vendor\laravel\framework\src\Illuminate\View\View.php:190
#33 \vendor\laravel\framework\src\Illuminate\View\View.php:159
#34 \storage\framework\views\3f3b6b54028bfd531465e7f527528cf8.php:79
#36 \vendor\laravel\framework\src\Illuminate\Filesystem\Filesystem.php:124
#37 \vendor\laravel\framework\src\Illuminate\View\Engines\PhpEngine.php:58
#38 \vendor\laravel\framework\src\Illuminate\View\Engines\CompilerEngine.php:72
#39 \vendor\laravel\framework\src\Illuminate\View\View.php:207
#40 \vendor\laravel\framework\src\Illuminate\View\View.php:190
#41 \vendor\laravel\framework\src\Illuminate\View\View.php:159
#42 \vendor\laravel\framework\src\Illuminate\Http\Response.php:69
#43 \vendor\laravel\framework\src\Illuminate\Http\Response.php:35
#44 \vendor\laravel\framework\src\Illuminate\Routing\Router.php:918
#45 \vendor\laravel\framework\src\Illuminate\Routing\Router.php:885
#46 \vendor\laravel\framework\src\Illuminate\Routing\Router.php:805
#47 \vendor\laravel\framework\src\Illuminate\Pipeline\Pipeline.php:144
#48 \vendor\barryvdh\laravel-debugbar\src\Middleware\InjectDebugbar.php:66
#49 \vendor\laravel\framework\src\Illuminate\Pipeline\Pipeline.php:183
  
[2025-06-21 18:20:01] local.INFO: Detected N+1 Query  
[2025-06-21 18:20:01] local.INFO: Model: App\Models\Neighborhood
Relation: App\Models\County
Num-Called: 2
Call-Stack:
#18 \storage\framework\views\40802ae3bb012cd5b6ec0d92996ff9a5.php:13
#20 \vendor\laravel\framework\src\Illuminate\Filesystem\Filesystem.php:124
#21 \vendor\laravel\framework\src\Illuminate\View\Engines\PhpEngine.php:58
#22 \vendor\laravel\framework\src\Illuminate\View\Engines\CompilerEngine.php:72
#23 \vendor\laravel\framework\src\Illuminate\View\View.php:207
#24 \vendor\laravel\framework\src\Illuminate\View\View.php:190
#25 \vendor\laravel\framework\src\Illuminate\View\View.php:159
#26 \storage\framework\views\28fbe8bb14b6b46a285631a55aedf772.php:63
#28 \vendor\laravel\framework\src\Illuminate\Filesystem\Filesystem.php:124
#29 \vendor\laravel\framework\src\Illuminate\View\Engines\PhpEngine.php:58
#30 \vendor\laravel\framework\src\Illuminate\View\Engines\CompilerEngine.php:72
#31 \vendor\laravel\framework\src\Illuminate\View\View.php:207
#32 \vendor\laravel\framework\src\Illuminate\View\View.php:190
#33 \vendor\laravel\framework\src\Illuminate\View\View.php:159
#34 \storage\framework\views\8dd9c54161edf5c41c1dc2c3616e03cf.php:69
#36 \vendor\laravel\framework\src\Illuminate\Filesystem\Filesystem.php:124
#37 \vendor\laravel\framework\src\Illuminate\View\Engines\PhpEngine.php:58
#38 \vendor\laravel\framework\src\Illuminate\View\Engines\CompilerEngine.php:72
#39 \vendor\laravel\framework\src\Illuminate\View\View.php:207
#40 \vendor\laravel\framework\src\Illuminate\View\View.php:190
#41 \vendor\laravel\framework\src\Illuminate\View\View.php:159
#42 \vendor\laravel\framework\src\Illuminate\Http\Response.php:69
#43 \vendor\laravel\framework\src\Illuminate\Http\Response.php:35
#44 \vendor\laravel\framework\src\Illuminate\Routing\Router.php:918
#45 \vendor\laravel\framework\src\Illuminate\Routing\Router.php:885
#46 \vendor\laravel\framework\src\Illuminate\Routing\Router.php:805
#47 \vendor\laravel\framework\src\Illuminate\Pipeline\Pipeline.php:144
#48 \vendor\barryvdh\laravel-debugbar\src\Middleware\InjectDebugbar.php:66
#49 \vendor\laravel\framework\src\Illuminate\Pipeline\Pipeline.php:183
  
[2025-06-21 19:41:38] local.INFO: Detected N+1 Query  
[2025-06-21 19:41:38] local.INFO: Model: App\Models\Neighborhood
Relation: App\Models\County
Num-Called: 2
Call-Stack:
#18 \storage\framework\views\40802ae3bb012cd5b6ec0d92996ff9a5.php:13
#20 \vendor\laravel\framework\src\Illuminate\Filesystem\Filesystem.php:124
#21 \vendor\laravel\framework\src\Illuminate\View\Engines\PhpEngine.php:58
#22 \vendor\laravel\framework\src\Illuminate\View\Engines\CompilerEngine.php:72
#23 \vendor\laravel\framework\src\Illuminate\View\View.php:207
#24 \vendor\laravel\framework\src\Illuminate\View\View.php:190
#25 \vendor\laravel\framework\src\Illuminate\View\View.php:159
#26 \storage\framework\views\28fbe8bb14b6b46a285631a55aedf772.php:63
#28 \vendor\laravel\framework\src\Illuminate\Filesystem\Filesystem.php:124
#29 \vendor\laravel\framework\src\Illuminate\View\Engines\PhpEngine.php:58
#30 \vendor\laravel\framework\src\Illuminate\View\Engines\CompilerEngine.php:72
#31 \vendor\laravel\framework\src\Illuminate\View\View.php:207
#32 \vendor\laravel\framework\src\Illuminate\View\View.php:190
#33 \vendor\laravel\framework\src\Illuminate\View\View.php:159
#34 \storage\framework\views\8dd9c54161edf5c41c1dc2c3616e03cf.php:69
#36 \vendor\laravel\framework\src\Illuminate\Filesystem\Filesystem.php:124
#37 \vendor\laravel\framework\src\Illuminate\View\Engines\PhpEngine.php:58
#38 \vendor\laravel\framework\src\Illuminate\View\Engines\CompilerEngine.php:72
#39 \vendor\laravel\framework\src\Illuminate\View\View.php:207
#40 \vendor\laravel\framework\src\Illuminate\View\View.php:190
#41 \vendor\laravel\framework\src\Illuminate\View\View.php:159
#42 \vendor\laravel\framework\src\Illuminate\Http\Response.php:69
#43 \vendor\laravel\framework\src\Illuminate\Http\Response.php:35
#44 \vendor\laravel\framework\src\Illuminate\Routing\Router.php:918
#45 \vendor\laravel\framework\src\Illuminate\Routing\Router.php:885
#46 \vendor\laravel\framework\src\Illuminate\Routing\Router.php:805
#47 \vendor\laravel\framework\src\Illuminate\Pipeline\Pipeline.php:144
#48 \vendor\barryvdh\laravel-debugbar\src\Middleware\InjectDebugbar.php:66
#49 \vendor\laravel\framework\src\Illuminate\Pipeline\Pipeline.php:183
  
[2025-06-21 20:14:22] local.INFO: Detected N+1 Query  
[2025-06-21 20:14:22] local.INFO: Model: App\Models\Neighborhood
Relation: App\Models\County
Num-Called: 2
Call-Stack:
#18 \storage\framework\views\40802ae3bb012cd5b6ec0d92996ff9a5.php:13
#20 \vendor\laravel\framework\src\Illuminate\Filesystem\Filesystem.php:124
#21 \vendor\laravel\framework\src\Illuminate\View\Engines\PhpEngine.php:58
#22 \vendor\laravel\framework\src\Illuminate\View\Engines\CompilerEngine.php:72
#23 \vendor\laravel\framework\src\Illuminate\View\View.php:207
#24 \vendor\laravel\framework\src\Illuminate\View\View.php:190
#25 \vendor\laravel\framework\src\Illuminate\View\View.php:159
#26 \storage\framework\views\28fbe8bb14b6b46a285631a55aedf772.php:63
#28 \vendor\laravel\framework\src\Illuminate\Filesystem\Filesystem.php:124
#29 \vendor\laravel\framework\src\Illuminate\View\Engines\PhpEngine.php:58
#30 \vendor\laravel\framework\src\Illuminate\View\Engines\CompilerEngine.php:72
#31 \vendor\laravel\framework\src\Illuminate\View\View.php:207
#32 \vendor\laravel\framework\src\Illuminate\View\View.php:190
#33 \vendor\laravel\framework\src\Illuminate\View\View.php:159
#34 \storage\framework\views\3f3b6b54028bfd531465e7f527528cf8.php:79
#36 \vendor\laravel\framework\src\Illuminate\Filesystem\Filesystem.php:124
#37 \vendor\laravel\framework\src\Illuminate\View\Engines\PhpEngine.php:58
#38 \vendor\laravel\framework\src\Illuminate\View\Engines\CompilerEngine.php:72
#39 \vendor\laravel\framework\src\Illuminate\View\View.php:207
#40 \vendor\laravel\framework\src\Illuminate\View\View.php:190
#41 \vendor\laravel\framework\src\Illuminate\View\View.php:159
#42 \vendor\laravel\framework\src\Illuminate\Http\Response.php:69
#43 \vendor\laravel\framework\src\Illuminate\Http\Response.php:35
#44 \vendor\laravel\framework\src\Illuminate\Routing\Router.php:918
#45 \vendor\laravel\framework\src\Illuminate\Routing\Router.php:885
#46 \vendor\laravel\framework\src\Illuminate\Routing\Router.php:805
#47 \vendor\laravel\framework\src\Illuminate\Pipeline\Pipeline.php:144
#48 \vendor\barryvdh\laravel-debugbar\src\Middleware\InjectDebugbar.php:66
#49 \vendor\laravel\framework\src\Illuminate\Pipeline\Pipeline.php:183
  
[2025-06-21 20:20:27] local.INFO: Detected N+1 Query  
[2025-06-21 20:20:27] local.INFO: Model: App\Models\Neighborhood
Relation: App\Models\County
Num-Called: 2
Call-Stack:
#18 \storage\framework\views\40802ae3bb012cd5b6ec0d92996ff9a5.php:13
#20 \vendor\laravel\framework\src\Illuminate\Filesystem\Filesystem.php:124
#21 \vendor\laravel\framework\src\Illuminate\View\Engines\PhpEngine.php:58
#22 \vendor\laravel\framework\src\Illuminate\View\Engines\CompilerEngine.php:72
#23 \vendor\laravel\framework\src\Illuminate\View\View.php:207
#24 \vendor\laravel\framework\src\Illuminate\View\View.php:190
#25 \vendor\laravel\framework\src\Illuminate\View\View.php:159
#26 \storage\framework\views\28fbe8bb14b6b46a285631a55aedf772.php:63
#28 \vendor\laravel\framework\src\Illuminate\Filesystem\Filesystem.php:124
#29 \vendor\laravel\framework\src\Illuminate\View\Engines\PhpEngine.php:58
#30 \vendor\laravel\framework\src\Illuminate\View\Engines\CompilerEngine.php:72
#31 \vendor\laravel\framework\src\Illuminate\View\View.php:207
#32 \vendor\laravel\framework\src\Illuminate\View\View.php:190
#33 \vendor\laravel\framework\src\Illuminate\View\View.php:159
#34 \storage\framework\views\3f3b6b54028bfd531465e7f527528cf8.php:79
#36 \vendor\laravel\framework\src\Illuminate\Filesystem\Filesystem.php:124
#37 \vendor\laravel\framework\src\Illuminate\View\Engines\PhpEngine.php:58
#38 \vendor\laravel\framework\src\Illuminate\View\Engines\CompilerEngine.php:72
#39 \vendor\laravel\framework\src\Illuminate\View\View.php:207
#40 \vendor\laravel\framework\src\Illuminate\View\View.php:190
#41 \vendor\laravel\framework\src\Illuminate\View\View.php:159
#42 \vendor\laravel\framework\src\Illuminate\Http\Response.php:69
#43 \vendor\laravel\framework\src\Illuminate\Http\Response.php:35
#44 \vendor\laravel\framework\src\Illuminate\Routing\Router.php:918
#45 \vendor\laravel\framework\src\Illuminate\Routing\Router.php:885
#46 \vendor\laravel\framework\src\Illuminate\Routing\Router.php:805
#47 \vendor\laravel\framework\src\Illuminate\Pipeline\Pipeline.php:144
#48 \vendor\barryvdh\laravel-debugbar\src\Middleware\InjectDebugbar.php:66
#49 \vendor\laravel\framework\src\Illuminate\Pipeline\Pipeline.php:183
  
[2025-06-21 20:31:55] local.INFO: Detected N+1 Query  
[2025-06-21 20:31:55] local.INFO: Model: App\Models\Neighborhood
Relation: App\Models\County
Num-Called: 2
Call-Stack:
#18 \storage\framework\views\40802ae3bb012cd5b6ec0d92996ff9a5.php:13
#20 \vendor\laravel\framework\src\Illuminate\Filesystem\Filesystem.php:124
#21 \vendor\laravel\framework\src\Illuminate\View\Engines\PhpEngine.php:58
#22 \vendor\laravel\framework\src\Illuminate\View\Engines\CompilerEngine.php:72
#23 \vendor\laravel\framework\src\Illuminate\View\View.php:207
#24 \vendor\laravel\framework\src\Illuminate\View\View.php:190
#25 \vendor\laravel\framework\src\Illuminate\View\View.php:159
#26 \storage\framework\views\28fbe8bb14b6b46a285631a55aedf772.php:63
#28 \vendor\laravel\framework\src\Illuminate\Filesystem\Filesystem.php:124
#29 \vendor\laravel\framework\src\Illuminate\View\Engines\PhpEngine.php:58
#30 \vendor\laravel\framework\src\Illuminate\View\Engines\CompilerEngine.php:72
#31 \vendor\laravel\framework\src\Illuminate\View\View.php:207
#32 \vendor\laravel\framework\src\Illuminate\View\View.php:190
#33 \vendor\laravel\framework\src\Illuminate\View\View.php:159
#34 \storage\framework\views\3f3b6b54028bfd531465e7f527528cf8.php:79
#36 \vendor\laravel\framework\src\Illuminate\Filesystem\Filesystem.php:124
#37 \vendor\laravel\framework\src\Illuminate\View\Engines\PhpEngine.php:58
#38 \vendor\laravel\framework\src\Illuminate\View\Engines\CompilerEngine.php:72
#39 \vendor\laravel\framework\src\Illuminate\View\View.php:207
#40 \vendor\laravel\framework\src\Illuminate\View\View.php:190
#41 \vendor\laravel\framework\src\Illuminate\View\View.php:159
#42 \vendor\laravel\framework\src\Illuminate\Http\Response.php:69
#43 \vendor\laravel\framework\src\Illuminate\Http\Response.php:35
#44 \vendor\laravel\framework\src\Illuminate\Routing\Router.php:918
#45 \vendor\laravel\framework\src\Illuminate\Routing\Router.php:885
#46 \vendor\laravel\framework\src\Illuminate\Routing\Router.php:805
#47 \vendor\laravel\framework\src\Illuminate\Pipeline\Pipeline.php:144
#48 \vendor\barryvdh\laravel-debugbar\src\Middleware\InjectDebugbar.php:66
#49 \vendor\laravel\framework\src\Illuminate\Pipeline\Pipeline.php:183
  
[2025-06-21 20:31:56] local.INFO: Detected N+1 Query  
[2025-06-21 20:31:56] local.INFO: Model: App\Models\Neighborhood
Relation: App\Models\County
Num-Called: 2
Call-Stack:
#18 \storage\framework\views\40802ae3bb012cd5b6ec0d92996ff9a5.php:13
#20 \vendor\laravel\framework\src\Illuminate\Filesystem\Filesystem.php:124
#21 \vendor\laravel\framework\src\Illuminate\View\Engines\PhpEngine.php:58
#22 \vendor\laravel\framework\src\Illuminate\View\Engines\CompilerEngine.php:72
#23 \vendor\laravel\framework\src\Illuminate\View\View.php:207
#24 \vendor\laravel\framework\src\Illuminate\View\View.php:190
#25 \vendor\laravel\framework\src\Illuminate\View\View.php:159
#26 \storage\framework\views\28fbe8bb14b6b46a285631a55aedf772.php:63
#28 \vendor\laravel\framework\src\Illuminate\Filesystem\Filesystem.php:124
#29 \vendor\laravel\framework\src\Illuminate\View\Engines\PhpEngine.php:58
#30 \vendor\laravel\framework\src\Illuminate\View\Engines\CompilerEngine.php:72
#31 \vendor\laravel\framework\src\Illuminate\View\View.php:207
#32 \vendor\laravel\framework\src\Illuminate\View\View.php:190
#33 \vendor\laravel\framework\src\Illuminate\View\View.php:159
#34 \storage\framework\views\3f3b6b54028bfd531465e7f527528cf8.php:79
#36 \vendor\laravel\framework\src\Illuminate\Filesystem\Filesystem.php:124
#37 \vendor\laravel\framework\src\Illuminate\View\Engines\PhpEngine.php:58
#38 \vendor\laravel\framework\src\Illuminate\View\Engines\CompilerEngine.php:72
#39 \vendor\laravel\framework\src\Illuminate\View\View.php:207
#40 \vendor\laravel\framework\src\Illuminate\View\View.php:190
#41 \vendor\laravel\framework\src\Illuminate\View\View.php:159
#42 \vendor\laravel\framework\src\Illuminate\Http\Response.php:69
#43 \vendor\laravel\framework\src\Illuminate\Http\Response.php:35
#44 \vendor\laravel\framework\src\Illuminate\Routing\Router.php:918
#45 \vendor\laravel\framework\src\Illuminate\Routing\Router.php:885
#46 \vendor\laravel\framework\src\Illuminate\Routing\Router.php:805
#47 \vendor\laravel\framework\src\Illuminate\Pipeline\Pipeline.php:144
#48 \vendor\barryvdh\laravel-debugbar\src\Middleware\InjectDebugbar.php:66
#49 \vendor\laravel\framework\src\Illuminate\Pipeline\Pipeline.php:183
  
[2025-06-21 20:42:31] local.INFO: Detected N+1 Query  
[2025-06-21 20:42:31] local.INFO: Model: App\Models\Building
Relation: neighborhood
Num-Called: 12
Call-Stack:
#19 \app\Http\Helpers\helpers.php:758
#22 \vendor\laravel\framework\src\Illuminate\Filesystem\Filesystem.php:124
#23 \vendor\laravel\framework\src\Illuminate\View\Engines\PhpEngine.php:58
#24 \vendor\laravel\framework\src\Illuminate\View\Engines\CompilerEngine.php:72
#25 \vendor\laravel\framework\src\Illuminate\View\View.php:207
#26 \vendor\laravel\framework\src\Illuminate\View\View.php:190
#27 \vendor\laravel\framework\src\Illuminate\View\View.php:159
#28 \storage\framework\views\28fbe8bb14b6b46a285631a55aedf772.php:59
#30 \vendor\laravel\framework\src\Illuminate\Filesystem\Filesystem.php:124
#31 \vendor\laravel\framework\src\Illuminate\View\Engines\PhpEngine.php:58
#32 \vendor\laravel\framework\src\Illuminate\View\Engines\CompilerEngine.php:72
#33 \vendor\laravel\framework\src\Illuminate\View\View.php:207
#34 \vendor\laravel\framework\src\Illuminate\View\View.php:190
#35 \vendor\laravel\framework\src\Illuminate\View\View.php:159
#36 \storage\framework\views\3f3b6b54028bfd531465e7f527528cf8.php:79
#38 \vendor\laravel\framework\src\Illuminate\Filesystem\Filesystem.php:124
#39 \vendor\laravel\framework\src\Illuminate\View\Engines\PhpEngine.php:58
#40 \vendor\laravel\framework\src\Illuminate\View\Engines\CompilerEngine.php:72
#41 \vendor\laravel\framework\src\Illuminate\View\View.php:207
#42 \vendor\laravel\framework\src\Illuminate\View\View.php:190
#43 \vendor\laravel\framework\src\Illuminate\View\View.php:159
#44 \vendor\laravel\framework\src\Illuminate\Http\Response.php:69
#45 \vendor\laravel\framework\src\Illuminate\Http\Response.php:35
#46 \vendor\laravel\framework\src\Illuminate\Routing\Router.php:918
#47 \vendor\laravel\framework\src\Illuminate\Routing\Router.php:885
#48 \vendor\laravel\framework\src\Illuminate\Routing\Router.php:805
#49 \vendor\laravel\framework\src\Illuminate\Pipeline\Pipeline.php:144
  
[2025-06-21 20:42:31] local.INFO: Model: App\Models\Neighborhood
Relation: county
Num-Called: 12
Call-Stack:
#19 \app\Http\Helpers\helpers.php:758
#22 \vendor\laravel\framework\src\Illuminate\Filesystem\Filesystem.php:124
#23 \vendor\laravel\framework\src\Illuminate\View\Engines\PhpEngine.php:58
#24 \vendor\laravel\framework\src\Illuminate\View\Engines\CompilerEngine.php:72
#25 \vendor\laravel\framework\src\Illuminate\View\View.php:207
#26 \vendor\laravel\framework\src\Illuminate\View\View.php:190
#27 \vendor\laravel\framework\src\Illuminate\View\View.php:159
#28 \storage\framework\views\28fbe8bb14b6b46a285631a55aedf772.php:59
#30 \vendor\laravel\framework\src\Illuminate\Filesystem\Filesystem.php:124
#31 \vendor\laravel\framework\src\Illuminate\View\Engines\PhpEngine.php:58
#32 \vendor\laravel\framework\src\Illuminate\View\Engines\CompilerEngine.php:72
#33 \vendor\laravel\framework\src\Illuminate\View\View.php:207
#34 \vendor\laravel\framework\src\Illuminate\View\View.php:190
#35 \vendor\laravel\framework\src\Illuminate\View\View.php:159
#36 \storage\framework\views\3f3b6b54028bfd531465e7f527528cf8.php:79
#38 \vendor\laravel\framework\src\Illuminate\Filesystem\Filesystem.php:124
#39 \vendor\laravel\framework\src\Illuminate\View\Engines\PhpEngine.php:58
#40 \vendor\laravel\framework\src\Illuminate\View\Engines\CompilerEngine.php:72
#41 \vendor\laravel\framework\src\Illuminate\View\View.php:207
#42 \vendor\laravel\framework\src\Illuminate\View\View.php:190
#43 \vendor\laravel\framework\src\Illuminate\View\View.php:159
#44 \vendor\laravel\framework\src\Illuminate\Http\Response.php:69
#45 \vendor\laravel\framework\src\Illuminate\Http\Response.php:35
#46 \vendor\laravel\framework\src\Illuminate\Routing\Router.php:918
#47 \vendor\laravel\framework\src\Illuminate\Routing\Router.php:885
#48 \vendor\laravel\framework\src\Illuminate\Routing\Router.php:805
#49 \vendor\laravel\framework\src\Illuminate\Pipeline\Pipeline.php:144
  
[2025-06-21 20:43:51] local.INFO: Detected N+1 Query  
[2025-06-21 20:43:51] local.INFO: Model: App\Models\Neighborhood
Relation: App\Models\County
Num-Called: 2
Call-Stack:
#18 \storage\framework\views\40802ae3bb012cd5b6ec0d92996ff9a5.php:13
#20 \vendor\laravel\framework\src\Illuminate\Filesystem\Filesystem.php:124
#21 \vendor\laravel\framework\src\Illuminate\View\Engines\PhpEngine.php:58
#22 \vendor\laravel\framework\src\Illuminate\View\Engines\CompilerEngine.php:72
#23 \vendor\laravel\framework\src\Illuminate\View\View.php:207
#24 \vendor\laravel\framework\src\Illuminate\View\View.php:190
#25 \vendor\laravel\framework\src\Illuminate\View\View.php:159
#26 \storage\framework\views\28fbe8bb14b6b46a285631a55aedf772.php:63
#28 \vendor\laravel\framework\src\Illuminate\Filesystem\Filesystem.php:124
#29 \vendor\laravel\framework\src\Illuminate\View\Engines\PhpEngine.php:58
#30 \vendor\laravel\framework\src\Illuminate\View\Engines\CompilerEngine.php:72
#31 \vendor\laravel\framework\src\Illuminate\View\View.php:207
#32 \vendor\laravel\framework\src\Illuminate\View\View.php:190
#33 \vendor\laravel\framework\src\Illuminate\View\View.php:159
#34 \storage\framework\views\3f3b6b54028bfd531465e7f527528cf8.php:79
#36 \vendor\laravel\framework\src\Illuminate\Filesystem\Filesystem.php:124
#37 \vendor\laravel\framework\src\Illuminate\View\Engines\PhpEngine.php:58
#38 \vendor\laravel\framework\src\Illuminate\View\Engines\CompilerEngine.php:72
#39 \vendor\laravel\framework\src\Illuminate\View\View.php:207
#40 \vendor\laravel\framework\src\Illuminate\View\View.php:190
#41 \vendor\laravel\framework\src\Illuminate\View\View.php:159
#42 \vendor\laravel\framework\src\Illuminate\Http\Response.php:69
#43 \vendor\laravel\framework\src\Illuminate\Http\Response.php:35
#44 \vendor\laravel\framework\src\Illuminate\Routing\Router.php:918
#45 \vendor\laravel\framework\src\Illuminate\Routing\Router.php:885
#46 \vendor\laravel\framework\src\Illuminate\Routing\Router.php:805
#47 \vendor\laravel\framework\src\Illuminate\Pipeline\Pipeline.php:144
#48 \vendor\barryvdh\laravel-debugbar\src\Middleware\InjectDebugbar.php:66
#49 \vendor\laravel\framework\src\Illuminate\Pipeline\Pipeline.php:183
  
