
   INFO  Server running on [http://127.0.0.1:8000].  

  Press Ctrl+C to stop the server

   WARN  PHP Warning: require_once(C:\Users\eddus\Documents\condoImage\_\httpdocs\staging\application\public/index.php): Failed to open stream: No such file or directory in C:\Users\eddus\Documents\condoImage\_\httpdocs\staging\application\vendor\laravel\framework\src\Illuminate\Foundation\resources\server.php on line 16.  

   WARN  PHP Fatal error: Uncaught Error: Failed opening required 'C:\Users\eddus\Documents\condoImage\_\httpdocs\staging\application\public/index.php' (include_path='.;C:\php\pear') in C:\Users\eddus\Documents\condoImage\_\httpdocs\staging\application\vendor\laravel\framework\src\Illuminate\Foundation\resources\server.php:16.  

   WARN  Stack trace:  

   WARN  #0 {main}.  

   WARN  thrown in C:\Users\eddus\Documents\condoImage\_\httpdocs\staging\application\vendor\laravel\framework\src\Illuminate\Foundation\resources\server.php on line 16.  

  2025-09-23 01:28:12 ........................................................................................... ~ 0s

   WARN  PHP Warning: require_once(C:\Users\eddus\Documents\condoImage\_\httpdocs\staging\application\public/index.php): Failed to open stream: No such file or directory in C:\Users\eddus\Documents\condoImage\_\httpdocs\staging\application\vendor\laravel\framework\src\Illuminate\Foundation\resources\server.php on line 16.  

   WARN  PHP Fatal error: Uncaught Error: Failed opening required 'C:\Users\eddus\Documents\condoImage\_\httpdocs\staging\application\public/index.php' (include_path='.;C:\php\pear') in C:\Users\eddus\Documents\condoImage\_\httpdocs\staging\application\vendor\laravel\framework\src\Illuminate\Foundation\resources\server.php:16.  

   WARN  Stack trace:  

   WARN  #0 {main}.  

   WARN  thrown in C:\Users\eddus\Documents\condoImage\_\httpdocs\staging\application\vendor\laravel\framework\src\Illuminate\Foundation\resources\server.php on line 16.  

  2025-09-23 01:29:27 ........................................................................................... ~ 0s

   WARN  PHP Warning: require_once(C:\Users\eddus\Documents\condoImage\_\httpdocs\staging\application\public/index.php): Failed to open stream: No such file or directory in C:\Users\eddus\Documents\condoImage\_\httpdocs\staging\application\vendor\laravel\framework\src\Illuminate\Foundation\resources\server.php on line 16.  

   WARN  PHP Fatal error: Uncaught Error: Failed opening required 'C:\Users\eddus\Documents\condoImage\_\httpdocs\staging\application\public/index.php' (include_path='.;C:\php\pear') in C:\Users\eddus\Documents\condoImage\_\httpdocs\staging\application\vendor\laravel\framework\src\Illuminate\Foundation\resources\server.php:16.  

   WARN  Stack trace:  

   WARN  #0 {main}.  

   WARN  thrown in C:\Users\eddus\Documents\condoImage\_\httpdocs\staging\application\vendor\laravel\framework\src\Illuminate\Foundation\resources\server.php on line 16.  

  2025-09-23 01:29:34 ........................................................................................... ~ 0s
